CASE #1: 
Sunstrike
EMP
EMP
Alacrity
Chaos Meteor
Tornado
Sunstrike
Ice Wall
Sunstrike
Ice Wall
Ghost Walk
Chaos Meteor
Forge Spirit
Ice Wall
Ghost Walk
Chaos Meteor
Tornado
EMP
Forge Spirit
Alacrity
Ghost Walk
EMP
Forge Spirit
Ice Wall
Ice Wall
Cold Snap
EMP
Alacrity
Alacrity
Chaos Meteor
Tornado
Forge Spirit
Alacrity
Chaos Meteor
Ice Wall
Ghost Walk
Ghost Walk
Forge Spirit
Chaos Meteor
Forge Spirit
Forge Spirit
Alacrity
Ghost Walk
Ghost Walk
Alacrity
Tornado
Forge Spirit
EMP
Alacrity
Chaos Meteor
Forge Spirit
Chaos Meteor
Chaos Meteor
Chaos Meteor
EMP
EMP
Ghost Walk
Ice Wall
Ghost Walk
Forge Spirit
EMP
EMP
EMP
Ghost Walk
EMP
EMP
Ice Wall
Sunstrike
Forge Spirit
CASE #2: 
Chaos Meteor
EMP
EMP
Cold Snap
Ghost Walk
Alacrity
Forge Spirit
Forge Spirit
EMP
Alacrity
Chaos Meteor
EMP
EMP
Forge Spirit
Chaos Meteor
Chaos Meteor
Chaos Meteor
Forge Spirit
EMP
Ghost Walk
Cold Snap
Chaos Meteor
Tornado
Alacrity
EMP
EMP
EMP
EMP
EMP
Ice Wall
Tornado
Ghost Walk
EMP
Ice Wall
Alacrity
Forge Spirit
EMP
EMP
Forge Spirit
EMP
Ice Wall
EMP
Tornado
Ghost Walk
Alacrity
EMP
Ghost Walk
EMP
Cold Snap
EMP
EMP
Ice Wall
Tornado
EMP
EMP
Tornado
Sunstrike
Ice Wall
CASE #3: 
Alacrity
Alacrity
Alacrity
EMP
Chaos Meteor
Ghost Walk
EMP
Ice Wall
Alacrity
Chaos Meteor
Chaos Meteor
EMP
Ghost Walk
Ghost Walk
EMP
EMP
Alacrity
EMP
Tornado
Chaos Meteor
Forge Spirit
EMP
Tornado
Alacrity
Chaos Meteor
Forge Spirit
Ghost Walk
Sunstrike
EMP
Tornado
Chaos Meteor
Chaos Meteor
Cold Snap
Ice Wall
Ghost Walk
EMP
EMP
Forge Spirit
Ice Wall
EMP
Ghost Walk
Tornado
Ice Wall
Cold Snap
EMP
Ghost Walk
Forge Spirit
Ghost Walk
Ghost Walk
EMP
Cold Snap
Ice Wall
Chaos Meteor
Ghost Walk
EMP
Alacrity
EMP
EMP
EMP
EMP
EMP
Alacrity
EMP
EMP
Alacrity
Alacrity
EMP
Ghost Walk
EMP
EMP
Ice Wall
Alacrity
Alacrity
Chaos Meteor
Ghost Walk
Alacrity
Alacrity
Ghost Walk
EMP
Alacrity
EMP
Tornado
EMP
Ice Wall
Alacrity
Ice Wall
Cold Snap
Sunstrike
Ghost Walk
Forge Spirit
Tornado
Forge Spirit
Forge Spirit
EMP
Chaos Meteor
Ghost Walk
EMP
Tornado
Chaos Meteor
CASE #4: 
Ice Wall
EMP
Forge Spirit
Chaos Meteor
Chaos Meteor
Alacrity
Alacrity
EMP
Chaos Meteor
Ghost Walk
Ice Wall
Ice Wall
Chaos Meteor
Forge Spirit
Chaos Meteor
EMP
Sunstrike
Ice Wall
Sunstrike
Sunstrike
Alacrity
Tornado
EMP
Ghost Walk
EMP
Ghost Walk
EMP
Cold Snap
Ghost Walk
Sunstrike
Alacrity
EMP
Ghost Walk
Tornado
Cold Snap
Ice Wall
Chaos Meteor
Chaos Meteor
Tornado
Chaos Meteor
Tornado
EMP
Alacrity
EMP
Forge Spirit
Ice Wall
EMP
EMP
Sunstrike
Chaos Meteor
Sunstrike
Ghost Walk
EMP
Chaos Meteor
EMP
Chaos Meteor
EMP
Alacrity
Forge Spirit
Forge Spirit
Chaos Meteor
Alacrity
Cold Snap
Ghost Walk
EMP
Chaos Meteor
Ice Wall
Chaos Meteor
Ghost Walk
Ice Wall
EMP
EMP
Tornado
EMP
EMP
EMP
Alacrity
Ice Wall
CASE #5: 
Alacrity
Ghost Walk
Chaos Meteor
Forge Spirit
Ice Wall
Chaos Meteor
Forge Spirit
EMP
Ice Wall
Alacrity
Sunstrike
Ghost Walk
Alacrity
Ice Wall
EMP
Forge Spirit
Alacrity
Ghost Walk
Tornado
Sunstrike
EMP
Alacrity
Tornado
Forge Spirit
Ice Wall
EMP
Alacrity
Forge Spirit
Tornado
EMP
Ice Wall
Ghost Walk
EMP
Alacrity
CASE #6: 
EMP
EMP
Tornado
EMP
EMP
Chaos Meteor
Ghost Walk
Ghost Walk
Ghost Walk
Forge Spirit
Ice Wall
Tornado
Cold Snap
CASE #7: 
Chaos Meteor
Alacrity
Chaos Meteor
Chaos Meteor
EMP
Chaos Meteor
Tornado
EMP
Cold Snap
EMP
Sunstrike
Forge Spirit
Ghost Walk
Alacrity
EMP
Alacrity
Tornado
Ice Wall
Chaos Meteor
Chaos Meteor
Tornado
EMP
Alacrity
Ghost Walk
EMP
CASE #8: 
EMP
EMP
EMP
Chaos Meteor
EMP
Ghost Walk
EMP
Forge Spirit
Chaos Meteor
EMP
Ghost Walk
Tornado
Tornado
Alacrity
Ice Wall
Alacrity
Sunstrike
Sunstrike
EMP
Ghost Walk
Alacrity
EMP
EMP
EMP
Ghost Walk
EMP
Chaos Meteor
Chaos Meteor
Cold Snap
Ghost Walk
Alacrity
EMP
Ghost Walk
Ice Wall
Ghost Walk
Ice Wall
EMP
EMP
EMP
Ghost Walk
Cold Snap
Forge Spirit
EMP
Chaos Meteor
Forge Spirit
Ice Wall
Ghost Walk
EMP
Chaos Meteor
Chaos Meteor
Forge Spirit
Ice Wall
Chaos Meteor
Tornado
EMP
Tornado
Tornado
EMP
Ice Wall
Ice Wall
Chaos Meteor
Ice Wall
EMP
Sunstrike
Tornado
EMP
EMP
Tornado
Forge Spirit
Sunstrike
Chaos Meteor
Sunstrike
Sunstrike
Alacrity
Ghost Walk
Alacrity
Cold Snap
Forge Spirit
Chaos Meteor
Tornado
EMP
Cold Snap
Chaos Meteor
Ghost Walk
EMP
Forge Spirit
Forge Spirit
Chaos Meteor
EMP
Chaos Meteor
EMP
CASE #9: 
EMP
Alacrity
Chaos Meteor
Ice Wall
Tornado
Tornado
Forge Spirit
Tornado
Tornado
Alacrity
Sunstrike
Ghost Walk
Ghost Walk
Ghost Walk
EMP
Cold Snap
Alacrity
Forge Spirit
EMP
Forge Spirit
CASE #10: 
EMP
Chaos Meteor
Alacrity
EMP
Cold Snap
Chaos Meteor
Alacrity
Alacrity
EMP
EMP
Chaos Meteor
Ghost Walk
Ice Wall
EMP
Alacrity
Forge Spirit
Ghost Walk
Ghost Walk
Sunstrike
Ice Wall
Chaos Meteor
Forge Spirit
Ghost Walk
EMP
Alacrity
Forge Spirit
EMP
Sunstrike
Ghost Walk
Ice Wall
Ice Wall
EMP
Alacrity
Ghost Walk
EMP
Sunstrike
EMP
EMP
Tornado
EMP
EMP
Alacrity
Chaos Meteor
Tornado
EMP
EMP
Chaos Meteor
Ice Wall
EMP
Chaos Meteor
Ice Wall
Ice Wall
Tornado
Chaos Meteor
EMP
CASE #11: 
Alacrity
Forge Spirit
EMP
EMP
Alacrity
EMP
EMP
Chaos Meteor
Sunstrike
Forge Spirit
EMP
Tornado
Ice Wall
Ice Wall
CASE #12: 
Tornado
Tornado
Ghost Walk
EMP
Alacrity
Ghost Walk
EMP
Chaos Meteor
Cold Snap
Forge Spirit
Tornado
Forge Spirit
Tornado
Tornado
Ghost Walk
Forge Spirit
EMP
Forge Spirit
EMP
Tornado
Sunstrike
Ghost Walk
EMP
Forge Spirit
Tornado
Forge Spirit
Ice Wall
Forge Spirit
Alacrity
Forge Spirit
Chaos Meteor
Ghost Walk
Ghost Walk
EMP
Chaos Meteor
EMP
Sunstrike
Tornado
Ghost Walk
Ice Wall
EMP
Ghost Walk
Ice Wall
Tornado
Chaos Meteor
EMP
Ghost Walk
EMP
Ice Wall
Alacrity
EMP
EMP
Alacrity
Chaos Meteor
Forge Spirit
Forge Spirit
Ghost Walk
EMP
CASE #13: 
Alacrity
Chaos Meteor
Ghost Walk
EMP
EMP
Alacrity
Alacrity
Tornado
Ice Wall
Forge Spirit
Forge Spirit
Alacrity
EMP
Ghost Walk
Ice Wall
Sunstrike
EMP
Tornado
Forge Spirit
Forge Spirit
Ice Wall
Chaos Meteor
Sunstrike
EMP
Ghost Walk
EMP
Chaos Meteor
EMP
Alacrity
Forge Spirit
Chaos Meteor
Ice Wall
Tornado
Alacrity
EMP
Alacrity
Alacrity
Forge Spirit
Forge Spirit
Tornado
Forge Spirit
Tornado
Ghost Walk
Forge Spirit
Tornado
Ghost Walk
EMP
EMP
Ghost Walk
Cold Snap
Tornado
EMP
Ghost Walk
EMP
Cold Snap
Ice Wall
EMP
Tornado
Ghost Walk
Tornado
EMP
EMP
EMP
Tornado
Ghost Walk
Ice Wall
Ghost Walk
EMP
Ice Wall
Cold Snap
Chaos Meteor
Chaos Meteor
Tornado
Ice Wall
Chaos Meteor
Ice Wall
Cold Snap
Alacrity
Forge Spirit
Alacrity
EMP
Cold Snap
Chaos Meteor
Ghost Walk
Forge Spirit
Ice Wall
Forge Spirit
EMP
Ghost Walk
Tornado
Ghost Walk
EMP
Alacrity
Ice Wall
Forge Spirit
CASE #14: 
EMP
Ghost Walk
EMP
Tornado
EMP
EMP
Alacrity
Chaos Meteor
Chaos Meteor
Chaos Meteor
EMP
Alacrity
Alacrity
Chaos Meteor
EMP
Tornado
Alacrity
EMP
Alacrity
Ice Wall
EMP
Alacrity
Alacrity
Ice Wall
Chaos Meteor
Alacrity
CASE #15: 
Tornado
Alacrity
Tornado
Tornado
Chaos Meteor
EMP
Alacrity
Chaos Meteor
EMP
Forge Spirit
Tornado
Chaos Meteor
Ice Wall
EMP
Ice Wall
EMP
Ice Wall
Chaos Meteor
Ghost Walk
Chaos Meteor
EMP
Ice Wall
Chaos Meteor
Chaos Meteor
Forge Spirit
Forge Spirit
Tornado
Alacrity
Forge Spirit
Chaos Meteor
EMP
Ice Wall
Alacrity
Forge Spirit
Alacrity
Forge Spirit
EMP
EMP
Forge Spirit
EMP
Tornado
EMP
Ice Wall
EMP
Chaos Meteor
EMP
Forge Spirit
Forge Spirit
Alacrity
Chaos Meteor
Forge Spirit
Chaos Meteor
EMP
Tornado
Chaos Meteor
Cold Snap
EMP
Ghost Walk
Tornado
Chaos Meteor
Tornado
Forge Spirit
Tornado
EMP
EMP
Ice Wall
EMP
EMP
EMP
Ghost Walk
Ice Wall
EMP
Cold Snap
Alacrity
Chaos Meteor
Chaos Meteor
Forge Spirit
Forge Spirit
Forge Spirit
Ice Wall
Forge Spirit
EMP
Alacrity
Ice Wall
Sunstrike
Tornado
EMP
Chaos Meteor
Sunstrike
Alacrity
Ice Wall
EMP
CASE #16: 
Ice Wall
EMP
Alacrity
EMP
Tornado
EMP
Ice Wall
EMP
Tornado
CASE #17: 
Tornado
Sunstrike
Forge Spirit
Ice Wall
EMP
Tornado
Tornado
EMP
Chaos Meteor
EMP
Forge Spirit
EMP
Ghost Walk
Forge Spirit
EMP
Tornado
Alacrity
Forge Spirit
Tornado
EMP
Forge Spirit
Alacrity
EMP
Alacrity
Forge Spirit
Sunstrike
Ghost Walk
Forge Spirit
Tornado
EMP
Ice Wall
Chaos Meteor
Alacrity
Chaos Meteor
Chaos Meteor
Ice Wall
Sunstrike
Alacrity
EMP
Alacrity
Forge Spirit
EMP
Ice Wall
Forge Spirit
Tornado
EMP
Ice Wall
Tornado
EMP
Cold Snap
Ice Wall
Forge Spirit
EMP
EMP
Ice Wall
EMP
Chaos Meteor
EMP
Ghost Walk
EMP
Chaos Meteor
Tornado
EMP
Ghost Walk
CASE #18: 
Alacrity
Tornado
Chaos Meteor
Tornado
EMP
Forge Spirit
Tornado
EMP
EMP
Alacrity
Alacrity
Forge Spirit
Alacrity
Alacrity
Alacrity
Cold Snap
Cold Snap
Forge Spirit
Forge Spirit
EMP
Forge Spirit
Cold Snap
EMP
Sunstrike
Tornado
Tornado
Forge Spirit
Tornado
Forge Spirit
Tornado
Chaos Meteor
Cold Snap
Alacrity
Ghost Walk
Ghost Walk
Forge Spirit
EMP
Forge Spirit
EMP
Alacrity
Ice Wall
Forge Spirit
Tornado
Tornado
Ice Wall
Alacrity
Alacrity
Ice Wall
Ice Wall
EMP
Forge Spirit
Sunstrike
Ghost Walk
Ice Wall
EMP
Alacrity
EMP
EMP
CASE #19: 
Alacrity
Ice Wall
Ghost Walk
Cold Snap
Ghost Walk
EMP
Sunstrike
Cold Snap
Ice Wall
Chaos Meteor
Cold Snap
Tornado
Tornado
Ice Wall
EMP
Alacrity
Ice Wall
Alacrity
Ghost Walk
EMP
Sunstrike
EMP
EMP
EMP
Sunstrike
CASE #20: 
Ice Wall
EMP
Alacrity
Alacrity
Forge Spirit
Forge Spirit
Chaos Meteor
Tornado
Ghost Walk
Chaos Meteor
EMP
Forge Spirit
EMP
Ghost Walk
Tornado
Alacrity
EMP
Forge Spirit
Alacrity
Forge Spirit
EMP
EMP
Alacrity
EMP
Forge Spirit
Alacrity
Ice Wall
EMP
EMP
Forge Spirit
EMP
Ghost Walk
Forge Spirit
Alacrity
Ice Wall
EMP
Ice Wall
Ice Wall
EMP
Ice Wall
Ghost Walk
Tornado
Tornado
Forge Spirit
EMP
Chaos Meteor
Ghost Walk
CASE #21: 
Ice Wall
Tornado
Ghost Walk
EMP
Alacrity
Chaos Meteor
EMP
EMP
Cold Snap
Ice Wall
Chaos Meteor
Forge Spirit
Tornado
Cold Snap
Forge Spirit
Tornado
Tornado
Alacrity
Ghost Walk
Alacrity
Ice Wall
EMP
Ghost Walk
EMP
Alacrity
EMP
Tornado
Chaos Meteor
Ghost Walk
Ghost Walk
EMP
Forge Spirit
Sunstrike
Forge Spirit
CASE #22: 
Alacrity
Forge Spirit
Forge Spirit
Tornado
Forge Spirit
Tornado
Tornado
Ice Wall
Forge Spirit
Chaos Meteor
Tornado
EMP
Alacrity
Forge Spirit
Sunstrike
Chaos Meteor
Chaos Meteor
Ice Wall
Tornado
Ice Wall
Ice Wall
EMP
Chaos Meteor
EMP
Ghost Walk
Tornado
Forge Spirit
Tornado
Ghost Walk
Ice Wall
EMP
Forge Spirit
Ghost Walk
Forge Spirit
Chaos Meteor
Alacrity
Alacrity
Ice Wall
Ghost Walk
Tornado
EMP
EMP
EMP
Ghost Walk
Ghost Walk
CASE #23: 
EMP
Ghost Walk
EMP
Chaos Meteor
Forge Spirit
EMP
EMP
EMP
Tornado
EMP
Tornado
Chaos Meteor
Ghost Walk
Alacrity
Alacrity
Ghost Walk
EMP
Chaos Meteor
Forge Spirit
Tornado
Cold Snap
Chaos Meteor
EMP
Ice Wall
Tornado
EMP
Ice Wall
Tornado
Ice Wall
Tornado
Ghost Walk
Alacrity
Ghost Walk
Ghost Walk
EMP
Forge Spirit
Ice Wall
Alacrity
Alacrity
Sunstrike
EMP
Ghost Walk
Chaos Meteor
EMP
Ice Wall
Tornado
Forge Spirit
EMP
Chaos Meteor
Chaos Meteor
EMP
Cold Snap
Ghost Walk
CASE #24: 
Sunstrike
Ice Wall
EMP
Alacrity
Chaos Meteor
Sunstrike
Sunstrike
EMP
EMP
Alacrity
Tornado
EMP
Ghost Walk
Forge Spirit
Alacrity
EMP
Ice Wall
Ice Wall
Chaos Meteor
Ghost Walk
Chaos Meteor
EMP
Ice Wall
Ghost Walk
EMP
Alacrity
EMP
Alacrity
Chaos Meteor
Ice Wall
Ice Wall
Alacrity
EMP
Alacrity
Chaos Meteor
Forge Spirit
EMP
Chaos Meteor
EMP
Ghost Walk
Forge Spirit
Forge Spirit
Forge Spirit
Ice Wall
Chaos Meteor
EMP
Forge Spirit
Tornado
Sunstrike
Ghost Walk
EMP
Tornado
Forge Spirit
Ice Wall
Cold Snap
EMP
Chaos Meteor
Ghost Walk
Sunstrike
Ice Wall
Tornado
Ice Wall
Alacrity
Chaos Meteor
Chaos Meteor
Ghost Walk
Cold Snap
Sunstrike
Alacrity
EMP
Sunstrike
Tornado
Ghost Walk
Ghost Walk
EMP
Ice Wall
EMP
Tornado
EMP
EMP
Tornado
EMP
CASE #25: 
Ghost Walk
Forge Spirit
EMP
Sunstrike
Ghost Walk
EMP
Chaos Meteor
EMP
Ghost Walk
Alacrity
Cold Snap
Tornado
Tornado
Cold Snap
Ice Wall
EMP
Alacrity
EMP
Forge Spirit
Chaos Meteor
Forge Spirit
Ice Wall
Ice Wall
Forge Spirit
Forge Spirit
Chaos Meteor
EMP
EMP
Ghost Walk
Cold Snap
Ghost Walk
Ice Wall
Chaos Meteor
EMP
EMP
Ghost Walk
Ghost Walk
Ice Wall
EMP
Forge Spirit
EMP
EMP
Alacrity
Ice Wall
Sunstrike
Chaos Meteor
Chaos Meteor
Sunstrike
Tornado
Ghost Walk
Forge Spirit
Ghost Walk
EMP
Tornado
Forge Spirit
Alacrity
Forge Spirit
Chaos Meteor
Chaos Meteor
Alacrity
EMP
Alacrity
Chaos Meteor
EMP
Tornado
EMP
EMP
Sunstrike
Ghost Walk
EMP
Ghost Walk
Tornado
CASE #26: 
Ghost Walk
EMP
Alacrity
Tornado
Chaos Meteor
Tornado
EMP
Alacrity
EMP
Chaos Meteor
Tornado
Ghost Walk
Ghost Walk
Alacrity
EMP
Alacrity
Ghost Walk
Forge Spirit
EMP
EMP
Sunstrike
Chaos Meteor
Ghost Walk
EMP
Chaos Meteor
Tornado
Sunstrike
Alacrity
Chaos Meteor
EMP
Forge Spirit
Forge Spirit
Forge Spirit
EMP
Ice Wall
Chaos Meteor
EMP
CASE #27: 
EMP
Ghost Walk
Ghost Walk
EMP
Tornado
Forge Spirit
Cold Snap
Ghost Walk
Alacrity
Tornado
Alacrity
Ghost Walk
Chaos Meteor
Ice Wall
Chaos Meteor
EMP
Alacrity
Sunstrike
Chaos Meteor
Ice Wall
Tornado
EMP
EMP
Ghost Walk
EMP
Tornado
Alacrity
Sunstrike
Ice Wall
Ice Wall
Tornado
Tornado
EMP
EMP
EMP
EMP
Ghost Walk
EMP
EMP
Ice Wall
Alacrity
Alacrity
Ghost Walk
Alacrity
Ghost Walk
Tornado
CASE #28: 
Alacrity
Ghost Walk
EMP
Forge Spirit
EMP
EMP
Sunstrike
Alacrity
Forge Spirit
Alacrity
Forge Spirit
Chaos Meteor
Alacrity
Ghost Walk
Ghost Walk
Tornado
EMP
Cold Snap
Forge Spirit
Alacrity
Alacrity
EMP
EMP
EMP
Sunstrike
Alacrity
Forge Spirit
Ice Wall
EMP
Forge Spirit
Chaos Meteor
Sunstrike
Alacrity
Forge Spirit
Tornado
EMP
Ghost Walk
Tornado
EMP
Ice Wall
Forge Spirit
Forge Spirit
Tornado
Tornado
Forge Spirit
Ice Wall
Ice Wall
EMP
Chaos Meteor
EMP
EMP
Sunstrike
Ice Wall
Ghost Walk
Tornado
Ghost Walk
Cold Snap
Tornado
Alacrity
Ice Wall
Alacrity
Alacrity
Ice Wall
Sunstrike
EMP
Tornado
Cold Snap
Alacrity
Alacrity
EMP
Forge Spirit
EMP
Alacrity
Alacrity
Ice Wall
Cold Snap
Tornado
Chaos Meteor
Cold Snap
Tornado
Ice Wall
EMP
EMP
Cold Snap
Forge Spirit
Forge Spirit
EMP
Sunstrike
Alacrity
EMP
Tornado
Chaos Meteor
Ghost Walk
Ghost Walk
Ice Wall
Tornado
Ice Wall
EMP
Chaos Meteor
CASE #29: 
Chaos Meteor
Forge Spirit
Forge Spirit
EMP
Chaos Meteor
Ghost Walk
Tornado
Forge Spirit
Forge Spirit
EMP
EMP
Forge Spirit
EMP
Tornado
EMP
Forge Spirit
Chaos Meteor
EMP
Ice Wall
EMP
Sunstrike
Forge Spirit
Ghost Walk
Chaos Meteor
Alacrity
Chaos Meteor
Tornado
Cold Snap
Tornado
Sunstrike
Alacrity
EMP
Tornado
Ice Wall
Ghost Walk
Ice Wall
Tornado
EMP
EMP
Ice Wall
Alacrity
Tornado
Forge Spirit
Alacrity
CASE #30: 
EMP
Sunstrike
Ghost Walk
Chaos Meteor
Cold Snap
Forge Spirit
EMP
Sunstrike
Sunstrike
Ice Wall
EMP
Tornado
Ice Wall
Alacrity
Ghost Walk
Alacrity
Chaos Meteor
Chaos Meteor
Ghost Walk
Ice Wall
Ice Wall
EMP
EMP
Ghost Walk
Ghost Walk
EMP
Forge Spirit
EMP
Ice Wall
Sunstrike
EMP
Tornado
Forge Spirit
Cold Snap
Tornado
Chaos Meteor
Forge Spirit
EMP
Ice Wall
Alacrity
Ice Wall
Cold Snap
EMP
Alacrity
Ice Wall
EMP
Ice Wall
EMP
Ghost Walk
Chaos Meteor
EMP
Ghost Walk
EMP
Cold Snap
EMP
EMP
EMP
Alacrity
Forge Spirit
EMP
Tornado
Tornado
EMP
EMP
EMP
EMP
EMP
Ghost Walk
Tornado
Tornado
Forge Spirit
EMP
Forge Spirit
Alacrity
Chaos Meteor
Forge Spirit
Ghost Walk
EMP
Ghost Walk
Ghost Walk
Chaos Meteor
Tornado
Alacrity
Cold Snap
Ice Wall
Ghost Walk
Tornado
CASE #31: 
Ice Wall
EMP
Ghost Walk
Forge Spirit
Cold Snap
EMP
Tornado
Sunstrike
Forge Spirit
EMP
Ice Wall
Cold Snap
Chaos Meteor
Alacrity
EMP
Chaos Meteor
Forge Spirit
Cold Snap
Forge Spirit
EMP
Ghost Walk
Tornado
EMP
EMP
Chaos Meteor
EMP
EMP
EMP
Chaos Meteor
Chaos Meteor
Ice Wall
Ice Wall
Alacrity
Chaos Meteor
EMP
Alacrity
Tornado
Alacrity
EMP
Cold Snap
Chaos Meteor
EMP
Tornado
Ghost Walk
Cold Snap
Chaos Meteor
EMP
Ice Wall
Ice Wall
Ghost Walk
Tornado
EMP
Forge Spirit
Alacrity
EMP
Ice Wall
Ghost Walk
EMP
EMP
Ice Wall
EMP
Alacrity
Tornado
Ice Wall
EMP
Tornado
Forge Spirit
Sunstrike
CASE #32: 
Alacrity
Tornado
Tornado
Ghost Walk
Chaos Meteor
Chaos Meteor
Tornado
Ghost Walk
Cold Snap
Chaos Meteor
Cold Snap
EMP
Alacrity
Ghost Walk
Ice Wall
EMP
EMP
Ice Wall
Tornado
Tornado
Sunstrike
EMP
EMP
EMP
EMP
Alacrity
Chaos Meteor
Alacrity
EMP
CASE #33: 
Tornado
Ghost Walk
Ice Wall
EMP
EMP
EMP
Tornado
Chaos Meteor
Forge Spirit
EMP
EMP
Alacrity
EMP
Alacrity
EMP
EMP
EMP
Sunstrike
Tornado
Tornado
Chaos Meteor
Tornado
Chaos Meteor
Tornado
Chaos Meteor
Chaos Meteor
Tornado
EMP
Alacrity
EMP
Alacrity
Alacrity
EMP
Tornado
Chaos Meteor
Forge Spirit
Ice Wall
Forge Spirit
Forge Spirit
Tornado
Chaos Meteor
EMP
EMP
Sunstrike
EMP
Sunstrike
EMP
CASE #34: 
EMP
Cold Snap
Chaos Meteor
EMP
Ice Wall
Ice Wall
Ice Wall
Forge Spirit
Ice Wall
Ice Wall
Sunstrike
Chaos Meteor
Tornado
Sunstrike
EMP
EMP
Tornado
Alacrity
Sunstrike
Ice Wall
EMP
EMP
Forge Spirit
Forge Spirit
Tornado
EMP
Chaos Meteor
Forge Spirit
Forge Spirit
EMP
EMP
Forge Spirit
EMP
EMP
Alacrity
Ice Wall
Ghost Walk
Chaos Meteor
Tornado
EMP
Ice Wall
Chaos Meteor
Alacrity
EMP
Tornado
Cold Snap
EMP
Chaos Meteor
Chaos Meteor
Forge Spirit
Chaos Meteor
Alacrity
EMP
Tornado
Ice Wall
Cold Snap
Alacrity
Alacrity
Ice Wall
EMP
EMP
Ghost Walk
Chaos Meteor
Ghost Walk
EMP
Tornado
Forge Spirit
Ice Wall
Sunstrike
CASE #35: 
Alacrity
Forge Spirit
EMP
Ghost Walk
Chaos Meteor
Tornado
EMP
Ghost Walk
Chaos Meteor
Tornado
Alacrity
EMP
EMP
Cold Snap
Cold Snap
Sunstrike
Tornado
Tornado
Tornado
Forge Spirit
EMP
Chaos Meteor
Forge Spirit
Tornado
Chaos Meteor
EMP
EMP
Tornado
Ice Wall
Alacrity
Cold Snap
Chaos Meteor
Tornado
Ghost Walk
Alacrity
Ghost Walk
EMP
Cold Snap
Chaos Meteor
Ghost Walk
EMP
Chaos Meteor
Tornado
Alacrity
Forge Spirit
Tornado
EMP
Forge Spirit
EMP
Ice Wall
Sunstrike
Ice Wall
Chaos Meteor
EMP
Alacrity
Ice Wall
Cold Snap
EMP
Ice Wall
Ghost Walk
Forge Spirit
EMP
EMP
Forge Spirit
EMP
EMP
EMP
Tornado
Alacrity
Ghost Walk
Sunstrike
Ice Wall
Forge Spirit
EMP
EMP
CASE #36: 
Chaos Meteor
Alacrity
Chaos Meteor
Chaos Meteor
Cold Snap
Chaos Meteor
Forge Spirit
EMP
Forge Spirit
Ice Wall
Alacrity
EMP
Tornado
EMP
Alacrity
Forge Spirit
Forge Spirit
Chaos Meteor
EMP
Cold Snap
Alacrity
Ice Wall
Ghost Walk
CASE #37: 
Alacrity
Ghost Walk
Forge Spirit
Cold Snap
EMP
Ghost Walk
Forge Spirit
Ghost Walk
EMP
Forge Spirit
Ice Wall
Forge Spirit
Ice Wall
Forge Spirit
Alacrity
Tornado
Forge Spirit
Forge Spirit
Alacrity
Ice Wall
Alacrity
Chaos Meteor
Sunstrike
Tornado
Alacrity
Chaos Meteor
Alacrity
Alacrity
Ice Wall
Ghost Walk
Ice Wall
Ghost Walk
Alacrity
EMP
Alacrity
Ice Wall
EMP
Chaos Meteor
Ice Wall
EMP
Forge Spirit
EMP
Alacrity
Forge Spirit
Ghost Walk
Alacrity
Ghost Walk
EMP
Sunstrike
Tornado
Ice Wall
EMP
EMP
Tornado
EMP
Chaos Meteor
EMP
Alacrity
EMP
Alacrity
Ice Wall
Alacrity
EMP
EMP
CASE #38: 
Tornado
EMP
EMP
Forge Spirit
Chaos Meteor
EMP
EMP
Chaos Meteor
Ghost Walk
EMP
Tornado
Tornado
Tornado
Alacrity
Ghost Walk
Chaos Meteor
Cold Snap
Ghost Walk
Ice Wall
Ghost Walk
Ice Wall
EMP
Cold Snap
EMP
Ghost Walk
Chaos Meteor
Alacrity
EMP
Ghost Walk
Chaos Meteor
Alacrity
Ice Wall
EMP
Ghost Walk
Tornado
Forge Spirit
Chaos Meteor
Tornado
Ghost Walk
Chaos Meteor
Ice Wall
Tornado
Cold Snap
Forge Spirit
EMP
Chaos Meteor
Forge Spirit
Forge Spirit
Sunstrike
Forge Spirit
Alacrity
Cold Snap
Tornado
Ghost Walk
EMP
EMP
Alacrity
EMP
Tornado
Tornado
Sunstrike
Ice Wall
Tornado
Chaos Meteor
EMP
Chaos Meteor
Forge Spirit
CASE #39: 
Cold Snap
Chaos Meteor
Tornado
Forge Spirit
EMP
Tornado
Chaos Meteor
Chaos Meteor
Ice Wall
Alacrity
EMP
Cold Snap
Ghost Walk
Sunstrike
Tornado
Ghost Walk
EMP
EMP
Alacrity
Forge Spirit
EMP
Forge Spirit
Ice Wall
Alacrity
Forge Spirit
Ice Wall
EMP
EMP
EMP
Tornado
Tornado
Chaos Meteor
EMP
Tornado
Sunstrike
EMP
EMP
EMP
Forge Spirit
Forge Spirit
EMP
CASE #40: 
Forge Spirit
Alacrity
Ghost Walk
Ghost Walk
Alacrity
Alacrity
Alacrity
CASE #41: 
Ghost Walk
EMP
Forge Spirit
Ghost Walk
Ice Wall
Forge Spirit
Ice Wall
Chaos Meteor
Chaos Meteor
EMP
Ghost Walk
Tornado
Chaos Meteor
Ghost Walk
Chaos Meteor
EMP
Alacrity
EMP
Forge Spirit
Ghost Walk
Forge Spirit
Ice Wall
Sunstrike
EMP
Cold Snap
Ghost Walk
EMP
Chaos Meteor
EMP
EMP
Chaos Meteor
Alacrity
Sunstrike
Chaos Meteor
Alacrity
Tornado
Forge Spirit
Sunstrike
Cold Snap
Ghost Walk
EMP
Ice Wall
Chaos Meteor
Ice Wall
Chaos Meteor
Chaos Meteor
Chaos Meteor
Tornado
EMP
Ice Wall
Forge Spirit
EMP
Chaos Meteor
Sunstrike
Cold Snap
Forge Spirit
Tornado
Tornado
EMP
EMP
Cold Snap
Alacrity
EMP
EMP
Tornado
EMP
Ice Wall
Chaos Meteor
Alacrity
EMP
Sunstrike
Cold Snap
Alacrity
Ice Wall
Forge Spirit
Ghost Walk
Chaos Meteor
Forge Spirit
EMP
Alacrity
Ghost Walk
Tornado
Ghost Walk
EMP
EMP
CASE #42: 
EMP
EMP
Sunstrike
EMP
Alacrity
Alacrity
Chaos Meteor
Alacrity
Forge Spirit
Ice Wall
Chaos Meteor
Cold Snap
EMP
Chaos Meteor
Sunstrike
Alacrity
Ghost Walk
Alacrity
Forge Spirit
Tornado
Ice Wall
Chaos Meteor
Cold Snap
Alacrity
Tornado
Ghost Walk
Chaos Meteor
Tornado
Chaos Meteor
Alacrity
EMP
Forge Spirit
Tornado
Ghost Walk
Alacrity
Ice Wall
Tornado
EMP
Alacrity
Ice Wall
Ghost Walk
Chaos Meteor
Chaos Meteor
Ghost Walk
EMP
Ghost Walk
Ice Wall
Ice Wall
EMP
EMP
Forge Spirit
Cold Snap
Forge Spirit
Tornado
EMP
Alacrity
Alacrity
Sunstrike
EMP
Ice Wall
Chaos Meteor
Ghost Walk
Tornado
Tornado
Tornado
Tornado
EMP
Tornado
Alacrity
Sunstrike
EMP
EMP
Tornado
Ice Wall
EMP
Cold Snap
Sunstrike
Ghost Walk
Chaos Meteor
Chaos Meteor
Alacrity
Alacrity
CASE #43: 
EMP
Alacrity
Ice Wall
Ghost Walk
EMP
Alacrity
Tornado
Tornado
Cold Snap
Chaos Meteor
Cold Snap
Ghost Walk
EMP
EMP
Tornado
EMP
Forge Spirit
Cold Snap
Ghost Walk
Ghost Walk
EMP
EMP
Alacrity
Forge Spirit
Alacrity
Tornado
EMP
Ice Wall
Chaos Meteor
Alacrity
EMP
EMP
Chaos Meteor
EMP
EMP
EMP
EMP
Ghost Walk
Chaos Meteor
Sunstrike
Tornado
EMP
Forge Spirit
EMP
EMP
EMP
EMP
Forge Spirit
Chaos Meteor
Ghost Walk
EMP
Alacrity
Cold Snap
Ice Wall
EMP
EMP
Tornado
Sunstrike
Ghost Walk
Alacrity
Ghost Walk
Ice Wall
Ice Wall
Alacrity
CASE #44: 
Sunstrike
Ice Wall
Forge Spirit
Ghost Walk
EMP
Forge Spirit
Ghost Walk
Sunstrike
EMP
Ice Wall
Ice Wall
Tornado
Tornado
Forge Spirit
Chaos Meteor
Forge Spirit
EMP
Alacrity
Tornado
Forge Spirit
EMP
Ice Wall
Ice Wall
Tornado
EMP
Sunstrike
Ice Wall
Ghost Walk
Forge Spirit
Chaos Meteor
Tornado
Tornado
Ghost Walk
CASE #45: 
Forge Spirit
Chaos Meteor
Ice Wall
EMP
EMP
EMP
Ghost Walk
Tornado
Ghost Walk
EMP
Ghost Walk
EMP
EMP
Tornado
Tornado
Ghost Walk
Ghost Walk
Alacrity
EMP
EMP
EMP
Forge Spirit
Ghost Walk
Chaos Meteor
EMP
Tornado
Forge Spirit
EMP
EMP
Ice Wall
Alacrity
Ice Wall
EMP
Tornado
EMP
EMP
EMP
EMP
Chaos Meteor
Forge Spirit
Forge Spirit
Tornado
Alacrity
Ghost Walk
EMP
Alacrity
EMP
EMP
Ghost Walk
EMP
Forge Spirit
Tornado
Ice Wall
EMP
Cold Snap
Chaos Meteor
Sunstrike
Ghost Walk
Ghost Walk
Forge Spirit
Alacrity
Tornado
Ghost Walk
EMP
Alacrity
EMP
Tornado
Chaos Meteor
Ice Wall
Sunstrike
Ice Wall
Sunstrike
Tornado
Sunstrike
Alacrity
Alacrity
EMP
Ghost Walk
Chaos Meteor
Alacrity
Forge Spirit
Forge Spirit
CASE #46: 
Tornado
EMP
Sunstrike
Ghost Walk
Ghost Walk
Tornado
CASE #47: 
Cold Snap
EMP
Ice Wall
EMP
Ice Wall
Chaos Meteor
Forge Spirit
EMP
CASE #48: 
Tornado
EMP
Tornado
Alacrity
Chaos Meteor
Chaos Meteor
Alacrity
Alacrity
Chaos Meteor
Ghost Walk
CASE #49: 
Chaos Meteor
Ice Wall
EMP
Forge Spirit
Cold Snap
Ice Wall
Alacrity
EMP
Tornado
Alacrity
Ice Wall
Ghost Walk
Ghost Walk
Alacrity
EMP
Alacrity
EMP
Chaos Meteor
EMP
Forge Spirit
Ice Wall
Alacrity
Alacrity
Ice Wall
Cold Snap
Sunstrike
Chaos Meteor
Alacrity
Alacrity
Tornado
Ice Wall
Chaos Meteor
Chaos Meteor
Forge Spirit
Forge Spirit
Alacrity
Tornado
Alacrity
Chaos Meteor
Ghost Walk
Tornado
EMP
Forge Spirit
Chaos Meteor
Ghost Walk
EMP
Ghost Walk
EMP
Alacrity
Forge Spirit
Alacrity
EMP
Ghost Walk
Alacrity
Forge Spirit
EMP
Chaos Meteor
Forge Spirit
Ice Wall
Forge Spirit
Ghost Walk
Forge Spirit
Tornado
EMP
EMP
Ghost Walk
EMP
EMP
Chaos Meteor
EMP
Alacrity
Alacrity
Ice Wall
Forge Spirit
Sunstrike
Ghost Walk
Ghost Walk
Cold Snap
Chaos Meteor
Forge Spirit
Alacrity
Chaos Meteor
EMP
Ghost Walk
Tornado
EMP
Tornado
Ice Wall
EMP
CASE #50: 
Ice Wall
Ice Wall
EMP
Chaos Meteor
Chaos Meteor
Chaos Meteor
Chaos Meteor
Forge Spirit
Alacrity
Cold Snap
EMP
Ghost Walk
Ice Wall
Ghost Walk
EMP
Ice Wall
Alacrity
EMP
Ice Wall
Ice Wall
Cold Snap
EMP
Tornado
Sunstrike
EMP
CASE #51: 
Tornado
Chaos Meteor
Ghost Walk
Tornado
Ghost Walk
Chaos Meteor
Chaos Meteor
EMP
EMP
EMP
Tornado
Tornado
Cold Snap
Forge Spirit
EMP
EMP
Alacrity
Ghost Walk
Ghost Walk
EMP
Alacrity
Cold Snap
Ghost Walk
EMP
Chaos Meteor
Chaos Meteor
Tornado
Tornado
Tornado
Ghost Walk
Forge Spirit
Alacrity
Alacrity
Ghost Walk
EMP
EMP
EMP
Ghost Walk
Ice Wall
EMP
Ice Wall
Cold Snap
Chaos Meteor
Sunstrike
Cold Snap
Forge Spirit
EMP
Chaos Meteor
Sunstrike
Alacrity
EMP
CASE #52: 
Chaos Meteor
Chaos Meteor
EMP
Alacrity
Tornado
Tornado
Alacrity
Ice Wall
Alacrity
Ice Wall
EMP
Forge Spirit
Sunstrike
Sunstrike
EMP
Ghost Walk
Alacrity
Ghost Walk
Tornado
Alacrity
EMP
Tornado
Chaos Meteor
Sunstrike
Forge Spirit
Forge Spirit
EMP
Alacrity
Ghost Walk
Forge Spirit
Cold Snap
Tornado
Ghost Walk
Tornado
Ice Wall
Chaos Meteor
Chaos Meteor
EMP
Forge Spirit
EMP
Sunstrike
Ice Wall
Ice Wall
Ghost Walk
Chaos Meteor
Ghost Walk
Alacrity
Tornado
Forge Spirit
EMP
Ghost Walk
Alacrity
Ghost Walk
Cold Snap
Ghost Walk
CASE #53: 
Alacrity
Tornado
Tornado
Chaos Meteor
Tornado
EMP
Ghost Walk
Ice Wall
Ice Wall
Tornado
Tornado
Chaos Meteor
Chaos Meteor
Chaos Meteor
Forge Spirit
Ghost Walk
Ice Wall
Ghost Walk
EMP
Tornado
Chaos Meteor
Tornado
Ghost Walk
Ice Wall
EMP
Cold Snap
Alacrity
Tornado
Tornado
Alacrity
Chaos Meteor
Alacrity
Chaos Meteor
Tornado
Alacrity
EMP
Tornado
EMP
Ice Wall
Alacrity
Ghost Walk
EMP
EMP
EMP
Sunstrike
Cold Snap
EMP
EMP
Ghost Walk
Alacrity
Chaos Meteor
Ice Wall
Ice Wall
EMP
Ghost Walk
Ghost Walk
Ice Wall
EMP
EMP
Ice Wall
CASE #54: 
EMP
Ghost Walk
Forge Spirit
Forge Spirit
Ice Wall
EMP
Chaos Meteor
Ghost Walk
Ghost Walk
Alacrity
Cold Snap
Ice Wall
Forge Spirit
EMP
Tornado
EMP
Chaos Meteor
Chaos Meteor
EMP
Chaos Meteor
Alacrity
Chaos Meteor
Sunstrike
Ice Wall
Ghost Walk
Sunstrike
Sunstrike
Tornado
Alacrity
Chaos Meteor
Cold Snap
Ghost Walk
EMP
Ghost Walk
Alacrity
Cold Snap
Alacrity
Forge Spirit
Alacrity
CASE #55: 
EMP
Sunstrike
Tornado
Chaos Meteor
Alacrity
EMP
Alacrity
Tornado
Ghost Walk
Forge Spirit
Forge Spirit
EMP
EMP
Tornado
Tornado
Chaos Meteor
EMP
Ice Wall
EMP
Alacrity
Alacrity
Ice Wall
Forge Spirit
Tornado
EMP
Forge Spirit
EMP
EMP
Alacrity
EMP
EMP
Forge Spirit
Chaos Meteor
EMP
Ice Wall
Tornado
Alacrity
Chaos Meteor
Ice Wall
EMP
Ghost Walk
Ice Wall
EMP
Forge Spirit
Chaos Meteor
Forge Spirit
Cold Snap
EMP
Chaos Meteor
Cold Snap
Alacrity
EMP
Cold Snap
Alacrity
CASE #56: 
Forge Spirit
Forge Spirit
Sunstrike
Forge Spirit
EMP
Forge Spirit
EMP
Ice Wall
Ice Wall
Forge Spirit
Forge Spirit
EMP
Tornado
Forge Spirit
Cold Snap
Forge Spirit
Ice Wall
Ghost Walk
EMP
EMP
Ice Wall
EMP
Cold Snap
Sunstrike
Ice Wall
Sunstrike
Forge Spirit
Ice Wall
EMP
Ice Wall
Ghost Walk
EMP
Sunstrike
Ice Wall
Alacrity
EMP
Ice Wall
Tornado
EMP
Forge Spirit
Alacrity
Alacrity
Sunstrike
Forge Spirit
Chaos Meteor
EMP
EMP
Ghost Walk
Forge Spirit
Ice Wall
EMP
EMP
Ice Wall
EMP
Ice Wall
Ice Wall
Ghost Walk
Tornado
Chaos Meteor
Ghost Walk
Cold Snap
Alacrity
Alacrity
Chaos Meteor
Cold Snap
Forge Spirit
EMP
Ghost Walk
Alacrity
EMP
Chaos Meteor
Alacrity
EMP
EMP
Alacrity
Chaos Meteor
EMP
Forge Spirit
Ice Wall
Cold Snap
EMP
Ghost Walk
Ghost Walk
Tornado
EMP
Ice Wall
EMP
Tornado
EMP
EMP
EMP
Ice Wall
EMP
EMP
Alacrity
Tornado
EMP
Ghost Walk
CASE #57: 
Ghost Walk
EMP
Alacrity
Ghost Walk
EMP
Ice Wall
EMP
EMP
Tornado
CASE #58: 
EMP
Tornado
Forge Spirit
EMP
Alacrity
Forge Spirit
Alacrity
Sunstrike
Forge Spirit
Forge Spirit
Forge Spirit
Forge Spirit
EMP
EMP
Chaos Meteor
Alacrity
Chaos Meteor
EMP
Ghost Walk
EMP
EMP
EMP
Ghost Walk
Ice Wall
EMP
Tornado
Sunstrike
EMP
Alacrity
EMP
Chaos Meteor
CASE #59: 
Ghost Walk
Sunstrike
Alacrity
Chaos Meteor
Chaos Meteor
Ghost Walk
Ice Wall
Sunstrike
EMP
Tornado
Forge Spirit
Chaos Meteor
Forge Spirit
EMP
Forge Spirit
Cold Snap
Chaos Meteor
Sunstrike
Tornado
Forge Spirit
Ice Wall
CASE #60: 
Tornado
EMP
Chaos Meteor
EMP
EMP
Alacrity
Sunstrike
Ghost Walk
Alacrity
Sunstrike
Sunstrike
Ghost Walk
Chaos Meteor
EMP
Forge Spirit
Forge Spirit
Ice Wall
EMP
Tornado
EMP
Ghost Walk
Chaos Meteor
Tornado
EMP
Ice Wall
EMP
Ice Wall
EMP
Chaos Meteor
EMP
Tornado
EMP
Ghost Walk
EMP
EMP
Ghost Walk
Ghost Walk
EMP
Tornado
Chaos Meteor
EMP
CASE #61: 
Ice Wall
EMP
Forge Spirit
Forge Spirit
Tornado
Tornado
EMP
Alacrity
EMP
Alacrity
Ghost Walk
EMP
Ghost Walk
Forge Spirit
Ice Wall
Ghost Walk
Tornado
Chaos Meteor
Ghost Walk
Alacrity
Tornado
Ghost Walk
EMP
Ice Wall
Tornado
Forge Spirit
Cold Snap
Ice Wall
EMP
Ice Wall
EMP
Cold Snap
Forge Spirit
Cold Snap
Alacrity
Chaos Meteor
EMP
EMP
Ghost Walk
Ghost Walk
Forge Spirit
Chaos Meteor
Chaos Meteor
Alacrity
Chaos Meteor
Ghost Walk
EMP
Tornado
Alacrity
Ghost Walk
Forge Spirit
Chaos Meteor
EMP
Ghost Walk
EMP
EMP
Alacrity
Alacrity
Sunstrike
Ice Wall
EMP
Ghost Walk
Sunstrike
EMP
Cold Snap
CASE #62: 
Tornado
Chaos Meteor
Ghost Walk
EMP
Forge Spirit
EMP
EMP
Sunstrike
Forge Spirit
EMP
Ice Wall
Tornado
Tornado
Ice Wall
EMP
Chaos Meteor
Forge Spirit
Tornado
Chaos Meteor
Tornado
EMP
Chaos Meteor
Ice Wall
EMP
Sunstrike
Chaos Meteor
Tornado
Alacrity
Tornado
EMP
EMP
EMP
Forge Spirit
Cold Snap
Forge Spirit
Forge Spirit
Ghost Walk
Forge Spirit
Forge Spirit
Ice Wall
Tornado
Sunstrike
EMP
CASE #63: 
Forge Spirit
EMP
Ice Wall
Forge Spirit
Chaos Meteor
Ghost Walk
Ice Wall
CASE #64: 
EMP
Forge Spirit
Forge Spirit
Ghost Walk
EMP
Sunstrike
Chaos Meteor
EMP
Tornado
Chaos Meteor
Cold Snap
EMP
Tornado
Tornado
Forge Spirit
EMP
Ice Wall
Chaos Meteor
Tornado
Alacrity
EMP
Ghost Walk
Tornado
Alacrity
Ice Wall
Alacrity
Ghost Walk
Alacrity
Forge Spirit
Chaos Meteor
Alacrity
Chaos Meteor
Tornado
EMP
Tornado
Ice Wall
Ice Wall
Ghost Walk
Alacrity
Ghost Walk
Alacrity
Sunstrike
Ice Wall
Forge Spirit
Tornado
Ice Wall
Forge Spirit
EMP
Cold Snap
Cold Snap
EMP
Tornado
Ghost Walk
Chaos Meteor
EMP
Alacrity
Chaos Meteor
EMP
EMP
EMP
Chaos Meteor
Alacrity
Ice Wall
Forge Spirit
Ice Wall
EMP
CASE #65: 
Ice Wall
Cold Snap
Ghost Walk
Ghost Walk
Ice Wall
Ice Wall
Chaos Meteor
Alacrity
Ghost Walk
EMP
Ghost Walk
Sunstrike
EMP
EMP
EMP
EMP
Ghost Walk
Tornado
EMP
Tornado
Chaos Meteor
Forge Spirit
CASE #66: 
EMP
Tornado
Forge Spirit
Tornado
Ghost Walk
EMP
Alacrity
EMP
Chaos Meteor
Alacrity
Forge Spirit
EMP
Ice Wall
EMP
Ice Wall
Chaos Meteor
Ghost Walk
Ghost Walk
Forge Spirit
Ice Wall
Forge Spirit
EMP
Alacrity
EMP
EMP
EMP
EMP
EMP
Chaos Meteor
EMP
EMP
Ghost Walk
Tornado
EMP
Chaos Meteor
Alacrity
EMP
Ghost Walk
EMP
Alacrity
Ghost Walk
EMP
Cold Snap
Forge Spirit
Alacrity
Forge Spirit
Forge Spirit
Ice Wall
Forge Spirit
Ice Wall
Alacrity
Tornado
Chaos Meteor
EMP
Chaos Meteor
Alacrity
Chaos Meteor
EMP
Ice Wall
Tornado
EMP
EMP
Chaos Meteor
Ghost Walk
EMP
EMP
EMP
CASE #67: 
Ice Wall
EMP
EMP
Forge Spirit
EMP
EMP
EMP
EMP
CASE #68: 
Chaos Meteor
EMP
Alacrity
Alacrity
EMP
EMP
Ice Wall
Chaos Meteor
Alacrity
EMP
Chaos Meteor
Forge Spirit
Ice Wall
Sunstrike
Ice Wall
Forge Spirit
Forge Spirit
EMP
EMP
Ice Wall
EMP
Tornado
Forge Spirit
EMP
Chaos Meteor
Ice Wall
Chaos Meteor
Tornado
EMP
Forge Spirit
EMP
Sunstrike
Tornado
EMP
Forge Spirit
Alacrity
EMP
Chaos Meteor
Alacrity
Ghost Walk
Tornado
Tornado
EMP
Forge Spirit
Ice Wall
Cold Snap
Ghost Walk
Chaos Meteor
Ghost Walk
EMP
EMP
Chaos Meteor
Forge Spirit
EMP
CASE #69: 
Cold Snap
Chaos Meteor
Cold Snap
EMP
Ghost Walk
Alacrity
Alacrity
Ice Wall
EMP
EMP
Ghost Walk
Forge Spirit
EMP
Ice Wall
EMP
CASE #70: 
Tornado
EMP
Alacrity
Tornado
Ghost Walk
Forge Spirit
Ghost Walk
Ghost Walk
Chaos Meteor
Chaos Meteor
EMP
EMP
Ghost Walk
Chaos Meteor
EMP
Forge Spirit
Cold Snap
Ice Wall
Tornado
Chaos Meteor
Alacrity
Ice Wall
Ice Wall
Chaos Meteor
Forge Spirit
Alacrity
Tornado
EMP
Forge Spirit
EMP
EMP
Chaos Meteor
Sunstrike
Ghost Walk
Alacrity
Ghost Walk
Forge Spirit
Forge Spirit
Chaos Meteor
Sunstrike
EMP
Alacrity
EMP
Ice Wall
Tornado
EMP
Forge Spirit
Ghost Walk
Forge Spirit
EMP
EMP
Tornado
Chaos Meteor
Forge Spirit
EMP
EMP
Alacrity
Cold Snap
Ice Wall
Ice Wall
Ghost Walk
Forge Spirit
EMP
Alacrity
Tornado
Forge Spirit
Alacrity
Forge Spirit
EMP
Forge Spirit
EMP
EMP
CASE #71: 
Sunstrike
EMP
Tornado
Forge Spirit
Alacrity
Forge Spirit
EMP
Sunstrike
Cold Snap
Chaos Meteor
EMP
Ice Wall
Ice Wall
Alacrity
Cold Snap
EMP
Forge Spirit
Ghost Walk
Tornado
EMP
Alacrity
EMP
Chaos Meteor
Ghost Walk
Forge Spirit
Ice Wall
EMP
Sunstrike
EMP
Ghost Walk
Ghost Walk
EMP
Forge Spirit
Alacrity
EMP
Tornado
Ghost Walk
Forge Spirit
Forge Spirit
Ghost Walk
Alacrity
Chaos Meteor
Forge Spirit
EMP
Sunstrike
EMP
Chaos Meteor
Forge Spirit
EMP
Forge Spirit
Alacrity
Chaos Meteor
EMP
CASE #72: 
Chaos Meteor
Ghost Walk
EMP
Forge Spirit
Ghost Walk
Ice Wall
Alacrity
Ghost Walk
Tornado
Forge Spirit
EMP
EMP
Forge Spirit
Ice Wall
Forge Spirit
EMP
EMP
EMP
Tornado
Ice Wall
Alacrity
Cold Snap
Ice Wall
EMP
Sunstrike
EMP
EMP
EMP
Alacrity
EMP
Ghost Walk
Ice Wall
EMP
EMP
Alacrity
Cold Snap
EMP
Ghost Walk
Alacrity
EMP
Tornado
Chaos Meteor
Ghost Walk
Ghost Walk
EMP
EMP
EMP
Forge Spirit
Ghost Walk
EMP
Chaos Meteor
Alacrity
EMP
Alacrity
EMP
Alacrity
CASE #73: 
Ghost Walk
Alacrity
Ice Wall
Ghost Walk
Tornado
EMP
Ice Wall
Chaos Meteor
Forge Spirit
Ghost Walk
Forge Spirit
Chaos Meteor
EMP
Forge Spirit
Chaos Meteor
EMP
Ghost Walk
Tornado
Forge Spirit
Ghost Walk
Forge Spirit
Ghost Walk
EMP
Sunstrike
Sunstrike
EMP
Ghost Walk
Tornado
EMP
Cold Snap
Alacrity
Ice Wall
Alacrity
Forge Spirit
Alacrity
Alacrity
EMP
EMP
Ghost Walk
Ghost Walk
Alacrity
EMP
Ice Wall
Ice Wall
Tornado
Forge Spirit
EMP
Ghost Walk
Chaos Meteor
Tornado
EMP
Sunstrike
Ghost Walk
Tornado
Ice Wall
Ice Wall
EMP
Alacrity
Alacrity
Forge Spirit
Tornado
Chaos Meteor
Ice Wall
Ghost Walk
Tornado
Chaos Meteor
Ghost Walk
Ice Wall
Tornado
Ghost Walk
EMP
Ice Wall
Chaos Meteor
Cold Snap
EMP
EMP
Forge Spirit
Ice Wall
Tornado
Ice Wall
EMP
Ghost Walk
EMP
Cold Snap
Alacrity
Ice Wall
Ghost Walk
Tornado
Ice Wall
Cold Snap
CASE #74: 
Ghost Walk
Alacrity
EMP
Chaos Meteor
EMP
EMP
CASE #75: 
Tornado
Cold Snap
EMP
EMP
Tornado
EMP
Tornado
Forge Spirit
Ice Wall
Cold Snap
Forge Spirit
Alacrity
Chaos Meteor
Tornado
Chaos Meteor
Ice Wall
CASE #76: 
Chaos Meteor
EMP
EMP
Forge Spirit
Forge Spirit
Alacrity
Tornado
Chaos Meteor
Forge Spirit
Chaos Meteor
Forge Spirit
Sunstrike
EMP
Tornado
EMP
Chaos Meteor
Alacrity
Ghost Walk
Chaos Meteor
Tornado
Sunstrike
EMP
Tornado
EMP
EMP
EMP
Forge Spirit
Chaos Meteor
Ice Wall
Ghost Walk
Ice Wall
Ice Wall
EMP
Tornado
Ice Wall
Ice Wall
Alacrity
Ghost Walk
EMP
Ice Wall
Chaos Meteor
Ghost Walk
Ice Wall
EMP
Chaos Meteor
EMP
Ice Wall
Alacrity
EMP
Ghost Walk
Tornado
Alacrity
Alacrity
EMP
Forge Spirit
Cold Snap
Ice Wall
CASE #77: 
Ice Wall
EMP
Ghost Walk
Ghost Walk
Cold Snap
EMP
Chaos Meteor
Chaos Meteor
EMP
EMP
Alacrity
EMP
EMP
Ice Wall
Ghost Walk
EMP
Tornado
Ice Wall
Chaos Meteor
EMP
Tornado
Ghost Walk
Chaos Meteor
EMP
Tornado
EMP
Tornado
EMP
Chaos Meteor
Ice Wall
Ice Wall
Ice Wall
EMP
Ice Wall
Tornado
CASE #78: 
Cold Snap
EMP
Ice Wall
EMP
EMP
Forge Spirit
Tornado
EMP
Tornado
Chaos Meteor
EMP
Ghost Walk
EMP
EMP
EMP
EMP
Tornado
Ice Wall
Tornado
Ghost Walk
Tornado
Tornado
EMP
EMP
Forge Spirit
Ghost Walk
EMP
Ghost Walk
EMP
Cold Snap
Forge Spirit
Ghost Walk
Sunstrike
Forge Spirit
EMP
Tornado
EMP
EMP
Ghost Walk
EMP
Alacrity
Chaos Meteor
Ice Wall
Ice Wall
Ice Wall
Ghost Walk
EMP
Tornado
Forge Spirit
Forge Spirit
Forge Spirit
Ice Wall
EMP
Ghost Walk
Ghost Walk
EMP
Ice Wall
Ice Wall
Cold Snap
Sunstrike
Alacrity
Forge Spirit
EMP
Chaos Meteor
Ice Wall
Chaos Meteor
EMP
Chaos Meteor
Ice Wall
Sunstrike
EMP
Tornado
Ghost Walk
Forge Spirit
EMP
Ice Wall
Sunstrike
CASE #79: 
EMP
EMP
Forge Spirit
Ghost Walk
Ice Wall
Tornado
EMP
Ice Wall
Forge Spirit
Tornado
EMP
Chaos Meteor
Ghost Walk
EMP
Chaos Meteor
Tornado
Alacrity
EMP
Chaos Meteor
Chaos Meteor
Ghost Walk
Ice Wall
Alacrity
Alacrity
CASE #80: 
Ghost Walk
Ice Wall
EMP
Tornado
Forge Spirit
EMP
Ice Wall
EMP
Alacrity
EMP
EMP
Ice Wall
Forge Spirit
EMP
EMP
Ghost Walk
Alacrity
EMP
Tornado
EMP
Chaos Meteor
EMP
Forge Spirit
EMP
Ice Wall
EMP
Alacrity
EMP
Forge Spirit
Ghost Walk
Forge Spirit
Sunstrike
EMP
Alacrity
Chaos Meteor
Chaos Meteor
Forge Spirit
EMP
Ghost Walk
CASE #81: 
Forge Spirit
EMP
EMP
Ice Wall
EMP
EMP
Ice Wall
Sunstrike
EMP
Ghost Walk
Ice Wall
Alacrity
Alacrity
Alacrity
Chaos Meteor
Chaos Meteor
Ghost Walk
EMP
Alacrity
Tornado
Forge Spirit
Ghost Walk
Forge Spirit
Ghost Walk
EMP
CASE #82: 
Ice Wall
Alacrity
Chaos Meteor
Tornado
Chaos Meteor
EMP
Ghost Walk
Chaos Meteor
Alacrity
Chaos Meteor
Chaos Meteor
Cold Snap
EMP
EMP
Forge Spirit
Alacrity
Chaos Meteor
CASE #83: 
Forge Spirit
Cold Snap
Tornado
Alacrity
Ice Wall
Chaos Meteor
Ice Wall
Chaos Meteor
Ice Wall
Ghost Walk
Forge Spirit
Chaos Meteor
EMP
EMP
EMP
EMP
Ice Wall
Cold Snap
Ghost Walk
Alacrity
EMP
EMP
Alacrity
Ghost Walk
CASE #84: 
Ice Wall
Forge Spirit
Alacrity
Chaos Meteor
Tornado
Ice Wall
Tornado
Ghost Walk
Alacrity
Ghost Walk
Cold Snap
Sunstrike
EMP
Alacrity
Alacrity
Sunstrike
Forge Spirit
Forge Spirit
Ghost Walk
EMP
Chaos Meteor
EMP
Chaos Meteor
Tornado
Chaos Meteor
EMP
Alacrity
Ghost Walk
EMP
Alacrity
EMP
Alacrity
Forge Spirit
Cold Snap
Chaos Meteor
Tornado
Forge Spirit
EMP
Forge Spirit
Alacrity
EMP
Ghost Walk
Chaos Meteor
EMP
Ghost Walk
Sunstrike
Alacrity
Ghost Walk
Tornado
Ghost Walk
Alacrity
EMP
Sunstrike
Alacrity
Tornado
Ghost Walk
Sunstrike
Forge Spirit
EMP
Alacrity
Chaos Meteor
Forge Spirit
EMP
CASE #85: 
Cold Snap
Chaos Meteor
Tornado
Forge Spirit
Ghost Walk
Tornado
Sunstrike
EMP
Chaos Meteor
Chaos Meteor
Ghost Walk
Ice Wall
Alacrity
EMP
EMP
CASE #86: 
Alacrity
Cold Snap
Chaos Meteor
Forge Spirit
Alacrity
Forge Spirit
Tornado
Chaos Meteor
Cold Snap
EMP
Alacrity
Ghost Walk
Chaos Meteor
Chaos Meteor
EMP
Tornado
EMP
Chaos Meteor
CASE #87: 
Sunstrike
EMP
EMP
Alacrity
Chaos Meteor
Ice Wall
Ice Wall
Tornado
Alacrity
Chaos Meteor
Alacrity
Forge Spirit
Sunstrike
Alacrity
Alacrity
Alacrity
EMP
Tornado
EMP
Sunstrike
EMP
Tornado
EMP
Chaos Meteor
Tornado
CASE #88: 
Ghost Walk
EMP
Alacrity
Chaos Meteor
Chaos Meteor
EMP
Ghost Walk
Forge Spirit
Sunstrike
Ice Wall
EMP
Alacrity
Tornado
EMP
Ghost Walk
Ghost Walk
Ice Wall
EMP
Alacrity
EMP
Forge Spirit
EMP
EMP
EMP
Cold Snap
Sunstrike
EMP
EMP
Tornado
Forge Spirit
Chaos Meteor
Chaos Meteor
Ice Wall
EMP
Ghost Walk
Forge Spirit
Ghost Walk
EMP
EMP
Alacrity
Ghost Walk
Ghost Walk
Chaos Meteor
Ghost Walk
Alacrity
Chaos Meteor
Ghost Walk
Alacrity
Cold Snap
EMP
Sunstrike
EMP
Forge Spirit
Forge Spirit
Ice Wall
Tornado
EMP
EMP
Chaos Meteor
Tornado
EMP
Alacrity
Ghost Walk
Chaos Meteor
Tornado
Chaos Meteor
EMP
Chaos Meteor
Ice Wall
Ghost Walk
Ghost Walk
Chaos Meteor
EMP
EMP
Ghost Walk
EMP
EMP
Sunstrike
EMP
Tornado
Forge Spirit
Chaos Meteor
Tornado
Cold Snap
Chaos Meteor
EMP
Alacrity
Tornado
Sunstrike
Ice Wall
CASE #89: 
Ghost Walk
Chaos Meteor
EMP
Forge Spirit
Alacrity
Alacrity
Alacrity
Ghost Walk
Chaos Meteor
Sunstrike
EMP
EMP
Forge Spirit
Ghost Walk
EMP
Ice Wall
EMP
Alacrity
Cold Snap
Alacrity
Cold Snap
Ghost Walk
Sunstrike
EMP
Chaos Meteor
Alacrity
EMP
Ghost Walk
Sunstrike
Ice Wall
Chaos Meteor
Ghost Walk
Sunstrike
Tornado
Chaos Meteor
Chaos Meteor
Ice Wall
EMP
Ghost Walk
Tornado
Tornado
Forge Spirit
Sunstrike
Sunstrike
Ghost Walk
EMP
Sunstrike
Chaos Meteor
EMP
Sunstrike
Alacrity
Ghost Walk
Ice Wall
Chaos Meteor
EMP
Alacrity
Ghost Walk
Forge Spirit
Sunstrike
EMP
Alacrity
Chaos Meteor
Forge Spirit
EMP
Ghost Walk
Alacrity
Alacrity
Tornado
Chaos Meteor
Ice Wall
Ice Wall
Cold Snap
Tornado
EMP
Alacrity
Sunstrike
EMP
EMP
Forge Spirit
Tornado
Sunstrike
EMP
EMP
Tornado
Forge Spirit
Forge Spirit
EMP
Ice Wall
Ghost Walk
Ghost Walk
Tornado
EMP
Ice Wall
Forge Spirit
EMP
Ice Wall
CASE #90: 
Tornado
Ice Wall
Alacrity
EMP
Ice Wall
Ghost Walk
Forge Spirit
Chaos Meteor
Tornado
Sunstrike
Ice Wall
EMP
Sunstrike
Alacrity
Forge Spirit
Forge Spirit
EMP
Ghost Walk
Ghost Walk
Cold Snap
Ghost Walk
Cold Snap
Chaos Meteor
EMP
Forge Spirit
Ice Wall
Ice Wall
Forge Spirit
EMP
Forge Spirit
Tornado
Ice Wall
Tornado
EMP
Chaos Meteor
Ghost Walk
EMP
Tornado
Chaos Meteor
Alacrity
Forge Spirit
Alacrity
Alacrity
Ice Wall
Alacrity
EMP
Ice Wall
EMP
Ice Wall
Tornado
Forge Spirit
EMP
Ghost Walk
Ice Wall
EMP
Ghost Walk
EMP
EMP
EMP
Ice Wall
Forge Spirit
Chaos Meteor
Tornado
Tornado
EMP
Ghost Walk
Forge Spirit
Alacrity
CASE #91: 
EMP
Tornado
Tornado
EMP
Ghost Walk
Alacrity
Tornado
EMP
Ghost Walk
Cold Snap
EMP
Ice Wall
Alacrity
Alacrity
Chaos Meteor
Tornado
Cold Snap
Ghost Walk
Chaos Meteor
EMP
Forge Spirit
Forge Spirit
Ghost Walk
EMP
Chaos Meteor
Ice Wall
EMP
Sunstrike
Ghost Walk
Cold Snap
Alacrity
Ghost Walk
Forge Spirit
Tornado
Alacrity
Chaos Meteor
Chaos Meteor
Tornado
CASE #92: 
Ice Wall
Alacrity
Ice Wall
Alacrity
Ice Wall
Cold Snap
Tornado
Ice Wall
Tornado
Ghost Walk
Ghost Walk
EMP
Ghost Walk
Sunstrike
Alacrity
Forge Spirit
EMP
Ghost Walk
Ghost Walk
Ghost Walk
EMP
EMP
Ghost Walk
Tornado
Ice Wall
Alacrity
Ghost Walk
Chaos Meteor
EMP
EMP
Tornado
Tornado
Forge Spirit
Cold Snap
Ghost Walk
EMP
EMP
EMP
Cold Snap
EMP
Tornado
Alacrity
EMP
Alacrity
Forge Spirit
Tornado
Tornado
EMP
Ice Wall
Forge Spirit
Sunstrike
Ghost Walk
Cold Snap
CASE #93: 
Ghost Walk
Chaos Meteor
Tornado
Alacrity
EMP
Ghost Walk
Ice Wall
Chaos Meteor
EMP
Tornado
EMP
Sunstrike
EMP
EMP
Chaos Meteor
Alacrity
Ghost Walk
EMP
Tornado
Ghost Walk
Forge Spirit
EMP
Tornado
EMP
Tornado
Ghost Walk
EMP
Chaos Meteor
EMP
Chaos Meteor
Tornado
Ice Wall
EMP
Chaos Meteor
EMP
Cold Snap
EMP
Sunstrike
EMP
Chaos Meteor
Chaos Meteor
Ghost Walk
Ice Wall
EMP
EMP
CASE #94: 
Ice Wall
Cold Snap
Forge Spirit
Sunstrike
EMP
Tornado
EMP
EMP
Alacrity
Ghost Walk
Tornado
Forge Spirit
EMP
EMP
Forge Spirit
Ghost Walk
Forge Spirit
Tornado
Sunstrike
Ice Wall
EMP
Tornado
Alacrity
Chaos Meteor
EMP
Tornado
EMP
Ice Wall
Forge Spirit
EMP
Ghost Walk
Cold Snap
Alacrity
Ice Wall
Ghost Walk
EMP
EMP
EMP
Chaos Meteor
EMP
Tornado
CASE #95: 
EMP
Forge Spirit
Tornado
Ghost Walk
Alacrity
Chaos Meteor
Chaos Meteor
Forge Spirit
EMP
EMP
Ghost Walk
EMP
EMP
EMP
Ice Wall
Ice Wall
CASE #96: 
Ice Wall
Ghost Walk
Ghost Walk
Sunstrike
Ghost Walk
Tornado
Ghost Walk
Alacrity
Sunstrike
Sunstrike
Ghost Walk
EMP
Sunstrike
Cold Snap
Ghost Walk
Forge Spirit
Ice Wall
Ghost Walk
Ghost Walk
EMP
EMP
EMP
Ice Wall
EMP
Alacrity
Tornado
Forge Spirit
Ghost Walk
Ghost Walk
Forge Spirit
EMP
Chaos Meteor
Forge Spirit
Forge Spirit
Alacrity
EMP
EMP
Ghost Walk
Ghost Walk
Chaos Meteor
Ice Wall
EMP
Alacrity
EMP
CASE #97: 
Forge Spirit
EMP
Chaos Meteor
Tornado
EMP
Ice Wall
Ghost Walk
EMP
Cold Snap
Ghost Walk
EMP
EMP
Chaos Meteor
Cold Snap
Chaos Meteor
Chaos Meteor
Cold Snap
Tornado
EMP
Cold Snap
EMP
Ice Wall
EMP
Alacrity
Alacrity
Forge Spirit
EMP
Forge Spirit
Cold Snap
Alacrity
EMP
Tornado
EMP
CASE #98: 
EMP
EMP
Ice Wall
Tornado
Alacrity
Ice Wall
EMP
CASE #99: 
Chaos Meteor
Tornado
EMP
Sunstrike
Forge Spirit
Tornado
Tornado
EMP
EMP
EMP
Cold Snap
EMP
EMP
Forge Spirit
EMP
Chaos Meteor
Forge Spirit
Forge Spirit
Alacrity
Tornado
Ice Wall
Chaos Meteor
EMP
Chaos Meteor
Forge Spirit
Alacrity
Ghost Walk
Chaos Meteor
Ice Wall
Ice Wall
EMP
EMP
Alacrity
Tornado
Ghost Walk
Tornado
Ice Wall
Forge Spirit
Chaos Meteor
Cold Snap
EMP
Forge Spirit
Forge Spirit
Chaos Meteor
Chaos Meteor
Alacrity
Tornado
Tornado
Ice Wall
EMP
Chaos Meteor
Ice Wall
EMP
EMP
Ghost Walk
Tornado
Tornado
Alacrity
EMP
EMP
EMP
Forge Spirit
Alacrity
EMP
EMP
Ice Wall
CASE #100: 
Chaos Meteor
Ice Wall
Ice Wall
Alacrity
Tornado
Ice Wall
Alacrity
EMP
Alacrity
Alacrity
Tornado
Cold Snap
Cold Snap
Chaos Meteor
Ghost Walk
Tornado
Ghost Walk
Chaos Meteor
Ice Wall
EMP
Tornado
Forge Spirit
Tornado
Cold Snap
Ice Wall
Tornado
Ice Wall
EMP
Ghost Walk
Chaos Meteor
Forge Spirit
Chaos Meteor
Alacrity
EMP
Sunstrike
Forge Spirit
EMP
Tornado
EMP
Tornado
EMP
Forge Spirit
Tornado
Chaos Meteor
Chaos Meteor
Tornado
Ice Wall
EMP
Sunstrike
EMP
EMP
Tornado
Cold Snap
Chaos Meteor
Ice Wall
Tornado
Tornado
Forge Spirit
Ghost Walk
Ghost Walk
EMP
EMP
Ice Wall
Forge Spirit
Tornado
Ghost Walk
Ice Wall
Ice Wall
EMP
Tornado
Sunstrike
EMP
EMP
Ice Wall
Alacrity
Ice Wall
Ice Wall
Forge Spirit
Ice Wall
Sunstrike
Tornado
