CASE #1: Drunkard Blockbusted Arrhythmia Hydrotropic Drupaceous 
CASE #2: Eyespots Furriner Ochered Soubise Hypoxanthine 
CASE #3: Subantarctic Meteoriticists Unlawful Enamoured Amidase Emits Askew Maharajah Ethicals Accipiters Emancipationist Cakewalk 
CASE #4: Concelebrations Bulling Comedies Noncitizen Dioxin Poohed Outboxing Industrials Gasconader 
CASE #5: Presa Martyrizes Refereed Levodopas Motive 
CASE #6: Sextarius Nonequivalent Packeted Wench Hemophiles Enraptures 
CASE #7: Pneumothorax Poromerics Laryngals Expurgatorial Acceptors Racewalkings Thoughtful Idiomatically Touchdowns Knaur 
CASE #8: Polliwog Malamute Mudders Southing Lesbianism 
CASE #9: Rhinitides Bourgeoisifies Wintled Voyageur Bagpiped Connectable Albinic Neatnesses Salinization Wingding Thiazoles 
CASE #10: Litigant Rereleased Monogeneses Sardius Gheraoed Scarab Meditative 
CASE #11: Vestment Samps Atomical Carapaces Grammaticalness Gimmick Telegonies Decadently 
CASE #12: Wardenships Whacking Eyeblink Semiconscious Asbestosis Increases Posies Generality 
CASE #13: Clamworms Antilogarithms Silently Slammer 
CASE #14: Promotions Defences Redias Burble Penalization 
CASE #15: Spectrometry Metepas Tetrahymena 
CASE #16: Tube Ratemeter Arteriole 
CASE #17: Chlorpromazine Consciences Sacrarial Liquidnesses Downtown Alterer Ichthyoids Tapalos Lamenting Keypunched Snakinesses 
CASE #18: Taille Accelerant Dysphagias Costumes Attainable 
CASE #19: Aftercare Farthest Lemma Locomotor Hessians Bigeminies Maneuvering 
CASE #20: Equips Tiffined Lalls Cognomen Polluters Adumbration Complimented 
CASE #21: Selections Materfamiliases Elevates Sparlike Candidness Countercharge Scrounge Cuesta Cirrhotic Sedans Eremuruses Centres 
CASE #22: Astheny Beer Forestages Scraggily Trichomonacide Endomorphism Coinfer Drouth 
CASE #23: Preselect Cist Considerate Flogger Impala Cuties Depletions Prodrugs Sulfites Arctangents Rubbling 
CASE #24: Expurgatorial Maneuvering Rees Endozoic Anchor 
CASE #25: Stereoscopes Verdicts Paradisial Lovemakers Diamides Katharsis Broadish Roundhouses Elute 
CASE #26: Linealities Tomahawked Risorgimento Intermediation Baa Organon Capitulations Myopias Sarkiest Beechnut Cozie Fease 
CASE #27: Pillory Galagos Ta Proettes Orinasal 
CASE #28: Pays Kiloparsecs Irreconcilable Versatilities Demographic 
CASE #29: Aquarelles Straphung Freshened Clouters Hemes Halalah Coryphaeus Acinus Kazatskies Reconsoling 
CASE #30: Hemes Anabatic Antihysteric Prisoners Immeasurable Ridder Rousseau Preboarded Unreeved Gentrifiers 
CASE #31: Intrigants Insisters Profiteered Intonated Routeman Merlot Pericopes 
CASE #32: Semiology Besting Grandmama 
CASE #33: Redfin Acarines Fillister Titmouse Smudgier Maritally Lovelily 
CASE #34: Oceloid Cotrustee Constrained Crawl Stored Puffinesses 
CASE #35: Comparers Innocuousness Refry 
CASE #36: Unstablenesses Knurled Putzes Exfoliation 
CASE #37: Linins Zeppole Prodigy Electrowinning Shoyus Granule Recreant Inharmoniously Churchmanship Tektites 
CASE #38: Diabolized Redistributing Antifashion Chemosorb 
CASE #39: Valse Acidophiles Enhancer Instillation Snarler Peached 
CASE #40: Obtrusions Plutocratically Chabuk Laneways Zippy Delayed Nonyl 
CASE #41: Sifting Connotes Roqueting Internucleonic Trouty Detrimentals 
CASE #42: Penang Prepublications Studhorse Tractableness Incidents Outsnore Decalcify Bahuvrihi 
CASE #43: Rexines Speedo Undubbed Teles Cannibalised Knawe Smudgiest Kwanza Sweatshop Triazines Preachingly 
CASE #44: Ditching Countersuing Prase Noninflammatory Calamondin Cutinises 
CASE #45: Fiberglasses Doubtfully Collenchymas Chemicals Schleps Pyrene Nostrum Kabbala 
CASE #46: Cloture Orphanage Perkiness Gull Convicting Overlengthens Stipend Redbaiter Sendups 
CASE #47: Hockshop Pedaling Laryngals Etherizes Resurrectional Stellated Antenna Apos 
CASE #48: Trisyllables Ginny Antimacassars Leasehold Ragtime 
CASE #49: Is Genuineness Liquidnesses Papilionaceous Teles Admixes Candlewick Phrenological Boardmen Pileate Jiujutsus 
CASE #50: Alloplasm Manorialisms Rabidnesses Modulator Prowlers 
CASE #51: Proofer Alterer Scorifier Paratroop Contestable Estivations Locomotor Bits Fettlings Eligibles Suing 
CASE #52: Sullies Cuddy Missets 
CASE #53: Thrombocytes Filagreed Opuscules Bostons Appears Perspicacious Medicinable Busses Pion Literalisms Nucha 
CASE #54: Callan Flextimers Bimodal Immortalization Unpronounceable Denotation 
CASE #55: Shipboards Coinfer Jazzed Daysides Windbell Umps Andesytes Unionisation Positiveness Sissies Flagitiously 
CASE #56: Horsewoman Sulfate Rabbles Lacunas Compliantly Vials 
CASE #57: Eupeptic Strategically Secondary Messenger Defences 
CASE #58: Misclassifying Tankard Outwiling Combating Commercialistic Ethos Presciences Tragi Grandness 
CASE #59: Albizias Distributed Vulpine 
CASE #60: Lapeled Sympathizer Shadiness Headsets Fermented 
CASE #61: Cholecystitis Polypores Tokenisms Cutinising Presuppose Hypoderma Neurosis Categorizations Matronizing 
CASE #62: Hunkies Zebrass Sapsucker Bean Wineries Conins Valeric Sheepcot Protonations 
CASE #63: Archidiaconal Relativistic Cyclothymias Sarcomatosis Emblemizes Gabby Touchline Unhatted 
CASE #64: Ferricyanide Governance Counterviews Overhold Radioactively Swails 
CASE #65: Pluripotent Obsidians Wights Remotivated Anthological Lunchtime Sveltely Lobotomising Parenchyma Spadones Bedunced Prisoners 
CASE #66: Rabats Gratifyingly Teakettles Knawe Utilised Wallpapers Alterer Mineralized 
CASE #67: Painch Anabatic Discharged Helpmeets Cohogs Regimes Sleepiness Antilogies Misplant Bashfully Butenes Counterstrike 
CASE #68: Reuse Straddling Timberman Fumigants Sulky Tensionless Naysayings Accedence Usefulnesses Headfuls Postcrisis 
CASE #69: Dropforge Promoters Quintic Suburbanite 
CASE #70: Trabeate Fovea Bankrupt Amenability Archidiaconal Emits Amortization Cornifying Syngamy Chimaeras 
CASE #71: Bambinos Emboss Restacked Besmiling Shooling 
CASE #72: Wok Woollens Darkies Enfeoffed Waitress Rockier Chit Darkly Sanitation 
CASE #73: Alkane Pic Mutable Curtsied 
CASE #74: Extensivenesses Zincy Gipsies Standing Chronaxie Creatinine Ravined Convoys Pornography Sorceries Fawns 
CASE #75: Jaegers Pointedness Linns Divertimento Glycopeptides Voguings Uteri Unspilled Conferrence Misoneist Chlorpromazine Granulates 
CASE #76: Backloading Nonhistone Acidified 
CASE #77: Tended Diatribes Sapajous Mel Influence Vitriols 
CASE #78: Mouthbreeders Lambasting Founders Comatik Wheelbarrowed Subadults Leniently Lampblacks Botryoidal Unhatted 
CASE #79: Ferret Bookers Facedowns Bethorns Albinistic Pogonophorans Shikarees Argon Mirkiest Jaguarundi Countersuing 
CASE #80: Grandfathered Vita Tribal Debacles Ordinand Rewinding Bursitis Resoftening Virtualities Recommission 
CASE #81: Jugate Squilgeed Calorimetry Pike Procured Nonbearing 
CASE #82: Areic Dehydrated Unmelodiousness 
CASE #83: Mitogenic Hygrophyte Possessors Outserves Butterflyers Mirepoix Nonevaluative Finbacks Caracara Cruet 
CASE #84: Carotenoid Antiquations Tyranny 
CASE #85: Maccabaw Isoelectric Chronogram Antihero Houseboys Dynamiting Stole Garter Winsomeness Aquiver Uncooled 
CASE #86: Overcommitments Ordinaries Nomogram Tyranny Heliograms Babyhoods Quesadilla Quango Reexhibited Predicated Trachea Merman 
CASE #87: Sansculottes Wagonloads Intermetallic Aspersers Aromatics Decollates Superquality 
CASE #88: Inurned Lavallieres Improprieties Lustrates Terbic Antiquity Demonstrates Triennia Calorie 
CASE #89: Proviso Graveside Overspilled 
CASE #90: Champed Persecuted Tumblersful Besots Coneys 
CASE #91: Eosin Stems Aerophore Modularly Shadiness Skiffling Pressurise Teratologic 
CASE #92: Ply Play Wergelts Bewrapt Nectarines Smudgier Kaputt Straggled Brouhahas Ignobilities Rash Windbells 
CASE #93: Twanky Landing Jerks 
CASE #94: Overprocess Melanizing Outlining Scientist Shamans Actuarially Watchcries Whid 
CASE #95: Nickering Underbrushes Koupreys 
CASE #96: Syrup Iced Mensurations Photoperiod Ausforms Windgalls Pleadings Overlaying Provisioner Interrogee 
CASE #97: Set Dethatched Gumboils Revolters Across Anointment Copestones Telemeters Maggots 
CASE #98: Proofed Koupreys Earringed Tamper Reeving Convoys Involuted Brumby Naturalistic Volleyer Straggled Wolfers 
CASE #99: Millieme Gaeing Protester Shadiness Convoys Elucubrations Gombroons Benchwarmer Anergias Roads Lucubrate Symptomatology 
CASE #100: Misthrew Chymotrypsin Affectless Kales Wights Chiasmatic Augury Encumbers Quoiting Interbreeds Concelebrations Snorer 
