CASE #1: 
1*10
2331
2**2
*4*2
CASE #2: 
2*3*3232
*35*4***
13**43*3
03**2111
02*32110
12211*10
2*323210
2*3**100
CASE #3: 
*23*22*32*2111*21
2*5*32*4*34*2224*
12**445*32**22*4*
1234****333312*31
2*23*5*4*4*201221
*4*433233**4222*1
3*5**11*335**2*32
3*5*31112*4*323*2
3*42200135*4224*3
*54*2111***3*2**4
***22*113*43123**
2432222134*10025*
01*12*32**31001**
01113*5*6*4110244
00113*5*5*4*101**
222*213*32*321122
**2110111112*1000
CASE #4: 
*201*11**
*41223232
**22*2*21
*44*4444*
23**3***2
2*6432432
2***213*3
13**32***
0123*224*
CASE #5: 
2*33**102*3101*11*3*2
3**4*5213**10122213*2
4*43*4*23*43211*32322
**323*4*422**333**2*1
*64*324**336**3*53211
***44*45*6***55**2111
35*4***3****5**5*21*2
*314**54334*33*31124*
*323*4**20122211012**
2*2*334*4234*31112*5*
2233*13*5*****32*323*
*11*323**3445**22*111
1113*23*522*432223210
2212*23**33**211*3*31
**11113***345*1124*3*
3421113**42**2101*232
*2*22*23*43321001112*
1213*3112**322211114*
0014*31123*4**2*11*4*
013**32*2213*3323345*
01**32*3*101111*2***2
CASE #6: 
*22*2*1112*11122*2*2110000
3*334322*3222*4*3313*31100
*22**4*323*24**3*113*4*211
2213**22*322**32122*3*23*2
*10122113*43333222*22223*2
110000003***12**2*2112*211
122101112**633*333434*4210
2**212*124***2222*****4*42
3**32*211*45432*23*5*44***
*44*211012*2**3222334*34*5
12*32112222444*12*5*4*23**
0223*33**22**2123***6445*4
12*33**65*222101*35******3
1*4*35***3211213333**6**5*
13*43**64*11*3*4**44*434*3
03*5*5*4*42324*4***33*34*3
14**3*35*5*3*22345*33**3*3
*4*5322***5*312*5*5*33332*
14*6*21234**213***5*44*322
02***20013*323*55*55***4*1
123542001*323***33***5*543
*11**211113*5*55*33*432***
221233*2112**4*5*324*323*3
*2212*34*214*42**32***2322
2*3*22*3*424*3235*44*6*4*2
12*211122**3*21*3**22**4*2
CASE #7: 
02***2012*222**200001233210124*32112***21112*20
03*7*313*5*3*5*321212****212****3*23*6*42*24*41
14**55*5**35*43*3*2*445432*2345*434*34**23*5**2
*4*****6*42**34*4122**2*11112*423**3*22212**5*3
13*5544**3344*3*2012444210124*5*32333222223*32*
012*3*2222**3121101*2**1001**4**323*3*3**234321
0023*331124*3111102343210013*323*2**43*322***10
001*3*2*11*4*32*112**2100001111234432*21125*410
122222321113*4*211*44*100112112*4**223211*5*300
*4*324*311233*21123*321001*3*23*5*32*2*222**310
*4*5****34**32212*33*211024*33*4*211133*1124*20
243**545***43*33*4*223*112**22*3121101*32113*31
*3*434*4*5*22**4*6332*321*43112211*2112*23*324*
25*31**312111334***3*4*113*3111*235*31123**31**
1**42443100012*23545*52313*3*2344****102*6*424*
13*3*3**10123*321**5*5*4*22333***45*3214*6*3*21
01234*43211**5*3333**5**323*3*444*3222*4**22121
001*3*22*336**3**2123*334*6*65*33*32*213*43323*
00112113*6***334*3101111*******4*34*421112***6*
12210002****422*5*10000236**434*4*4*4*101346***
2**212123*65*23**3211113*5*3214*524*42112**5*52
*322*3*212**45*44*21*22***311*4*4*33*101*45**42
110124*20135***22*4322*45*20113*44*4220223**5**
22102*53212***4212**234*21101122*3*4*223*3323*3
**212***5*4354*211333**210012*11233*34**4*32211
34*1124***3*2*4*223*23320001*2213*313**4*4**221
1*222222433122*44**212*21112222*5*424*3214*5*2*
1111**323*31112**53202*21*22*12*4*3**44212*4242
00013**2**3*2124*5*1011223*2111121346***3322*3*
2322243333313*44**210001*3221212111****5**333*2
***3*2*22*102***321012233*11*2*2*2344324*5**421
*6*3123*322113*310012**3*323231334**2224*55**21
*323223*33*312342112*6*522*2*112**44*2**4**544*
222**4*4*3**11***12*4***1112123*44*312223**5**2
*23*4**312221124322*3232100124**33*3111013**421
2*32433100000113*43211122223****44*31*21114*311
234*2*32222113*4***101*2**5**8***3*2234*102*32*
1**432**2**21**34*5322124******433223**310124*3
25**222345*223312*5**3114**6**312*21***42234**2
2**5*101**332*2123****33**5*43213*324***3****31
3*6*331223*3*5*23*5444**44*23*32*5*34*633*54321
2**3*3*21113**22**5*33*5*5433**34**3***234*32*2
12233*4*312233334*6**336****4443**42233*2***33*
0001*23*3*2*23**32**43***643**4*6*2011212233*21
110222234233*3**21223*55**214*5**3201*222113320
*322*23**44*323331224*3*6*523*433*11222**12**10
2**22*3*****201*2*2**222****22*11111*112212*310
CASE #8: 
*21
35*
***
CASE #9: 
2**3**11110001111*100111011
*323*433*10001*2211002*322*
222234**4321234*211002**3*2
1*3*3**6**3*2**22*210246*42
224*323**5*3443224*202****1
1*211136*523**11*3*312*4321
122101****23*311133*1122211
02*21233434*321113*4312*2*1
14*31*101*3*32*12***2*22332
2**3222111212*323**33332*2*
3*5*44*3101233*12*323**2232
*44*****101**2122223**411*1
*3*444*321333112*11***31111
123*21223*3*224*323444*2111
003*301*3*323***21**22*22*2
013*20123322*4*3113*22333*2
01*32002*3*21222101111**421
123*2112*532001*2111113**21
1*322*222**21234*21*102333*
12*112*224*32**5*312322*12*
13320113*43*23*5*212**21111
3**21103**42212*332*3221100
**43*214**6*2012*4*3212*111
*32*22*4****42333**42*3221*
12232214**7*3***35**323*222
01*4*202***33344*4*44*422*2
012**2013*32*11*3*3*3**112*
CASE #10: 
*3**3*11*3*11*3**33*
36**43322*32224***3*
***54**334*21*334332
3*4**44**4*3212*11*2
2345*33**32*2111123*
1**3*33*4334*10124*3
12234*44*3**2101***3
1222***4*323210235*3
2**34**52113*201*33*
3*5*44**211**3012*32
*23*3*44*224*311223*
1122312*45*323*22*21
111*2123***42*4*2121
*2212*12*6**43*4311*
2*3221112*4**33**222
12**21112124*54**31*
1223*11*3212***5*421
*1022335**333434**31
1101*3***4**33*23**1
000113*42223**211221
CASE #11: 
1*1012332112*1000012***4*102*3*11*
11112****22*3100012*45**2214*52211
1102*445*22*211213*32*3222*3*5*200
*214*42*211222*3*4*222212*333**310
12*3*5*43111*213*3112*43*3*12*5*21
24343***3*23232322223***321113*33*
***4*5**42*3*3**34**335*312323*34*
*5**5*4*2125*545***6*34*33***212**
123**321113***4**6**5**4*3**432332
0124*31124*****334***5*31224*3**21
23*22*22***54*433*34*3221013*3333*
**2112*24**4212**322222*101*222*32
443111123***2134*33*22*4213444*32*
**3*2213*5423*4*4*4*44**32*****211
35*4*3*3**113*5*55*4**5**324*43221
*4*53*455533*4*3***45*44*302222*4*
13*3*3*****5*413344*4*22*312*33**2
12121224**4**212*24*41113*22*4*531
*11222133444311*4*5*31223*3224**10
122**2*3*3**4333*3**21**22*11*4310
12*4332*34*****324331133211223*211
*324*223*2233322*3*3212*2001*324*2
23*4*32*431011223*5**34*200223*3*3
3*5*33*4**102*4*33**5**33223*3233*
***4*33*42103**22*45*433**3**21*32
2323*33*20114*42222**32*4*433112*2
221123*3212*5*42*22433*4545*32123*
**102*43*23*4*5*44*3*22******2*12*
23212*3*22*344***4*4112455*4222232
12*11121235*3***55*2012**333333*2*
*31112211***3345**4324*66*3****343
*4102**2233322*3***3******434432**
**212*43*212*3232445*5*433*12*335*
*4*1112*22*212*101**221101112*3**2
CASE #12: 
12*111100112111*
*4222*4323*3*343
*6*33****5*42***
****324**5*32232
3*5*20123*4*2110
1121111112*22*10
121102*311233210
*4*203**211**210
*5*524*5*2223*21
24***5*53*2112*2
*456*5*4*5*1023*
3***4*24**3112*2
*333*213**312*21
22012335*54*3110
*2122****5**3221
12*2*4*43**32**1
CASE #13: 
001***22*22*11**20
0124*4*23*43323*20
12*445445*4**12220
*22*******43321*10
2223******32*11221
2*334555432*4312*2
*5**2**3*222**23*3
3**3223*4*225*44*3
*33321236*31***3*2
234**22***334*3211
2***4*24*5*3*21000
*6*42113*42*431111
*5*31112*444**12*2
25*42*123***4322*3
1***3333*3434*434*
1233*3**311*4***3*
11012*6*3023*6*421
*10012**201*3**200
CASE #14: 
2*32121100012*11**3100002*5*312*1
2**2*2*21113*3224**222213***4*222
24431323*22**32*3333**3*35*5*323*
2**212*34*334*212*12*5*32**523*4*
*323*44*5*21*221211113*323*4*423*
1102*3***321223*3111224*2114**322
000113343*101*4**11*2*4*4102**3*2
110013*32210235*4222323**2012234*
*2122**4*4211**33*22*113*422223**
23*2*324***2135*312*32012**5**3*4
*2233212*5*322**4123*21234***544*
122*2*22223*4*5*4*23*21**2234**5*
12*2212*213**23*32*3333321014*5**
2*5310124*333333212*2**31101**544
2***2112**32*2**201135*5*2125*4**
24*6*32*322*235*41101**6*53*5*44*
*22***33211111**3*21245****5**55*
111234*4*212233322*23**5*44******
111002*5*32**4*2123*5*6*223**56*5
2*20124*32*6**44*23*4**333*433***
2*433*5*434**6**4*22344*2**42*34*
12***4***2****4*3111*3*444*3*3221
013434**434**43221023*4**32312*10
012*12**31*56*32*322*23*44*311110
12*3224*323****23**321234***32121
*34*21*22*2355312*4*101**45**3*2*
4*5*53323221**20113220123*224*432
**5***3*5*325*42223*322111102*3*1
23*4424***4*5**3**3*4**3332222322
122*214*524*6**32222*34****4*33*2
*1112*4*203**3210001123*5*4***4*4
220124*3103*6322211111*33133423**
*101*3*2002***2**11*112*101*10122
CASE #15: 
110112*4*311123*111101*22*2221
*323*44**3*11**212*21233*33**1
2**4*4**4323343225*31*2*34*421
13*43*5*43*3**11***32333*3*211
023*335*3**434333334*3*434232*
01*22**22233*2**112**42**2*3*2
12211343102*333312*5*323223*42
1*1002**103*42*102*312*1003**2
111002*3103**32312121322003*5*
11211122102*44*4*101*3*3213*52
2*3*333*1012*4**21123*4**23**2
*4*5***542112*43212*224*43*45*
13**35****2134*33*2223*32*22**
123322*45*43**5**322*3*3332233
*11*33223**3**4**32*3212**32*1
3433**22*4322334*33*31124**311
***323*22*1001*23*32*11*45*322
35*32433233222212*212222**33**
2*22***3*3**3*4221112*2223*222
*43335*43*545***3112*4*1022200
2**2*33*33**3*6*4*23*42112*100
232323*3*233425*534*5*201*2211
*433*323344*5*4**2**5*301234*2
****3*12******3223334*3012***2
34423222*433322122*12*212*3432
1*101*112221101*2*211223*322*2
111011223*2*2112321001*4*43*5*
0000113**433*222*112333*3**3**
11102*5**3*33*2*433***21223454
1*102**32212*222**3**310001***
CASE #16: 
122101*
1**3111
14**222
02*44**
1223**3
*33*421
*3**200
CASE #17: 
01110000111123*22323**22*11***3*221
23*211001*23**22***4*32*3335*6*3*3*
**44*31124*5*411234*32223**4**2325*
3**4*5*22**5*421102*32*23*44*422*4*
1334**22*544**4*31123*33*33*45*534*
01*334223**34*5**201*3*33*22*****32
2322*4*22*32*23**2011323*212344*4*1
**112**321123322332101*21101*222443
*421233*2122**212**1011100135*33***
3*21*3322*2*543*33310012211****3*53
4*324**33443**213*31112**223**3213*
**42***4***234312**11*334*12342103*
4**4454*44311**32222344*3221*3*102*
2**4**213*2013**2001***43*233*21011
234*32102*20014*410246*3*3*2*210011
1*2221001110113**112**443312232102*
2212*31100001*45543*5*4**4212**113*
*434*4*1001245*****3*23****23*411*3
****3*22222****5*64323345**54*2123*
3*532123**5455432**21**2*5***323*31
24*2112*****4**125*422223*5432*3*31
1**32*335*5*5*412***20113*5*223422*
134*213*31213*312***311*44**21**222
02*4214*300012*223*6*322**43324*21*
02**32**2011112*113***23332*3*22232
014**322212*1022202*54*2*112*321*3*
002**2001*32112*1023*32322013*433*2
2222221112*101*2223*4*32*1125***311
**1012*1012212222**24*4*211*****421
*3101*33212*21*24*644*3110236*65**1
1100123**23*2234*****422122*4*4**42
000012*44*2111**3445*5*5*5*5*33*4*1
11213*6*3110012222*22******4*212443
2*2*3***200112111*2113*445443311***
*22123*31001*2*1111001111**2**113*3
CASE #18: 
12*3322*2222211122
*33***33*5**2*11**
2*35**23***5312232
35*6*522*7**322*21
******213**4**33*1
346***314*5333*211
1*3*6*31**5*211100
22313*2246**211222
1*102222***522*4**
33312*12*5**13**43
**3*3223332223*32*
23*4*23**1002*3111
123*54**31002*3100
*24***44321113*211
24***32**3*202*33*
1***323444*20223**
355312**4*3112*332
***102*4**201*3*10
CASE #19: 
1212*2222101*4*321212*11*221223**212*2
*2*23*3**2123***3*2*33434*3*3**55*33*2
35444*4323*44***32444***5*54*6*4**4*21
*****3*102***33211***5*4**4**5*44*3221
25**5321013553100135*5344*33*312*333*1
03**5*32212***42212*3**3*211232213**32
14*5**3**33*5***4*3235*411001**225*53*
*4*43345*3*223***4*22**211224444****21
2*3*11**3211124*5*54*4443*2***5***4321
1121224*21111*213***33***344****5332*1
01233*3233*2122125*7*5443*2*33333*2*32
12***33*3**423*11******432323112*3223*
1*5*4*324**5**31125*6****12*3*23*212*3
35*4313*445***20114*5333212*312*211*3*
****212*4**4*4212*4**21111222111101132
*645*322*43335*22*3333*11*11*22321112*
*3*3**222*22***33322*311122212***21*21
132324*3233*3322**24*41102*32345*22220
12*114*5*2*32001333**3*213*4**2*322*21
*3211***433*10112*34343*12*334544*33*1
4*20246*3*21102*32*2*3*211233****3*322
**423**33221225*31122*32001**3333434*2
35**3*43*11*3***200023*1002331002**5*4
1**433*322235**420001*32112*32102**5**
13*22*44*32**44*1001233*22*3**113444*3
13223**4*4*44*211123*4*5*2122334**2*43
*3*23*5*5*43*22122**3***311112***423**
2*22*34*4**3222*3*43335*212*12*6*303*5
22212*3223*22*43*4*22*3111*43224*202**
2*3113*323223**313*22*20023**23*31124*
3**102*3**11*5*30222233101*543**522*43
2*421224342225*523*22**2013**23***22**
123*22*3*2*11****3*34**4102*3112332333
13*4*22*222333443223****1134310001*3*1
*5*41111112**22*112*5*6421***211012*32
2**2000112*322*321*4*4**222322*10012*1
12211222*332223*222*4*34*3110222011222
00001**22*2*2*22*112*212*3*101*101*11*
CASE #20: 
012*211*4****4323*2
01*4*124***5****4*3
012*223**42334434*2
013321**4322*11*211
23**22233**31222111
**45*311*5*322*212*
24*5**223*5*3*3*34*
24**433*43**4244**3
**44*35*4*322*3***2
223*6***422123*5*42
112****32*11*45*5*1
*212343222223****32
*21111*11*12*5443*2
222*11111112*3*113*
1*2222110001132325*
1112*3*1112111*2***
1123*3111*2*1223343
1*3*2100112223*21*1
12*210000001*3*2111
CASE #21: 
11222101**
1*3**20122
113**42100
22334**210
**3*445*20
*33**4**31
12244**32*
01*2*32111
2333210111
**2*1001*1
CASE #22: 
012211*101*2**100001*2
01**12220113331123333*
012322*10002*212****32
0002*3110013*21*33322*
1213*200001*2112210122
*4*5442111222212*322*1
*5*****11*22*2*22**211
*434554213*32432122211
*32*3**102*33**21012*2
2*323*31134*3*6*324*4*
13*211223**223**3***31
24*3223**33334*5545320
**3*2**4322***3***4*20
2232334*11*442335*4*20
001*11*3212*211*223210
0023445*2012*22323*321
001*****532212*2*3**4*
001235*****32212123*4*
011224**6*5**322223231
01*4**435*435**4**3*20
024***21**32**7**65*20
01**421123*23******210
CASE #23: 
13*3111*1000111001**2
2**5*22231102*200123*
*44**31*2*113*2000133
12*5*3212111*221101**
023*4*311123321*10122
01*34**23*5**12221110
0112*432****412*21*10
00013*2124**203*42110
12323*200233102**1011
2***421001*100122113*
3*6**11122332101112**
2*43311*2*2**201*12**
123*10112124*30122333
13*310001113*4222*3*3
*3*311111*13*5**323**
122*33*22112*6*6*2243
1224**3*11134***22*2*
*3*5*53212*3**4222221
2*3**4*224*533112*100
33324*6*4**4*201*2100
**102****323*20111000
CASE #24: 
1*34*312**210001110001**111101***33*3*12*3*100
35***4*334*21002*201244311*21247**3*3124*41111
****55*43*4*3113*433***2113*21***653201**2124*
3*44**5**24**12*4***4*4*212*3335****1012323***
2213***4213*522*44533232*112*3*33*4322223*4**3
*103*6*3234**2213**33*21111334*21122*3**3*3221
1213*544***44*213**5**31101**223211*34*3211000
13*32***443*33*24**5*53*2123322**2212*32211011
*5*32233*333*22*3*44**323*32*12*4*10235*4*202*
**4*10024**21223433*33*23**3322132201***5*313*
35*32112**4201*3**22222*223*3*101*3233534*22*3
2**43*22*4*2123*3322*2332012*32123**3*2*3212*2
*4*4**32122*11*323*313**221335*32*45*322*10111
1324*4*210123333*4*203*5*3*4****32*3*423332221
12*2233*2112**5*5*2102*546**45**21234**2**2**2
*3211*433*24*****221123*****32*5312*4*3333334*
3*2123**312**444422*22*3456*224**22*3222*22*21
2*22*34*5233422*2*333*321**211***33222*423*332
1224*33***4*4*3123*5*4*2243201344*2*12*4*224**
24*6*33*64**4*2002***313*5*2001*3343223*543**4
*****33*3*333221124*4323***201222**3*23****33*
23333*323233*21*11*22**5454311*11224*32*6*4111
001122*11*3**211111113***2**12221223*3223*3110
001*1123434*421011100123222211*11**444*1113*31
1122211***212*102*42100011100112344***32113**2
3*21*114*52112213***31101*100001**4455*21*23*2
**443202*5*212*13*6*3*112210011223**3**4333321
*6***1012**33*422*313332*10002*312334*5**3**21
2**53100123*5**111102**3110003*5*22*434*4*322*
123*21001122**5200003**3111002*4*22**2*2211011
0023*2122*224**111103**43*10023532233322111000
112*33*4*34*43311*323*6**21001***32*33*11*1000
*12*23**4*3*3*1024**43**3112224**3*4**22232100
222112**313243311***4*54202**23*323*5311*3*111
2*210244201*4**22455*5**212*6*31225**1012*444*
*4*112**1013***43**3**33*224**313***422122****
2*321*444323*6**5*33443333*3*43*4*532*2*335*52
24*3212****224***321**3**5443*44*4*12344**3*31
*3**211233222*444*124*33****43**4*312**4*444*1
1223*1011101*22*2123*4213*6*4*433*202**412**31
22122202*2133222201***3223*4*3*2232124*2024*31
**21*214*53**21*2235*4**12*31212*2*23*3101*34*
3*2112*3***4*322*3**222212332111134*4*20123*3*
2220123456432*2223*4200013**2*1112**42201*3221
3*312*3****3433*112*10002**42233*3444*3233*221
***12*32333***21101110002**201**22**3*3**22*2*
CASE #25: 
*****1112*22*2*10111112*****11*3*32112**2***22*
24*5321*22*2121101*22*34*432113*5**22*4433322*2
0112*232334310000112*4*22210014**33*33*3*211222
12223*3*2***112221224*421*3322**53323*23*32*11*
2**13*5223*311**4*3*3**123***234**4*32223*32222
*4322**101110135**4133312*43223*5**5*22*34*21*1
12*112321123323***413*314*4122**33**33*6*4*3332
0222001*11****4*6*4*3*4*4*3*3*43234*22***323**1
01*210111124**435*3123*5*4324*32*3*21123223*421
023*22321123323**31113*4*4*22*22*532011212**211
13*32***11**334**311*32313*321112**212*2*22212*
*3*223543235***45*2223*2122*10001222*212222112*
12112*5**12***5*3*43*224*4321000000222123*3*322
11102***412***5344**421****211011112*23**34*5*2
2*22234*2014***2**4**3345*43*334*32*23***34*5*2
*4*3*1122103**322334*3**23*33****4*212*533**643
24*31223*103*53111*3222223*33*6*5*210112*34****
1*3212**2102**3*334*31001*5*423*4220112222*3332
223*23*422135*53**4**10123***2223*101*3*2343111
1*333*33*3*3***334*42212*2344*22*22122*33***22*
13*3*22*23*55*6*22*212*2112*323*321*2212*344*21
14*41111124**4**33232*32013*21*3*223*322111*210
1**4210012**65*4*4*5*4*223*2122324*33**10022322
245**3111*4***322****533**4312*33**33*31001*2**
*3***4*111235*3124554**444**34**5*53*4311132433
4*56*5321012*3*22**3*44**334**54**3*3**22*5*5*2
***4**4*212*2212*324*33**32*5*3*322235*33*****3
4**44**23*4321011213*33*43*3*2222212*3*22**56*4
*432*3323**4*20113*32*23*3133311*2*324222444***
2*12232*223**202*4*32223*202**111212*3*32**3*42
1122*3*420122214*43*21*21213*432212234*4*532110
001*34**322213*5*44*311113*423**2*2*2*46**10000
11324*6*4**3*4*4*4**42212**3*344422233***520000
1*4*4**4*445*3233*56**2*22333*3**201*345**11221
12**423*34**323*32***321101*33*4*3234*3*3211**2
124*4233*5**33**213542122234*43312**3*3110013*3
*12*3**43**5*4*3212**11**3**5**222334443322122*
222344*3*4*43*222*223224*54**45*3*22******3*332
*22**223334*3111*4311*13*5*432**43*23*****43**1
2*33211*4*5*31122**11223**5*32223*4334*4322*443
13*21123**6*32*2223211*34*5**1002*4**32111223**
13*32*13***32*3*101*112*213*421024*44*312*34*6*
1*34*544*6*322222112211110123*223**22*3*22***4*
222*****3*33*213*202*3111112*33**54221222235553
*22344*433*212*3*313**11*11*4*33**2*1013*21****
*32*2223*21112222*23*31111225*423221101**324*53
12*3*11*21001*1012*21100001*3*3*1000001222*22*1
CASE #26: 
*1001*212122*101*11**101*222*2122**21
2210123*2*2*2101111332012*2*34*4*33*2
2*4211*2223321001112*3101234*5**2223*
2***112322*2*2213*22**1112*3*5*411*21
2343222**3344*3*3*323322*42213*311121
3*33*3*554**4*4343*12*33**10135*2002*
***4*43***44*22**3224**443223***2014*
24*55*5443*22235*42*4*4**11**332113**
013*****12332*2**3*4*5432224321223**3
113**5*311**32334435***212*5*32**3*31
2*3223331124*21*3**3*43*35****2333110
3*4211**1113*3234*433333***6*311*2111
*5**124532*224*3*23*4**33*4*21012*22*
*5*312***2222**4112**5*42121222223*32
2*2102**411*24*3013444**21233**3*323*
1121114*522113*301**3*6*33***334*22*3
223*213***2224*423333**23***421*212*2
**3*32*334*3**4**3*334323*65*21110111
23322*2102*4333*5*5**2*12**3*43332211
01*111112334*223*3**431112333*****2*2
13231212**3**21*3333*101112*33*43222*
*3*2*2*2223*32233*221223*12*321111122
2*343422233322*2*3*223**2112*1001*22*
34*3**12***3*2243434**3210012210123*2
**5*5323***4211**2**321000002*3112*21
**4*3*23*44*31134432100011114**11*320
222134*4212**323**3110112*22**3235*20
11112***2114**3***4*312*22*23332***31
*22*2233*324*6*5*44*3*2122211*2*4*6*3
13*422123**3**4*44*221212*22334233***
02*4*3*12*445*32**21013*43*2**4*44*53
233*5*31113**323431001***2135*5***22*
**32**21123**21**32123454322**5442222
**433212*3*33334**2*2**3**4*55**201*1
*5**2213*5321**222212223**6*5***20122
2*33*3*33**11343100001123**4**432223*
11112*22*32101**100001*11223*311*2**2
CASE #27: 
002*3*2*211*
013*4223*443
12*4*113****
*44*212*44*4
2**2103*545*
2433112*****
*3*2*114**42
3*322323*431
2*422**43*3*
12**45*4*33*
0124**33*211
0002**211100
CASE #28: 
2*23**322*1
*34**5**211
3*5*55*3111
2**3**3312*
122223*2*32
0000122213*
11113*3102*
2*12***1011
*213*753111
1102****22*
000124**22*
CASE #29: 
113*4*211**3*2111*1011211123**33**3**11*3210012*1
1*4**4*2224*43*123423*4*21**34**5*533344**2001*32
114**33*203*4*211***4*6*312335*55**32***5*31012*1
002*423*325*41101344*3**2112****4**4*6**32*101332
01344*334***200012*3232211*45*6*4223*4*4222212**1
12***43**45431102*55*311024**44*31011323*22*13*52
1*45*4*423**5*313****4*311***3*3*21124*313*422**2
23*214*302****3*24**45**433322123*32***523**225*4
*21103*4123*423234*5*4****3332114**335***2333*3**
222235*6*212211*4**43*45*4****43**4*12*5322*31222
1*3******213*334**4*44*2135*6***43211112*35*42210
234*5*6*422***2**444**3202**5333*22111123***5**20
*3*3323*44*5555432**43*335***3122*2*11*24*64***41
3*44*323***4****434*223****6*4*322321223**4*56**1
2**3*4*446*4234***3323*4334*33**21*223*5444*3**31
122224**3**4111356*5*4*4324*324*212*3****4*433321
23222*6*65*4*213*****44***5*21*333323*66*4*3*22*1
***3*3****35*31***545*5*5**32224***112**32133*222
3*5*434**5*4*334532*3**2346*32*3*421136*4112*422*
113*3*2335*64*3**43222222****54421112***6*23*4*32
00124443*4***3*5***21112*566****423*45****23*523*
0012****33*4222*5*33*21*3***5*5***3*4**54313*5*21
013*557*31110012*433*3233333*33344545*44*313**321
01**3***311012222**322*3*20223*11****33**4*2233*2
023334*43*102**1134*3323*312*322234*4*223*2101*3*
12*11*5*42324*3101*4**2324*54*11*1123222322111121
*42212**3*2**222222*33*3*5***2111112*11**21*11221
*3*213332133311**1122213*4*53211212*2224*21111**1
1334*3*1123*32222112*3222322*23*3*2123*5320124431
02**3*333**4**21101*4**11*2333**42201****101***21
13*3212**5*4333*3222*432233**3333*3222332212233*2
*21222223*3*22*4**322*23*4*5*32*22**321102*32133*
1101**101123*424***4322**6*53*21114**3*313**3*4*2
111123210002*4*324***2344***4320014*65*3*2334**32
1*2102*3110235*3123433**3344**1001****22234*3234*
12*214*5*311**3*33*11*333*23*310013**4224***312**
1222*4*5**113455**423332*34*54321014*42****32*233
2*2234*322113*****4*3**323******2214*5*44*544332*
*44*2*321113**55**523*33*3345554*4*4*4*322****2*2
2**3424*22*5*43*5**32223*21*4**44**5333*214*53321
123*4*4*34**23*45***11*32224**5**44**12*202*32*21
0012**42*4*523**5*631112*11***44*44*31111123*323*
00013*3335**13*7***310011112444*5**3210012*322*32
111122*2**4213***6**111112322**4**43*2001*4*212*2
*22*11124*3113***43223*22***35*55*43*200224*2012*
2*3210013*21*35*6*322**22*423***4**322112*2110022
24*31002*4323*3**4**234333434*5*4322*11*21111213*
1***2003**3*21335*5422**4****222*32211111013*3*3*
124*2002**31101*3**2*223**4321012**10000001**3121
CASE #30: 
00002*3222*3*101*21002*3*22222*1001**21
22113*5**22*21134*2103*633**4*5422233*2
**23*5**3123322**4*103***235*****3*212*
*32***44212**2*4*32212*5321**43324*3122
233454*2*24*4212233*2335*335420002*33*3
*2**3*3323**42122**3*2***4***101123*4**
1334*23*22***2*3*533133424*53323*23*54*
01*4322*21243324*3*211*224*33**4*32*3*2
123**1111112*11*222*1124**34**54*211211
*24*532101*443211123222**44****43200000
23**3**3244***3101*3*2*322**545**112221
1*4445*5***4***3113*432101222*3*312**2*
223**4**55434***213*3*1012211232102*332
1*2224*6**5*335*21*342312**202*3122211*
111113*5****32*3234*2*3*44*312*3*4*3232
1123*33*666*22*43**4323*4*5*22122**5**2
3*3**32****4323**5*5*2234**3*22234**34*
**33*32334**2*4444**33*2*44433**3*3212*
442223*1023433**4*322*3434**3*33*221222
**11*21112*3*23**22122*2**34*422221*4*2
*53334222*3*2223211*11133312**23*212**3
4**2***3*22111*101232112*322233**2014*3
**4225*53321011213*4*11*4**112*321003*3
**3002**5**21112*5**3123*5421*2101223*2
5*42235****33*22**4*201*4**1222112**322
***2**4**532**42444221335*311*33*2333*2
3*4334*44*223*3*2**33*2**21012**223*32*
23*33*3*22*11121223**3322100012333**211
2*5**2323232100001344*2101122211**43210
3*5*421*2*2*101233**33*223*3**213*21*21
*4*4*1113231112***322*3*2**44*31212223*
36*522002*2113*653212121223*334*112*12*
***4*1113*32*3***21*111101334**332*3221
*43*332*22*2124**21222*112**5*5*4*44*20
3333*3*21122224*3213*3111*44**32**3**20
**2*4*21112*3**311*3*211224*53223223320
*433*3312*224**20123211*11***32*1123*10
*42*3*3*3122*431001*1012223***3122**331
**21213*201*3*1000111001*1124*201*33*2*
CASE #31: 
2*2*10113*201*222211
*332213*5*31124**3*1
*32*23***4*211***522
13*33**5*32*2225*6*2
03*43*431113*323***3
13**22*32213**3*5**3
*223344**4*44*43*4*3
2212***33**3*3*2123*
2*23**3112221211124*
*32*3321000000013**2
*32111*101232101**52
3*11232101***1013*3*
*322**10023544211132
23*2222112*4***2102*
1*21001*12**444*424*
111012321134*13***3*
11012**3211*212*4232
*113*43**3332112222*
122**2123**3*101*4*3
01*3210013*311012**2
CASE #32: 
*3*101**212223*3*100000000
3*2212333*3**4*42321012221
*421*22*213*45*42**101**4*
**1112*320123***2221013*5*
2210124*3223*5*4210111114*
00001*3**2**4*32*212*2114*
1111333222223*2112*22*11**
2*11**21111112210222123332
*311223*43*212*212*102**21
*201223***34*424*31213*43*
1101**2345*4*3*3*312*43*32
01122211*4*423222*13**323*
13*2000124*22*212223*4*13*
*6*411001*223*32*22*22223*
***3*2123332*4*224*5312*31
3*5422*2**2*3*322****12*20
12**2124443233*23*5*311110
014*412**3*32*5*3233221100
003**34*44**45**21*2*3*222
113***4*23*6***422344*45**
*33***3124*5***31*2**4***4
**4342102**324*211224*6**2
3*3*21113*32232101123**542
1233*11*2111**1001*4*44**1
13*3122222234420013**22*31
1**201*11**2**10002*311110
CASE #33: 
2*221
*4*2*
2*343
123**
01*32
CASE #34: 
2*222*4*21***221112*11****4****213*4222*322***2
*4*2*4**224*4*2*23*311235**34432*4***2*3**34*4*
2*2324*434*321223**200002*422*112*4*322344*2121
2222*212***31112*3333221223*22211232101*2*22121
*23*3213354*22*3332***3*22*321*101*100223223*3*
35**32*2*2*3*324**34**43*22*11221111113*22*6*52
***64*34242423*3*43*323*4333333*21002*5*44***4*
35***5*2*2*3*42312*2113*4**4***5*2224**4**4434*
2*57**332425*4*3221113*44**6*5**32**5**446*21*2
*3****31*2*4*53**2212***23**335*435**322***3111
13345*422213**444*3*23*323555*4**3**311234*3121
02*23*4*221334**34*311111*****43*322112*1112*2*
24*34*54*4*2*2344**31111345*7*31121223*33233221
**32***3**22111**4*21*11**22**2002*4**5*3***221
**42333332111223332222234311221002*4***6*6*5*2*
3*3*223*2111*2*11*23*21**100000001124****4*3121
11213**44*11121224*4*2123210111001112**42334332
00002*4**2100013*5*434212*312*1002*3344222*****
001122332101112***22***12*4*311113*4**2*4*5444*
001*22*32213*22*53124531224*2124*32*3222**5*321
11223*4**2*3*213*202**211*3221***42210013*5**20
1*23*5*433221213*324*4*2222*224**4*10000125**42
112**4*22*2001*213**2212*1113*435*31011101**5**
001344213*42133312*4312333112*4*3*2112*21224*42
0013**102**3*2**123*3*3**5*213*33233*423*323*31
012**311344*333322*5*44****313*21*3**3*33**45*2
02*53212**323*22*34***323445*31113*5445*435***3
03*4*22*433*323*22****2112***31103**3***4*4*6*2
25*412*33*212*33224*5212*44643*102**56*65*32*32
***3122*211013*3*23*2003*4***4211234*****4323*1
3*43*112211112*323*32003*645**212*34**5***3*321
223*4211*22*33211*4*2224***2234*43**333333*3*10
*12*5*323*33**1012*34**4*74201**4*4312*31223210
2333***12*22*421013*5*33***2134*32*114*5*22*200
1**33332223323*2124**2112433*2*211122**6*23*410
233*102*43**33*32**4431123*444221102*5**333**21
*111102***5**33*2222**22**4***22*212*444*3*543*
23122345644*43*21001223*423*44*32*223*2*46**2*2
*2*3******33*3210011102*312222*4444*2123***3211
2446*64344*22*21002*2013*43*234****33234*421000
1*****101*3334*1013*3102***33**3444*3***2100000
1234*42123*2**3324*4*212343*22211*213*531000000
22223*33*21223*3***32*23*3232212232223*10011211
**4*22**4321223*4*4223*5*5*2*2*2*3*4*543212*3*1
3**22244**3*5*32433*12*4**55332334*5****2*23*42
23322*2*433***32**3334333****21*3*33*4323223*4*
1*11*222*112322*33*2***1124**2113*2111001*12*31
CASE #35: 
01111*322**12*202*3101*2
01*234**33423*202**3123*
023*2**32*2*222224**11*3
12*33322333112*4*343223*
2*34*322**1002**3*3*32*3
*54***2*54211233313*5*6*
***33345**11*11*2122****
243324***32222333*113**3
23*4***4222*12**32223443
**4***4202*423*4*12**2**
**3245*202*4*212112*3222
33201**3124*310000122211
1*21124*32**32233211*2*1
23*2102**334*2****221222
1*3*102343*3344555*4211*
1121101*4*43**2**3***111
12110012**4*5554434*3111
*4*1011345*3****3*42213*
**4223*4**3323323**22*4*
**3*3**4*4*21211134*213*
2222*3221212*3*312*21011
01121100001223*4*3111121
01*21100001*1225*3002*3*
0112*100001111*3*2002*31
CASE #36: 
000013*3*322***2123*322**202****2*2**3*3*33*1
11112**32**33422*2***2*4*202*55542334*3*3**42
2*21*5532333*102233*3224442212***32*212245**3
3*324***32*21212*232201****1124***223211**5**
2*21**6**32213*32*2*1135*4211*234322**3333*43
12223*5432*23**2112223**33322222*22*33**344*1
12*223**212*4*422111*5*53***23*33*543224***42
2*43*34*3112*33*3*112***3234*5*43****324*5*4*
3**533*4*1135*55*42124**4124*6**2245*3**333*3
2****33*211******5*22*6*5*2***32212*2234*24*3
134422*442224*433**32*4**32232112*33211*22**4
12*1023***11232224*43224*4100113*4*2*221114**
*21213*43333*2*2*22**312**2123*3*3123*21224**
2211*3*213**22122223**334*21**3422113*21**5*3
1*1235332**521111*2244**222345*2*12*53213**32
2212***4*4**32*2223*2*4322*3**44234***101222*
*114*6**345*3*4*22*233*22*4*5**2*3***42100011
222**6554**322*4*2111*44*35*43343*4544*200000
*44******5*2013*431113**22**21*2*23**3*201221
***34**54*32113**2*213*322332334213*422211**2
*521134*213*32*44322*2111*23*4**323*201*3444*
*20112*4312*3*3*2*222210112***5**3*21013***42
1213*54**112334344*33*200012335*6*321002****2
01*4***32101*2**3**3**42222222***43*10013565*
134*6*5200122223*3345*3**3**3*5***3111122***2
*3**7**1112*1012222**3334*434*56**3222*3*4332
2*4***432*32212*23*55*32*22*44***32**423*212*
333233*3*32*11*22***3*5*3223**5*5334**11111*3
**210114*4233321124444**32*2223*4**222100135*
*4*10113*4*3**21013**3*4*33211334*53101223***
243201*34*5*33*333**44444*3*23**22**323**4*64
1**1012*5**2124***333***4*312**4234**3**5*6**
12222233**4211**5212*543*3323322*2*44*435***3
1112**3*434*335*4213**123*2**1012322*22*4*632
*22*434*33***2***3*22322*34543123*4332224*3*1
23*34*43*4*533455*4212*312***3*3****2*33*2211
*212***23*5*22**5*4*12*323334*44*43334**32100
11013*422**6*45*6*533323**213**33333*3*43*100
111122*224***5**5*6**2*3322*234*3***3313*3100
*12*2123*224*5*54***333*101112*33*54*103*4100
223*212*333323**334333*2100003*4222*2213**111
1*2222*22***33323*32**32110002*5*22332*33311*
1233*32113*5**214**23*32*211012**31**212*3221
12**4*31234*555*4*4212*213*20024*44431123**10
1*323*3*2**3****32*1011102*2001*3***101*22210
CASE #37: 
1*4***10001*1
23***42011211
2*4*4*101*332
*321211012***
*2001110014*4
11001*10113*3
111023312*32*
1*223**35*543
223**43******
2*33*32233332
2*322*2100000
12*123*101121
01111*2101*2*
CASE #38: 
1*112*2*21111112*2*1012*11*
1111*332*33*22*2243202*4211
00024*213**4*3222**213**111
1111**203*44*42*223*13*411*
1*2233202*23**31101223*3111
12*12*324322**311013*43*100
12224*5***23433*212***32100
*22*4**5*33**13*32*544*2011
*23*43*3112*544*34**12*423*
112*21111233***3*3*4222**3*
012210012**333221323*222221
02*20001*44*100124*33*20011
13*3221113*32112***22*2113*
2*44**2223*21*13*5223443*3*
2*5**43**4212222*423****331
12**33*5**433*112**5*6*4*10
023312*33****31124**3*33110
02*212333334*201*23443*1000
03*42*2**2112211111**311000
14**43323*101*321125*311111
2**5**10111012**12*5*42*22*
2**543101222123322*5**223*2
234**2001**2*22*223*4311*43
1*23*322233313*32*33*1012**
122335**22*223*2112*2100133
02*3***5*23*4*210022312111*
02*33**3112**210001*2*2*111
CASE #39: 
122**1000
*3*432111
24*32*33*
*22*33**2
12334*432
01**4*32*
0134*44*3
112*4**3*
1*213*321
CASE #40: 
00001*211000
1121212*1011
1*4*2012222*
12**4212*3*3
014**2*214*3
113*531102*2
*23**1012321
2*344201**42
334**1014***
**3*42113**4
23322*22*4*2
01*1112*2211
CASE #41: 
1****20123*11**31
235**201**2124**1
*33*311243213*531
**32212*3*22***10
*4*12*32*3*344421
24322*21234*5*3*1
2**212222*4***311
*5*312*4*23**6310
2*5*33**3335***21
13**3*33*3**5*32*
02*431223*33*2222
234*313*3111223*2
**4*4*5*30012*4*3
455*54**3113*4*4*
***3**33*12**55*3
3*432223333*5***2
12*1001**2*3*4*31
CASE #42: 
01*1
1221
2*42
2***
CASE #43: 
13*4***32101*212*112**101111*212**210112**2***10
2**4*44**21234*3212*53201*2333*234*333*222224320
*322234*4*22**3*212*4*43433**4211*3***4310012*21
11002**2224*5323*2114*****46**21224443**2122*22*
01112*5422***114*4102*6**4***54*21**33433*3*2111
12*223***35*633***2234*43335*5**434*4**12*311000
2*22*24*42****4**43**4*32*12*6*5**314*4112210000
*323222*2235*4*334*5*33*42323**33*203*4111*10111
12*4*43333*212111**6323*4*2*334232313*4*443201*1
023****3**21123334***33*43323*4*4*3*213****11332
12*33323*3113****23***43*2*12*5**4*21024*4333**1
*21100011101**6533245*4*322344*5*323211*322**532
2210112110124**3*4*4*45*411***6*533**112*23**3*2
3*422*2*112*4433*4*6*4***1235*****4*310113*4222*
****223222*3**33222**33*432*23*444*3210002*31222
233333*11*3345**10233124*4*433211*34*2122213*3*1
0124**22334*3**4202*201**7*4**2122*3*33**212*311
01***433**3*323*102*2013***3222*111323**5*232200
01233*2**543212211233333454211211002*433*3*3*100
11012223*4**33*101*3****3**23*200002**12244*3100
*211*32224*4**331213*4323*33**3111012223*3**4232
2*113**22*3345*3*10111013322**21*101111**54*4***
22213**22*21**4*33211223**1244222213*335*5*33*5*
2*11*32111113*423**21**3*422**22*12**3**5**31232
*21111111123323*44*3222212*444*2123*444**5*312*2
2200112*23***34**33*2110013**32222*3*3*433*22*5*
*1012*22*3***4**43*33*21214**32*3*333*4*22323**2
2201*443223**4322*22*33*3*5*42*23*32*3*23*4*3321
*1124***21235*21221124*4*4**212222*333223**5*421
111*4*533*32**31*1013**33*64201*112*2*22*4*4***2
0012*3*13*4*5*333212**323***1022201133*32213455*
233333223*32*22**11*4332*442102*20001*5*2112**4*
****3*12*311112342323*2*3*10003*411122**42*333*2
*44*4335*301122*3*3*32213331113**32*224**45*3222
1113*4***312*4*5*5*5*2222**33*33**213*555****11*
0113*5**64*33**5*5**23**44*3**3344203****4442111
12*214****3*224*5*5323**3*2335*4**212***32*10000
2*3212*54321213*5*4*13*64223*5**33*2245421110000
*34*2224*4222*323*3112***12***332212*2**31011111
24**21*3***3*4*221100124444*4222*322245**101*11*
2**31224455*4*3*10000002***2113*4**21**532122111
*33323*4**3*423221111123*42101**44*335*6*22*3211
111**5**5333*11*22*11*2*332112322*3*3****44**3*1
00234****33*3113*42211213**11*213243*3334**33*32
112*434***3*2002*4*201112*42212*3*4*31002*53323*
*33**434*321100224*323*2213*2012*3**200024**2*32
**34***321000113*434**4*103*4101122322222**3224*
23*2233*100001*3*3**4*31102**1000001*2**222101**
CASE #44: 
01111*12***32**3*223321
12*12223****23*434****2
*2223*34**742112**5443*
122*5**3****22334*4*211
12*4**5444433***213*310
*22*34**3*11*5*42224*20
222112**42212*22*3*4*52
1*1002333*4222234*44***
111112*13***33*3**5*55*
2211*2112*55**35**4*3*3
**22110012*4*53**42134*
24*200012445*4*5*3102**
13*31101****23*33*314*5
*224*42335*533344*4*4**
223****2*33**3***23*543
2*4*54344*3334**5434**1
2*32*22**32*13*5***5*42
123433*6*31112*435**43*
12***43**200023*24**5*3
2*7***45420113*43**4**2
2***65***322*4**3222221
245**3*54**224**2111011
*2*3222*22211*3211*101*
CASE #45: 
**1000
*31000
221110
*33*31
**3*3*
222121
CASE #46: 
*3*422111*2*1123*112*11*101**3*3*4*3102***1001*
24***4*1112222**222*21111136*524*5**103**520022
1*46**421001*22322*2222112***4*34*64203***2012*
23*3**5*32221102*4223**33*544*33****213***312*2
*21223**3**32113**22***3***23*34*6544*43422*211
23221222234**12*6*33*5443333*3*3*3**5*5*3233332
3**4*42101*4333**22*33**101*3323244**4**4**3***
**5****32213*4*643222*3222334*21*3*33*323*5*5**
3*33*55**102*5***3*232312**3**533*211122324*533
12345*4*431213*43*3*2*3*223*5***3233211**33*4*2
12****64*2*21212333244*321124*6*42***113*3*4*4*
2*434***3433*323**23**22*101*34*3*4442111213*42
2*2012433**45**4*42**41111012*33434*3*33321112*
1110001*223***34*324*2012211222**2**32****22121
1222222111233213*31*2212**12*3243434223454*3*31
1**2**1001*22223*33232*34433*4*4*2*2*33*3*45**1
12234420012*2**22*3*2*3*4**324**44334**24*5**31
0012**100011345333*22233***21*55**3*3*423**3221
222*321112111***2*2212*3464212**43*233*23*5322*
**311002*3*234533233*224***1013*22332*44*4**3*3
5*300002*424**4*32**432**532001111**34**23*4*3*
**32122322*4*4**4*6**2*554*101111234*4*31112121
*4*2*2**112*345*44**445***3211*11*24*4233211110
2322122210223**22**54***422*2334322**32***11*10
2*433210002*3221134**5532012*3***2134*224443210
3*****20002*323211*6**3*10134*4**312*2102***200
2*5*7*3000234***322**6*4212**22223*311113*5*321
1123**21112**34**2244**3*12*311123*2123*3343*2*
1112*311*12*311333*3*4342222201*2*321**22**3342
1*22211221112112*32*23*3*34*312122*112212443**1
113*422*11112*33*32335*53***4*11233210012**3331
013***2223*45**212*2****325*5323**4*2001*333*21
01*33212*5****42121224**423**3*3*5**5211111*4*2
01110002*5****32*2121224**334*2213****2121214*3
001221024*4444*323*2*213*42*3210013*543*3*312*2
012**112**21*223*3222*13*434*2000012*3*45**4432
23*3211*4433323*5*201224**3**21232112*3**4****1
**321112*2**3*3*4*2123*4*5*4311***2122443346*31
**21*101123*32444211**23*54*2123543*34**11**321
*3111212233211***10122112**33*11**23***643333*1
111111*2***21134433211112443*3223423*5****22*42
002*3222234*434*3***33*22**33*11*2*323246*44*5*
002*5*21234*****33*4**3*234*32212322*112***4*4*
1123**22***44**31113343211*45*201*11112*55*4242
*12*5333***334542102*3*2122***201121114**213*4*
123*3*3*5*4*3****213*423*1123332212*23**3224**3
01*222*3*2213*433*12*21*210001**2*22*3*311**4*2
CASE #47: 
1*3**3**4211*2*2*2*34*2013*4**2111*2*2213**3*10
12*33*4***211334222***323**6*53*11133*2*4*5*320
122111236*3001**2123432**33***433102*3213*32*21
1*100012**3112444*22*1234224**5**114*31121112*1
1111111*33*12*4**34*312*4*22***4212**22*2111122
1223*23332224*6*4*4*312*4*3225*5323*312*33*313*
*2**23**4*21***222*4*21123*434****322234*4*4*3*
233333*5**2123211346*30125****334*22*4**34*3121
*21*2*23*32110112****411***6*3102234**422*21011
*3212222122*212*3344**223**312122*2***20233224*
2*2111*101*22*334*1123*1233223*2*23464202**2***
222*22221211112**21001122*11**32234***213*4445*
*1112*22*333222432011212*3223*201***8*54*32**32
110024*55****3*2*101*2*213*2223245*******21334*
11123*******5*233312342102*22*3***445**65322*4*
*11**5*535**3112**22**1123335*5343*24*5***2*24*
233445*213*31002*44*6432**3***4*1124**45*53112*
1**3**212*4311123*4***5*5*56**31212**42***10011
1224*5202**2*12*54*45***54***3113*45*4223221111
0002**113433223***3*24*5**542101***4**21101*33*
11123211**43*12**33222*44**310123335*42*2244**2
*21*33334***2234312*2123*4**311*222**3213***431
*433****334322**103*411*333**324*4*54*102*54*21
2**223333*22*233202**222*224*4*3*6*4*22122*322*
13320112*23*311*10234*333*34*3122**4111*124*222
02*312*2112*2123222*34**22**210014*4113321**21*
02*3*443102222*3*3*3*4*31233111114**21**2233232
12333***201*12*43*222*2101*102*21***22343*23*3*
2*2*335*20222112*3201121222214*5333211*2*33**52
*5433*21212*22122*32101*3*22*5***10112122*23**1
***4*3101*22*3*112**2024*5*45**64311*1113222342
3*4**30011112*33345*201***5****6**32212*3*22*2*
2334*3110000123****2212244**7*****4*102*423*431
*4*423*2221112*454423*201*4*5*756*522233*34**42
*5*3*212**21*22*2*2*4*2023423***4**22**32**4***
2*3321014*3122324233*4223**224*44*4*23*3333224*
123*10013*212*4*5*23*4*4**32*224*321112*3*31011
24*43111*212*4****34*53**632112**31232324**2111
****3*111103*533444**4*5***2103**21***3*334*21*
*56*41222102**211**435*6444*213*42124*32*13*322
3*4*311**20123*114*53****23*43*6*2002332124*42*
3*42*113*201121102***445*32*3****3112**211**5*3
2*3222121101*11233455*12*2235444*33*323*234*5*2
124*21*10002221***3**322233***124*4*3133*3*5*53
12**43210112*114**4323*43**4*423**522*2*34*4***
*345**2111*33213*6*212***42212*3***112322*22232
12**322*112*2*12**3*1124*2000112232101*11110000
CASE #48: 
12****3**2212*211000
1*4*534*6*2*335*3100
1234*22**3323****111
01*3*21222*12*54423*
232211011212234*3*3*
**111102*201*2**5332
2223*312*213344**3*3
112***23321**2*435**
1*34*54**2222324*6*4
23*34**44*2001*4***3
*33*4**22*211213*44*
12*3*3323221*102234*
0123211*3*112322*3**
001*1013*4211**23*6*
11211124*3*334433*4*
1*3223**333**2**3231
23**2**32*3322222*21
2*44432235*21221224*
*44**212***42**33*4*
2**322*23***23*3**31
CASE #49: 
111011112321
1*211*22***1
23*112*22332
*2221234211*
111*22***232
11224*6*6*4*
1*22**5*5*5*
223*5*535*53
2*214*4**6**
*2102*33***4
1100111235*2
00000001*211
CASE #50: 
22100013*32211*102***22*33**4*3*321011
**22112**4**111102***32**3**4*43**211*
24*3*24*7*533110014**2245432323*44*222
02*312****4*2*10013*311***323*33*423*3
12110235*5*4433101*32136***2**22**33**
*20002*424**2**2013*32***53322124*3*54
*31102**13*644*2002**23433*31112*334**
24*2123212***2110023311*13*6*32*22*3**
*4*31*22135*5200002*201123***4*2122322
13*323*2*3***211013*31001*566*4201*210
0223*32325*743*213*5*20123*****1012*10
01*33*22*3***223*3*4*323*324*421113220
123*54*32223212*32123*4**20112122*3*10
*13***3*3322223*20003*6*532101*3*4*332
113*5333***4**4210113*5*3**1123*3*33**
013*21*24**5***2233*33*233311*2123*322
13*311112**43534***23*422*32332102*311
1**310013444*3*4*5223**23*4**3*31213*2
134*1002**3**423*324*44*424*34*6*214*3
23*32103*5*33*1124***23*4*2112***33**3
**22*224*31222101**5434*3121224543**6*
342335**2212*321123*3**2113*4*4**24*6*
*3*4***433*22**211113*5311**4*5*522**2
*44**543**311234*32133**2133313**33432
3*4*6*4*5*42322***3*3*4*311*21123**4*2
*45*6**45*6***224*43*223*212*212344**2
**5*6**3****6531112*2103*31223*4**4331
34**5*543334***100123323*32*12**5*5*20
2*54*4**3213*5431124***23*3122434*5*20
2*3*45***3*334**22****423*301*2*22*210
1134**333*4*3**4*224*5*23*312121111111
001**422224*433311023*23*43*100111013*
002332*2*13*32*32212*312*4*21002*312**
222*1112113*44*4**12*2124*422123**23*3
**322101112**4*54311111*3*4*2*2*554*32
**31*101*223*43**210112233*22122***32*
3*2112122*223*333*323*44*311000135*443
111001*1112*22*112**3****20000001*3***
CASE #51: 
2*21**213*20001*22*4**100002*32**421
2*22454*3*310012*34**4212123**24***3
2221***333*111123*4**21*2*2*4424*6**
1*123422*3211*11*4*322333122*2*4*443
1111*3334*2012222*4311**2234443*3*3*
12122***4*2002*323**21345*****42214*
*2*235*5*21002*4*23*312***6*6**2113*
3422**3*3201233*33322*335*413*43*24*
**223334*323**324**112*24*3012*212**
*43*22*4*4**323*4*531123**411111125*
12*3*33*4*44224*42**311*6*4*10013*5*
01133*22*3*3*4**424**212**433223***2
1233*2122324*5**4*45*201223**3**5532
1***2224*21*34*4*4**4310013**44**2*1
13*433***3223*2214*5**2112*33*333211
023*2**44*32*32103*43*21*211235*4321
12*332334*3*22*102*2233322123******1
2*3*101**342334323432**3*21**5*6**31
*22121334*3*3***2***2223*325*534*421
12222*4*324*43322244310113*5**3*44*2
23**22**21*4*200002**22113*6**43**5*
**5311332124*311002*4*2*24*6**22**6*
***4222*213*44*3112342223***43213*4*
24***3*33*4**4*4*12**101*3322*211232
123**44*54*434*3123*3102220013*313*2
*3223*3***22*33312*31001*11112*3*4*2
**212244531112**34*20001223*21133*32
*4*11*3**2110234**3100013*5*3012*4*2
244323*654*101*24*410012**5*212*5*4*
1***34****3222323**2112*54*222*4**42
1233**34543*3*3*2333*23*3*321*3*56*2
01122212**324*3233*334*333*11122***2
12*10013**32*444**4*4**32*2211012321
3*42002*643*3*****53**42*322*3121211
***2123***223334**3*4*212*13*5*2*3*2
2322*2*4*311*101222121101112**2213*2
CASE #52: 
1101*11**211111**102*4*11*2*3*101*12*212**2*21
*32222224*32*2333213**433232*2112323*32*43323*
2**33*214*5*4*3*11*344**3*222333*2*33*22*11*21
35*3**42***23*32222*3*5*55*32***233*3221122321
**333**345422111*2345*43***4*55332*22*2223*3*3
23*12332**4*310112***33*5433**3*4*4334*2**35**
01123*3233***1011235*33*3*11224*5**3**3323*3*3
0013**4*223*3112*11*34*43211124*534*34*3121322
112**5*3*221101*32323**3*101*2**4*3112*4*212*2
*22**6332*2122433*3*3443111222223*20123*4*23*2
*545***2333*2***32*22**3102*311011101*22*3*222
****4445**22345*322234**213*4*200123433222111*
234*21***311*3*4*11*4*534*313*3222****3*310011
12321234210113*53223**3*3*20112**223434**21111
2**212*20123223**23*43323331002442112*2333*12*
2*5*24*312***13*53**32*21**2002**11*2111*3223*
23*23**21*55323**24*43*325*4102*4221100223*13*
1*335*4112**21*4334*5*23*5**32212*101112*3234*
222***20013*3334*3***444**54**1012223*34*43**3
*112322110123**3*4333***5*3*443211*2**4***3*5*
3422122*1001*3234*312454*222*3**12344*33*432*2
***2*3*221222101***11**333223*3222**21223*1122
3*432*222*4*311244311344**3*42212*33322*22212*
12*23333*6***11*2*1001**534*4*34*323**3212*33*
233*3**5****54322110135*3*33*4***22**5*213*3*2
**224***4*43***101111**443*224*5324**412*21222
2211*5543211232212*1123**3111*3*33***31332013*
00012**3*2000112*2121113*4211122**5**32**102**
11113345*41101*21101*2112**3210134*44*222103*4
*21*2*3**5*2011100124*32234**2233*33*2101123*2
*211335*5**32321012*3**2*23*33***5*532001*3*32
22212**23*43***101*3445534*323***6***32112*33*
1*2*3331234*3433122*2****5*32*4*5***7**21213*3
12323*311**222*2*1223235**33*345*7****32*103*3
12*13**123422*34332*1002*32*22*****432122203*3
1*223*433*4*312**4*4211211111135**310001*113*2
2222*23**3**31245***11*10001122*43311002232*21
*22*213*5455*22**45422331001*3*22*2*1112*3*431
2*21102*4***4*3343**21**10012*21234222*225**2*
232100225*64*23*3*4*4343201121212**11*321**432
*3*1113*5*3*213*4233**2*101*101*222112*12443*1
2*321*3**432212*21*2222233443222111101112**422
23*22134**11*22111111112*****2*102*321113**4*1
1*3*223*43223*3211223*33**76554312**2*22*33*43
22312**3*12*43**23**4**24*******1133323*2113**
1*101222112**223*3*33*312*5*5*42101*11*21002*3
CASE #53: 
*21213*434*312*21
12*2*4*****3*322*
011224*434333*332
11113*4212*12**3*
*22*3**21*22244*2
13*323*22333*4*31
14*411233**4*5*31
*3**102**334*54*2
3444434*432*3**3*
**3****3*3*433343
24*6*42224*3*22**
03**44212*432*222
02*5***12**221111
0124*532233*1002*
123*3*12*3221013*
2**33123*4*1002*4
*33*101*3*21002**
CASE #54: 
*11***100011211001*2111***2**
1124*420123*3*221213*324*5332
001*4*313**3*4*2*102**12*5*31
00114*4*4*434*44220122235***2
11103*523*32***3*211223***5*2
2*314**1224*444*4*21**4**3211
2*3*5*422*4*32*34*325*4343111
1133**31*5*33*6*423*4*22**11*
013*5*333**23****23*4222*3122
23**53*2*3212*7*5*212*222222*
**5**323321012**311013*32*4*3
455**21*2*212244421002**34**3
***42111213*3*3***212444*4**2
47*41100003*523*5*33***33*531
***4*210002**332212**5*23**20
*53*4*2111223**4212343212**31
*333*3*11*2124***22*3*20124*2
3*4*5421112*12*55*424*20013*2
3*5***200011123*4*5*321001*32
2*33**32110012*34**4*310124*2
111124*3*2112*44*423**223*4*3
001223*433*12**5*21233*4**32*
234**22*3*3113**222*344**5221
****53214*30012322*3***4*5*31
4*54**313*312211*22445333**5*
3*33***12*43**22211**3*23***4
*4*3344322**434*20135*43*34**
*32*22**223*32**3001**3*21122
1112*223*112*23*2001222110000
CASE #55: 
**12*3123**2*21002*311*11*22*11****31
3333*3*3**422*2103**1122213*322334*4*
1*3*4445**4333*102*3212*324*42*1013*4
114*4***45***21112333*33**4*4*21113**
223*32322***32234*3**3*334*3*3323*45*
**31100025*522****434323*3122*2**4**2
**4110012**4*444433*2*23*311223224*41
3*3*1001*324**3*12*4312*22*22*1013*31
113221233213*6*322**20233212*2113*4*1
001*11**3*34**3*236*422**1022313**433
01221123*3**43223****3*33211*3*4*53**
01*210011235*212*334*3223*323*44**443
234*2012212**33*4201112*5**22**223**1
**4*302**34*5*3**100003**4*3334322221
444*424*6**4*2223222212*434*3*2**1000
**32**5*6**422001*3**2112*3*422221000
5*313*4*4*32*211223**3123223*21221122
**30123232212*22*113*22**102*21**22**
3*4322*22*3234*53201223*531112344*222
13***22*34**4****3322*23**1124**32210
14*52112*3***56*6***3233*311****22*20
*4*421011336*5***3433*4*42113*4323*20
*32**31112*3**5*411*23**3*102221*2110
2213**32*224444*422112*443423*3221011
*2225**3221**4*5**21112*2***3*4*2112*
3*3*5*54*224*4**433*212245*322*22*23*
*33*4*3**31*223*21*33*22**31011113*31
*4223223*2111023334*44*45*41100013*31
**11*1011100001**2***4**3*3*10002*5*3
*532122333211133323*4*43312110013*5**
3**101*****21*2*3332212*21101122*34**
2*53236****21233***101333*102*3*3*34*
12**2***6*3224*33*4202**21102*42423*3
023434**3122***324*203*52101333*2*22*
23*4*322101*3434*4*203*5*422**4231233
**3**211112212*4*31114*6***45*5*223**
2222211*11*102*311001***4***3**22**32
CASE #56: 
***211*22211*2*22*102*3*2*22*
*54*1223**112434*4202*4222*32
23*211*345322**4**1123*2122*1
*2110112***3*33*3222*333*2332
22100001233*2122212*5*3*34**1
2*3110011111101*12*4**33*4*42
3*5*4322*100112112*54313*43*3
*3*****323122*32223**103*44**
123*5433*3*3*3**2*233324*4**3
11224*22*32*45543112*3**34*42
*12*5*443212****1002*4334*43*
112**4***1024*4221112*12***43
001334**4202*4202*311113*53**
0113*323*223**212**21013*3243
12*4*5334*4*55*2234*101*23*4*
1*24****5*5**3*22*32333324**4
3322**43**4323222*22***3*3***
**34553224*202*32112*5*4233*3
23*****103*302**20011213*3221
0135**3103*4134*32121102*3*32
013*421113*3*3*4*2*2*211122**
23**2001*21324*423233*1001232
**3210122213*423*33*322102*31
*310001*11*5**12*4**22*202*4*
22123343323**3112*3224*3013*4
*22*****4*32321011212**4103**
3*22346*7*312*10002*34**102*3
*32111****43*420114*32*321211
*21*113*5**3**101*3*21111*100
CASE #57: 
01110001*3*22223**2*21001*101*112**
01*332223*22**3**333*21011101223*53
012***2*32225*42222*4*20000001*4*4*
013442223*34**3101*24*311111224*44*
01**1112*4***5*223433*21*33*2*3*3*3
012212*44*6**53*2***31123**3323123*
122214*5**6**4*4334*4212*6*21*3323*
2**3*3**5*6*34*4*333**45**4212***32
3**534333**323*44**23******102343*2
*54**3*114*31*45**42124*5*3223*223*
**33*31103*422***6*212333323**33*32
3*22220114**113**4*21**4*5*5*7*324*
2221*223*6*520122211135****4***31**
1*112*4*****3221111002**6*445**3232
111012****5*4**22*2113**55*3**55*20
0111014*64446**55*53*333***434***31
01*1002**5**********4*233533*34*6*3
12210136***65444***4*3*2*2*213*5***
2*1124******2*2234331212133313*6**5
*223*****643323*11*2110124**23*5***
123**5*5*3*11*211113*311***43*4*443
01**3323121233311002**225*53*35*32*
023312*31213**3*21125*53***323**33*
01*102*3*3*5*5*4*22*5***6*6*33*5*53
1332022424**4*44*33**456**7*4*23***
1**201*3*4444*3*4*5432******32223**
13*3122*4**2*4423***22334*4222*1122
1233*2213*322**114*42*2121101*21111
1*3*4*212222343113*2112*100012322*1
113*323*34*4**201*432121211112**332
123322*5***4**2023**3*212*23*434*4*
*3**33*6**5434211*4*323*33*4**12**3
*44*3*4****2*3*2112122*3*213*3224*3
3*43545*443313*311122*221101222*34*
2*3****211*1012*11*2*21000001*22*3*
CASE #58: 
*210
2*10
1110
0000
CASE #59: 
1*2112**33*2233*22*21223212*31111
13*33*54**33***3*323*2***12**11*1
02**4*4*43*2344322*33434322331122
014*424*21111*3*3222**11*11*1001*
014*42*21012324*4*112211223220011
12***321113**23*421112111*4*20000
*23*6*322*3*33*6*212*3*224**42211
2222***4*23233***33*5*22*3*4**2*2
1*113***223*4*4432***32223122333*
1110134312***33*124*4*11*22111*21
112111*102*43*2111*221113*3*12220
2*4*332101112342111212113*5333*31
2**4**4210012***2012*2*12*3**4**1
234*4***2101*4**323*221111334*432
1*323233*21323222**21123333*323*1
334*310123*3*312243212*****23*421
**3**1002*45*5*5*4*32*3345422**31
*44431003*5**5***4**33312**224**1
23**10013*5**55*43222**12*6*33*31
*3233211*34*4**4*211222112***3321
*311**4323*33333*21*1111124*4*2*1
2*124***22*21*11222111*22*3231333
1222*46*421122313*422344*34*312**
12*323***1012*3*3***2***43***13**
*544*23*4212*4*235*534***435333**
****21123*12*4232**4*225*4*2*2*4*
24*42101*21113*5*6*53202*32322121
0112*101111112****4**212212*20011
00122211002*224*645**32*103*4111*
111*12*3102*32*4**4*32*3202*4*221
*22233**1123*23*7*52112*2112*3*32
*22*4*3222*4333****20023*212123**
112**2101*3**2*34**2001*22*1002**
CASE #60: 
12322**10001111*101*3*310001*3*21***2*3*2011111
3***32210002*32210125**2000124*43332324*311*11*
**5*31000003*4*10012***211102*4**2001*22*222332
4444*2111124*421012*44423*202*34*30011113*32**1
**3**32*11**4*1002*32*2*3*434322*31011225**2221
*43*32*3324*312223*2112134****333*101*3***31011
*212222*2*22333**33310013***53**2221225*521001*
2322*3433111***433**2123**7*313322*32*3*2000022
2**23***10124*54*23*44**44**312*12**3243311002*
*4312*42102*32**3233***54*422*22224*53**4*1003*
3*422121113*32333*3*35**4*301112*33***6**21124*
2***211*11*34*21*4*323*45*410002*3*5*6**4222**2
1234*322233*3*3223*32*5*4**100122324**433*2*332
1213**22*3*4323*124*33**4332012*11*3433*213221*
*3*334*214**11*222**34**43*102*3224*3*43201*111
3*33*32214*411123*44*5*5**2114*32*5*33**1023321
*5*33*43*4*41101**23**4*33222**23**212*4333**2*
*5*22***45*4*3344423*4*211*3*4423*311222***6431
2*3213***6*53****3*21222123*3*3*32201*1247***10
23*10125****2235*411112*11*222*33*113321***5431
1*320013**433212*2012*222222112*3333**235643**2
23*3211*3322**111213*422*22*2134*3**432****24*3
*34**22212*5431112*4*5*23*312*2**433*22233223*3
13**53*212***223*325**434*5222333*223*222223*4*
02**4*5*22233*2**21****3****11*2324*33*3**3**31
13434**5*31111333114*53*4432112*2*3*33*435*4210
2**24**4*3*2233*2223*212*112222333322*22*3*3232
3*6*4*332312***22**42213332**2*2*3*111112334***
2*4*4221*101232113**11*3**3444354*3211111*2**53
12333*122322100002442113*43**3***34*21*2223343*
13*3*333*4**200112**100112*5*4233*3*3223*23*4*3
*4*43*3**5**2002*43421000224*3222123*32*3*4*5*3
13*23*44*4332002*3*2*10123*333**2214**43313*43*
02222*22*22*200234332223**4*3*66*4*4*5**1124*31
01*33212222*3101**3*22**6*523*****3*5*4222*4*41
122**202*322*11344*3*24*5**322444333**312*33*4*
*125*302**12332**322223*45**223*22*234*23*323*3
222**3013443**234*211*323**53**22*333*4*322*33*
*33**3111***3211*3*234*12***222123*4**54*212*32
**2233*224*520122224**21124320001*4****3*3122*1
22112*4*12**101*211**542212*211124*44*4323*3221
1112*5*422442135*3223***2*323*22*3*2223*35*6*20
*22*3***11**11****2135*4224*32*323222*34*****31
23*2334222321124432*3**202**3212*33*22*4*5445*2
*2222*102*200001*333*43202*4*2122**21224*32*4*2
111*32102*4322133**212*2123544*1122224*423*3*32
0012*10012***2*2*321012*11****210001***3*2122*1
CASE #61: 
***11*22*22*11*2**201122*211111
3*3113*424*532123*201*2*33*11*1
111002*3*5***20122102233*422111
111001234****201*2222*23*4*2100
1*10013*5*54310112**33*32*5*432
233212***33*1001134*22*212*****
2**3*3334*421124*4*31222013**42
3**32*212**112***4*201*11244310
*55322*234533*54321212222***311
2***233*3***4*4*2002*21*224*4*2
24*4*4*44*5*313*3113*3222224*5*
2*454***21323133*33*3*11*3*4**3
*5***6*5202*3*3*5**331113*33**4
**5**6**202*535*5*4*21002*213**
223*6***3012**4*4232*321112234*
0123****200134*33*123**3212**53
12*3344321233*3*2111*4**3*24***
2*43*22*11***55320012445*312**4
2**323*43246****32211**3*20234*
233*23**2*4***5*3**112344423*31
*113*43444**53335431112****3*31
2213*5*3**45*21***202*435*5433*
2*13*6*433*4*4246*314*4*22**3*2
*323**4*1113*4*3**43**53213*422
34*334*4210113*434**34**10123*1
**4*24*4*1011213*43313*42112*42
*5*5*5*41223*103*4*114*31*23**1
13*4*6*302**2102*5321**434*2232
02232**213*421122**335*4**2102*
02*334432*4*11*113**3**4221013*
02**2**2*3*211110123*4*200001*2
CASE #62: 
01*2*101222**3**11122322*10012*11111*221100000
01121213**234*3222*4***223322*211*224*4*200000
121223*4*643*2101*4**4211***3220224*4*5*423332
*2*4**35****4200225*411234*32*102*6*413*4*****
243**43**8***2013*5*213**32111113***20236**6*3
*4*54*23***7*534***322**4*112212*6*4201***4*43
2***421125*6*****532*3322122**22**3*1135*322**
125**21102**33344*123*21223*4*21233323**210122
002*32*223332102*422*33*2**3422012*4*4*4221100
00122324**11*102*4*43*21345*2*112*3**413*4*322
2211*2*4*311110113*3*3312**44211*223*203*5*5**
**33222*3210111124343*2*334**21343122213*32***
34**42212*213*21***4*2223*23*32***11*23*32234*
*34***11222*3*3235**4312*2112*3455333*4*22*222
12*4*432*33222*22*4**3*2110023*2***2*4*313*42*
01122*2*4**10112*3334*3201223*32232213*214*5*2
00123223*43321012*33*3*101**5*41000001222***21
113**113*21**10124**4311125*5**20111123*345321
2*4*312*42344201*3***1001*4*45*301*11**34**11*
*4*3314*4*4**2011234421012*4*3*422111334**3111
*42*2*4*44***201112*3*21112*333**33211*3*42011
*42345*5*4*64312*12*312*2113*22*5***32233*224*
*5*2***4*43**2*211112123*324*2114*7**22*324***
**22343223*4333311222*12*4**32124**44*333*4*52
*4211*213*5*22**22**211113**21*3**42*4*3*56*41
34*2223*4**4*2222*43211213331114**322*34****3*
**22*34*44*43210123*22*2*2*22223*5*3223*6*6442
33335**32*4*4*4212*4*213344*4**335**32*4**4**1
1*3****3213*5***13*41223**5*4*55**4**22*433*42
223*555*22324*5334*312**4**334***5333223*223*2
*2212**44**44*32**4*12*434*21****6*33*33*21*3*
3*10245**5***32*5*422224*31224*7****6*5*422242
*2101**6*435*2113*44*32**522*22***5***6**22*3*
331013*4*32*322123****35***22334*3225**533*45*
**22122322*33*3*12*433*3*4222**432002***33**3*
23*3*34*223*33*2122202353201*33**32113***22232
133*3***32*5*32223*212***21222334**1134433211*
*2*222322*4**42*2**32*3322*22*4*54322**33**322
3421111134*5**53323*2121234*33****11*6**5**4*2
**211*23**35****3232112*3**6*33442123**5**5*5*
35*3334**4*3*6**5**112*24****31*1013*43*323*4*
2**4**4*321213*5**412*312*55*212323**212212231
3*43*5*32000012*6*414*4133*32202**4*3212*23*42
3*334*4*21110123**4*3*4*2*45*203**3234*32*4***
*22**35*42*101*34*4222*332***302*323***3223*42
111222**3*210112*3*1012*113**201111**422*11110
CASE #63: 
001*12*22**101****2*102*3**3*1
001234*33*3212244332314*54*433
1102**33*211*222*11*2*3**423**
*103*42*21012*2*21112234*3*222
2334*21111123454310012*3232311
2***322222*2*****2101*3*11*3*2
*34*21**3*3445*43*101132213*5*
2211224*545**3112331001*102**2
*3102*32*****2001**20012223431
**103*313*5*321236*30001*2**20
34212*31224321*3***20013334*30
*5*2234*22**1124**41123**22*31
***21**3*222212*5*422**4*3222*
*631233212122*22*3**323322*221
**211*2222*3*532123*313*322*10
24*2112**336***111323*3**22210
02*3111334***5423*4*323332*100
0112*212*4*76*3*5**4*11*111222
111224*313****42***411122101**
2*21*4*32457**3234*20002*32332
2*212*23*****43*22232102*4**21
22212323*54434*5*34**2122*323*
1*11*3*212*22***3***43*111102*
22223*32024*43423354*211111122
2*11*4*422**4*102*3*32001*11*1
*21113***445*4223*32*210122322
221112343**4*4*3*4223*2102*4*1
*11*11*22335*523**21*4*313**42
22112222*22***113*3214*5*34*3*
*1001*112*22321012*102**22*221
CASE #64: 
**31000000112112*310012*22*22*3*
4**11110001*3*33**2124*5*324*4*2
*5543*1122214**34*21****44*5*421
2****433**113*43*222345**4**4*21
1345*3**4422*22*211*22*33*4*43*2
12*22344*2*321222124*4222233*43*
2*433*5*445*312*23*4*4*22*23**21
2**3****4***5*312**54*23*4*22210
13*33*6*424*5*30123**212*3110122
1232335*20124*2000233101222112**
2*3*3**21113*420001*10112*2*24**
2*435*3113*4**211022312*32212**4
112**3322**3222*323*3*22*210234*
111344**23321123**4*42212*213*31
*202**4212*21*12**312*11333*3*20
*313**2014*3123332101111**213220
34*344201**201**2011100245423*20
**43**212442136*301*1012****4*30
3**334*23**11***2012222*34*45*41
2454*324**4222321012*4*4212*4*4*
1***33*5*42*1011102*5***2233*4*3
12322*3**321212*212**5433**214*4
011233334*101*22*113**43*55312**
13*3**22*322221112123***4***2232
*3*334*213*4*31101*224*45**54*20
23223*5324*5*4*42323*212***3**31
*21*3***3**413***3*222113432222*
*3222345*5*311234*543*212*101132
34*212*4*32*10014****22*32212*2*
**4*34*411111002**4443323*11*442
344**5*321111102*312**2*21223**2
*2*4**3*2*11*1011102*321101*23*2
CASE #65: 
**21111112*11*102*4*210001111*3***2113**32*
23*11*11*22343313**3*22222*234*45*31*4***21
12122322111***2*33323*3**33*2**22*2124**310
*112*2*21224*3323*113*434*42333123422*43200
112*3223*3*4323*4221*4*23**22*102***313*421
002*312*46**4*5*4*2223*33*4*21224*5*314***1
00112*33****4**3*22*112*3233311**2212*4*432
1110234*5653333211112233*12**323210013*323*
3*202**5***33*2011113**3213**4*2212112*21**
**413**4*5**3*201*22**5*102**43*2*2*2233332
4**22*431333334222*444*2102444*432322*2**10
3**213*311*22***223**323211**4**21*12232210
2*4213**2223*5555*33*21**224*33*33332*21211
13*32*322*12*4****21233322*33233*2**213*4*2
13**4321222223***5422**3222*2*3*3222113*4*2
*323**32*11*11233***324**222323*200112*2211
*3123**44332322113**524*6*33*3223333*211000
23*2223***4*3**2014***3*4**4**11****3311000
*33*2113**5*33*3113**53123*322113*54*2*2100
2*22*1024*311112*13***3211111221123*443*221
22222212*3200002334**5**11122**101*4**43*3*
2*33*11*4*422111**4*4*3211*3*531012*4*3*5*3
*4**21225***3*335*5344421224**2111233222**2
25*5212*5**33**2***3****32*3322*12*4*211343
1***11*3**3224443435*6***33*102233**4*102**
14*521122212*4**32*4*4343*32101*2*56*4213*4
03**20000013*5**4*3*22*112*2113344***3*24*3
13**2123211*4*54*2211122123*22**3***444*3*2
1*3211***1224**21211002*32*3*3334*655**4421
22211123322*223211*2213**4333*22*3****4**32
*32*33212*32222*113*5*33**2*44*32235*4345**
*5*4***12*32*2*2113***334443**5*201*22*2***
*4*43421123*442102*6*5*3**3*4*5*31111112232
1323*10013*4**1013**34*33*3123*5*2123322110
12*333212**545311*34*311112113*5*32****3*20
2*4*2**34**4***23334*411002*23*42*335*43*31
4*52345**55*444*3**4*3*1013*22*223*12*212*1
***22**4*3**21*4*43*342323*211122*211111332
3*43*43423221113*212*2*2**321112*2100123**1
12*333*2*211110111133435432*23*3232224**531
123*2*443*11*101122**2***112*4*31**3*****32
1*4332**32112222*2*44333332224*324*54*433**
12**1123*1001*2*222*2*101**11*3*12*3*21013*
CASE #66: 
01****5*321100112*1001*223*****20000001122**
1345*****3*2001*33332224**4*6**21221001*2*43
1**3245645*30013*4***11**4424*532**10011323*
35*201***3*31002**5*42233*2*23**333210001*21
**431123223*3102344*32*1113333*4*22*32213220
24**2100002**102*3*3*211012**43313*4**3*2*21
14*6*32332345435*423222211*44**324*45*42434*
3**6*6****4******32*12**113*33*3**4*4*32**3*
**5****433****755*3223*5312*211224*4*44*4332
*65**53312234***3*22*44**223322223*54**5*33*
***533*3*22223554323*4**42*2**4**33**5*6**4*
3**4*32*33**11***2*22*5*31134**5*33**54**43*
2334*3222*5422342222225*4102*44*44*54**5*311
*11*33*222**12*2012*11***114*44**4**5444*432
12222*4*113322*202*3113*421***4*44****3*4***
12*123*4311*234323*31224*224**545*4344*3*343
*4333*4**2112***3*22*2*3*43*55****301*34332*
3**5**45*300124*433323134**4**6*5*21223**2*2
3****42**20000124**3*101***44**43211*23*5432
2*44*21233321112**4*3223455*33*3*32323*4**2*
221222001***11*443323*3**5**31133**3*33*3221
*101*3222333233**11*33*4****3002*43*4*433210
12244**3*201*2*543333*223***2113*2113**4**21
01***324*411233**4**3220123222*2110013**322*
124*3102**323*44*6*54*3111111*21123223553233
1*43200124**4**33***6*4*11*112322***3****2**
24**310114**5323*6****42111101**3354*4432222
*4***322*4***213*6*544*1000001223*4*4*111100
13*65**224**44*32**22*42012210113**4*321*221
012**5433*55*4*334324**212**223*23*32*112*2*
1124**2**5**3*33**33**42*2222**3232212212353
1*12*3235**322*234**4*2223111222*3*201*22***
12344433**5322222*333334*4*1111113*43322*4**
24******5*6**11*2112*3****323*20123***22334*
***434445***31234213*423322*4*201*34*33*3*32
232101*3**52101***23*2001234*420112*333*433*
0000023*4*201133423*42101**3**112222*2*5*3*2
000012*222322*4*203*4*3223333321**32122**533
11002*3113**23**302*43**11*11*334**21123*4**
*3234*323**312**31113*42112222**45*21*1225**
*4***34**4310124*2002*21223*3334**321123*5*4
14*534**6*200002*3122211**4**3*334*2001**6*3
02*21***5*20000113*3*101224**42*12*31114*6*3
011113**3110000002*31100002**2111112*102*4*2
CASE #67: 
01121100112*21002*2001223*202*3**
01*2*1123*44*2214*3002**4*203*654
1323223**4**3*3*6*3002**32212****
*2*11*5*5*44434***20123334*325*8*
231112**43*3**24*5201*22***4*4***
*3232223*213*324**3134*33*4*23*6*
*5***3121101112***3*3**311212334*
*6***4*22110124**3213**300001**21
*5*6*32*3*213**3321135*2011112221
25*41123*23*4*322*22**4422*10001*
2**2112*433*3122*3*334***21222222
*4211*22**31112*2212*4554211**2*1
*31011125*4101*210012***2*1122333
4*201112***31222000014*43220112**
**411*34*5**22*1112112*22*201*222
4**212**33322*222*2*11112*3121100
*4*201223*313332*2211111124*32321
232100002*3*3**3222111*101**3***2
1*1123212232*4*33*4*11221123445*3
2211***22*222322***4313*2001**55*
*101244*34*22*213***4*5*20135****
221111*22**22*313454***2101**45*3
*23*21111233322*3**43532002443*43
2*3*2011101**444*6*5*2*1002**33**
2242201*2123****4***2212123*5*34*
2*4*20123*114*6*33*42101*2*3*3*21
3*4*3222*2113*312233*101121223210
*3322**33422*3211*2*321001112*310
13*22443***334*111323*3212*23**21
13*32**32322**22122*34**13*43*5*1
*324*5*211112322*3*4*3*422**23*42
*22**3111*2222*213*3233*123323*3*
112*3100112**21101111*2111*11*221
CASE #68: 
1**3**323*21113*32*11*2211124*2001112*2000
2323**4**23*32**5*5322*2*22***2001*24*3011
*31245*4333**324****111223*56420134*3*201*
**12**33*3*4*213*5*432101*3***101**2223232
2324*42*4*22111*2212**2111334321133201**3*
01*3*213*4200134322344*2212*11*101*211345*
01244423**2001***3**2*4*3*223333223*311**2
112****23*2012333*33445*5322**2**12**34442
1*34*64333323*102221***4**45*43443244***2*
123*4**3**2**3212*335544*****43**2*3*33221
23*23**3344322*13*5***3*6*45**4*333*321011
**4212211**423233**4*44**445*5*211*33*212*
3**1000014***3*3*4444*324****312233*212*32
1222221002*6*33*32**3*434***5312**2110113*
1101**20134*322*223322***443**23*53111112*
*2123*201**4*32111*211233*345*33**2*22*122
13*222212324**21123*210012***4*333333*211*
03*43*22*324*43*11*5*2111124*54*33*2*21122
24**3*34*5**4*31235**21*10012**3**232202*2
**4454*3**546*301***3223221113443211*102*2
*42***334*3***2014*633*3*2*112**3211111221
*434**42*345*64212***4*412111*34**11222*10
**2*5*4*6*4*****445*33*212323222*312**2110
2233*35***4*434****211111***2*111224*53100
001*4*4*53321124*42112211232212111**4**211
1112*23*32*101*211013**10000001*12333**21*
*1022224*31112210123**432100113332*1133222
1101*11**3012*2111**422**2212*3**21101*12*
12121224*312*44*224*20134*2*23*5321212112*
*3*212*212*22**33*211002*44223**12*4*10011
13*21*321222234*32211214**2*23*423**321000
1233444*23*33*312*12*3*4*323*422*3332*1000
2*3****22***4*201223*32*2102**2222*2211000
2*545*422354*21001*212221112223*223*210000
13**54*11*2*2223221101*112*1002*33*4*21111
13****42334322***10001111*210023*4*433*11*
1*445*3*2**3*33*321101234442101*3*4*4*3333
113*31212234*21123*312******3122314**3*2**
013*2111123*33233**4*24*534**22*102*432333
12*223*21**6*3***54*213*412332*221212*33*2
*3122**424***435*4*3212**12*21111*1123**4*
*201*4*3*23*32*22*22*112212*20001111*223*2
CASE #69: 
***32101*
234**1011
002*54210
1122***10
2*2244432
*32*2*3**
*222424**
232*3*222
*2*3*2100
CASE #70: 
2**2222**1011
2*32**544223*
23334***3*3**
*2**2245*34*4
2443112**33*2
3**112*33*211
**432*3322100
*5*5*5*2*1000
14****2211000
03*6*54321000
02*44****3100
0113**44**100
0002*31122100
CASE #71: 
1100011101*2****2**100012*2122*2*211*34*3****31
*20112*101123**445420012*23*5*322*345***44*7*5*
*311*32311001233***3222*433***3122******22*4*4*
2*2212*4*311222*333**3*4**34*33*323345531112243
23*2133***44**2221245*3*45*3113*4*101**211111**
*334*3*4*****532*11**3434**2013*3221135*43*1122
13**5*3334334**311124*4**43201*334*201****43121
03**4*22*3113**410003**334*21222***4134*5**4*3*
02*33233*4*22***10002*311**21*113**5*2*445**3*2
13443*2*23*33442112222211222221013**233**5*4322
3****2222324**3112**12*31101*211233212*6*5*31*1
**432101*3*3***11*3323*3*2245*22**2013**35*5443
222221012*3435321122*21212****32**311*34*4*****
111**10012*3*2*3212*53100124**3234*32223*45*54*
*2333100013*334**12***210001234*44*3*23*5*5*333
4*3*1012335*32**521233*1000001****2212**5**22**
**63212*****23***10002221110013*4222223*4331233
****22*334*423*4321001*11*100011101**2112*213*3
*4322*211234*3222*101221222000112234*311112*3**
220012334*3**32*32211*101*11222*3**323*32133543
*20002****33*33*22*211213221**33*43*12**3*3***2
*31002*543334*3224*5322*3*335*34*433225*42*444*
2*10123*12**5*42*3****534*4**5*4*3**11**2113*31
22212*2223*5**3*33234***324*5**4233323542113*20
*12*4221*44*3334*20013432*23*66*21*23***34*4210
112*5*213**433*6*31233*33323****3212**54****200
1122**202*4**4***21***4**2*23443*21346*4455*211
1*1233212123*43543336*5433112*3334*3***3**3211*
1111*11*112333*2**2*3**4*3112*3**4*33*3334*2132
0112222123**4*23443124*6*4*22123*4222211*334*2*
12*33*101****322**2214**3*3*32123*12*32344**442
2*5**210123323*323*3*4*32234**22*212**3***43**2
2**43312110125*41213*32211*4*42*3323323***2123*
3432*3*2*223***6*201111*2335*433*3**11344210122
**212*222*3**5***2001134*3**3**33*5432**21001*1
3*32221024*6434*41002*5**4333332*3**2*34*212332
35*3*2222****23*32212***33*21*1112333112*21**2*
***312**445*5*223**224*424*42110001*10011123432
2432124**3*3*323*433*224*6**100111122100001*2*2
02*21*335*4323*5*31*322****52123*322*211122233*
13*4322*4*4*13*6*422*23*5***11**4**22*23*3*11*3
*43**223*3*334*5**112*21335333433*32233**31223*
*4*532*4455*5**5431022202*3*3**23321*2*33211*32
36**113*******4**1001*225*413*55**1113332*112*1
***4223*5**532334210112***3024***32112**4210122
2333*2*223*2001*3*2000125*301**5311*12***11111*
001*2211011100113*2000002*20123*10111123211*111
CASE #72: 
02**12**3*21*22*
14*412*33*2112*3
2**413344332222*
*4*3*4****2**221
12233**543224*20
001*2333*1114*30
002232*3221*3*31
112*2*22*11122*1
1*32322212232211
112*11*102***222
0122233324**42**
23*12**3**5*324*
**433*5*323*21*2
5**2*3*210111111
**54442100111000
3*3***10001*1000
CASE #73: 
13*2122
*4*22**
2*212*3
2342333
1***3**
1233*43
000112*
CASE #74: 
3**
***
*42
CASE #75: 
*3**12*33**2*10
25*412*3**43331
*5*301123*32**3
*5*3012344*23**
25*411****22232
*4**3245*421*10
13**4*2*3*12331
125*41213333**1
2*3*21111**5*52
*32222*124*4*4*
*201*4433*554*3
22124***3****3*
*23*4*4223**332
2*5*4122234544*
12**201**2*****
CASE #76: 
**2001**23*212*3*213*32*212*212222*4*310
3*201233*3*32*3*23*5**22*23*21**2*5***10
11101*112433*45433*4*42324*4212233**6420
123222333**23****21212*3*5**20113*44**20
3***32***4444*444310013*4***423*5*33**20
**6**33422***432**21002*4354**3**3*23320
*5*422*11234**3*65*210124*5*534333221*10
13*201112*32234***5*4212****4*3*11*12220
122210113**212*333****12*4434*4322233*21
*23*212*24*42*33245*5311111*33*2*11**3*1
12**33*323**44*4***3*1000123*33321133433
01223**32*4*3**5*544210012*22*3*1124*3**
11103*54*54224*413**31102*4223*323***532
1*212**3***202*314**3*113**32*33*4*7**31
12*233334**42333*4*43222*6*3*22*34*4**4*
134*2*11*4*3**3*34*32*13**4432212*455*42
3**23332121345*3*33*3212*4**5*2024***4*1
**411**22323**222*33*101123***423****433
4*301333***3*310112*210000125**3**6432**
4*3001*23*5422121111111212123*5*4*3*2333
**31122112**23*4*21113*4*3*2*4*23232*3*2
45*12*3213443***3*33*4**3*223*311*233*4*
**312**4*3**23*444**34*332214*4234*3*3*3
3*2125*5*333323*2**4*3223*21***2**3*343*
2211*3*3223*3*3234433*32**2134323333*4*3
*10223123*4*54*34**23*4*33323*312*12*5*3
3422*102**43**3****33*5211**4*3*22222*3*
***42202*44*5323***22**1014*633111*11232
***5*43322***10134434542124***42222102*2
**4*****123432101*2****11**5****3*1002*3
2224*6*422*12*31212245544544****4333222*
1112*422*2113*5*20013******24*53*3***222
2*212*1112223*4*2001**7*7*523*3223*5*21*
2*21222222**2233210234**4*3*212*23343343
1111*11**45422*5*202*32222321023*2**3***
001232224***22***202*31001*1001*2223*443
123*2*103*7*334*32234*2013321244310124*2
1**321103**3*2*222**5*301**22****2234**2
25*311102*4333211*55**4125*32*5434****31
*3*21*10112*2*1012**4**11**212*11****310
CASE #77: 
00001*2*2*211*112332101111111**2*21
0000113243*11112****102*32*1123322*
0012222*3*321234*443213*3*32112*111
012**4*5*3*11***211*23*333*22*32111
12*4*5**333233421013*5*32*32*3*213*
3*4313*33*3*2*222102*6*33*322313*4*
***322334*42424**1012**32*32*323*42
4***4*4**22*3*4*310013*322*22**23*2
2***4**321113*311011123*123445533*2
1233343312111111111*11*332******421
1222*2*2*2*10001*222223*3*335****31
2**323133421000224*33*33*3113*67**2
*433*311**100001*3*3**45*422*3****3
2*24**3233221112233433****4*223554*
113***3*22*2*11*33**2225***2212**21
125*63224*442223**45*313*6532*22210
1****202***4*23*43*3*3*22***4221100
2355*313*5**3*4*3335453213***11*111
1*2*33*2133322*5*4*****1025*411233*
11213*4202*3134***55453213**3102**2
00013**212*4*4**5**4*4*22**6*113*31
2211*55*1113**42223***34*6**321*210
**113**420014*311223322***45*211211
23212***21114*42*2*32224*4*3*3101*2
01*113*4*11*4**2233**4*422122*2112*
133201121112*3211*235***200024*2011
2**21001121222101123**5*21111**2122
3*5*3213*3*11*10012**54322*112222**
*23**3*4*322211112*34**2*2110002*53
122334*3222*1112*2123*5421000124**2
01*11*223*4332*21113*4**101112**56*
12322111**3**211012**532213*33*4***
1*2*32113333331212*4**212*5**322232
3332**213*21*3*2*323234*33**5*10011
**11222*3*212*2212*101**22*4*21001*
CASE #78: 
221
**2
23*
CASE #79: 
*212211***201*2**5*212**2*22*2*1000000001*
*31**4457*302233***42*32223*22111110012232
*214******301*224**3*22122*222211*1001**3*
2212*6**6*20234*4432112*4*311**3211012434*
3*445*6*52201**4**11112*5*3123**10002*4*21
******5*3*11234*4211*224*44*433210003**210
*6**5*423111*24*300112*4**4***1000003*5210
13*3323*211112**32210224**43332100113*4*10
01112*533*1001223**201*223*222*1112*22*431
22103***322211002**31111012*3*212*42123**1
**213*6*32*2*111224*21110023*3212**213*421
24*34*413*32112*434*22*2002*33*22333*4*311
02*3**324*30003****334*2113*34*31*12*312*1
011224*5**42323*4333**212*533**21233210111
011224****4***33222*55435***332212**101121
24*3**5*435*64*2*2*3******55*202*554212*3*
***323*432***533132436*6*5*5*313****32*23*
2321012**23****213*5*5*44*4**21*5*6**32232
001110122124*533*4****22**5443434*44*21*4*
111*1112222*4*33*334422344**2***33*33334**
*11222*2**335*3*222*102**33344433*3*2**3*4
2213*313332**33233*3203*5*12**44*32122223*
*22**301*2334*22**3*102*4333*****20000013*
*22**2135*4*23*4344331223**345**31112122*2
1112211****333*3*3**3*23*54*2*32212*3*2*21
11100123334*4*433*44*23***3231101*22*34331
2*3222*1002*6*5*44*3123*532*1000123322**2*
2*3**4431012**6*4**313*4*111100012**345542
12344***100123**4444*4*4210000113*43*****2
12*2*443211122433**5*42*2110001*4*212445*3
*3222*11*11*4*3*34*4*2224*421012*21001*22*
3*2011122212**423*23332*3***21111100122122
2*322211*101334*4212**2122434*2011213*312*
12*2**1111001*4**314*421212*4*412*5*4*4*32
01133310000123*5*5*3*21*3*313**35***42*3*1
1212*1000012*214**3321113*21244*****533332
*2*21100112*3223*43*10001222*2*5*66***2*3*
232111213*423*2*22*2212111*21335**4*5222*3
1*222*3*3*3*323222333*3*111212**423*31012*
35*4*5*23354*22*22**4*311001*23*3133*22232
***4**334***4*23*446*433210122212*2*22**3*
*422222****4*212*3***3***1001*101121113*31
CASE #80: 
000001***322*11**2233*212*321122212**11*2*
1121113*4**2234432***33*33**22**3*34432232
3*3*212355544***124**43*33**33**43*3**23*2
**43*11*******6432*4**212*333*4*33*324*5*3
233*2113**5***4**32433101111*333*31113*4*2
23*332123322323*54*3*20000134*12*4212*3211
**23**32*2100012**33*310001**3333**23*2122
*312**3*3*3210013*433*21113432**5432*332**
1212345444**221112**224*21**224***223*3*4*
01*33****3*4*2*1013321**434*43*6*65*43*221
134**44323243533222*1234**33**4******53322
1**54*1012*3***4**3232*3443*4*3234*****3**
24**32212*23*6*4*32*3*54**312110014**535*5
1*44*22*32213*4311113***5*301222224*53*3**
13*44*312*113**2222125*44*301**3**5*4*2222
13*3**212323*55*4**23**22*3134*44**4*32111
*4222322*3*3*3**4*4*4*52323*3*22*5*33*21*1
**1001*34*43233332335*4*3*33*2234*212*3221
22100112***22*33*22**35*423*433**332224*31
221011223322*4**22*322**32*3**4*32**33**4*
**201*4*20012*4311232223*2134*43323*4***41
3*3122**200012*1123**1011101*22**3335*6*31
112*1122100112122**32100111222134**3**44*2
012221212233*102*43211122*22*211*434*5*4*2
01*22*3*4***3212*22*33*3*23*5*2112*213*311
0124*4*3**523*33222**3*3112*6*411222132200
001**5223*312**3*11222221012***21*34*3*321
0013**2122*1235*4321002*31025**213***54**3
1122322*22111*3*3**3103**102**3214*6**4***
1*3*2112*100112134**113*5323*422*3*4333*53
34*3*112222221112*4321*4**2*22*21212*1234*
**32223*33**4*32*22*2213*32111110112223**4
3*323*3**3*5***42212*1011100111012*11*3***
224**233323*44*3*223210000112*322*32112232
1*4*533*114*434545**2101222*23**33*1111000
124*4**321**6******5*202**3324*5*4321*1000
23*4*44*113****5*423*324*6*4*6*43**1122100
**4*3*2232224*32221112**5**5***34*4112*321
**323211**1011101*100234**55**32**412*3**1
*532*22332112221211112*35*5**5435*5*424442
2**213**2002**3*1124*313***44***4*5*4*3**1
122102**2002*4*211***202*43*22323*32*23*31
CASE #81: 
2*3*3**2001***212121212*3*11*10
3*414**30013*32*2*2*3*43*322331
2*202**32212232221213**33*22**2
12322333**23*3*100002343*3*224*
13**11*3322**42101122*2*331102*
2**3112*11245*3122*4*333*100011
3*43122333*2**4*4*5**33*4312110
*3*2*3*3**323*43**4*43***3*3*21
342224*33*3112*23332*2233*3*23*
**422*4334*311123*211111213222*
****54**4***4333**32123*213*322
234***43**5*****54*2*2**21**4*3
0013**213334*55*4*22134532334**
012332101*12*33*422012***11*332
01**1000233323*33*213*432123*21
013320002**3*434*33*4*32211*22*
001*10014**42**4*33*423**111111
00123211***4224*43*3*13*4100111
0112**1124**103**224322*31012*1
13*322100245423*322**234*322*32
*3*2001223****2111*323**3**322*
1222224**4*5*420011213*4333*222
001*2***4*222*210001*223*1112*1
11234332322023*22222233*2100111
*22**1112*112*3*2**33**21001121
2*22322*3322*442224**3322111*3*
34311*22*4*44**2112*422*4*3325*
***222224**3**32*223*12*4**2*4*
*6*21*12**44332223*5443222333*2
*4211112*4*2*23*33*****2101*211
2*10000112122*3*3*34**4*1011100
CASE #82: 
01***4*22****11*211013***
123***3*24*644433*213***3
*113*44222*3****422*4*631
33124*3*1223235**3323**10
**22**5322*1013*5**112221
4*22***3*43311*4*4431001*
*2112434*4**223*22**11132
332123*33*6*42*2112323*3*
**4*3**33*6**3220002*5*41
4*5*33*33*5*42*10113*4*31
2*31112*334*332201*22322*
11100024*3*4*4*312111*111
0012211**423*4*4*42112210
222**2344*223324***201*21
**3222**335*3*12*6*4112*1
**3212222***322325**32322
45*2*101233212*4*5*5**4*3
**443323*21112*5**23*5***
24**2**3*21*223*332324*42
13*3223432123*2234*4*3221
2*32013**212*312***5*21*1
*4*102**4*23*313*6*423343
*53313*4212*5*34*523*3***
*3**23*21234***5*3*325***
1223*2111**3*5**2212*3**3
CASE #83: 
12*11*223*1012222*12*21**
2*53213**5422**3*433*324*
4***213*****3344**2*33*21
**422*3455422*2*32212*320
*42123*3**102353201122*10
23*11*3*33211***201*11221
*533344211*2235*2122112*1
***4***2112*12*311*101*32
***6**7*312234*30123233*2
35*4*****11*2**2123**4*4*
*5333443211122211**6**34*
***22*210000111014**33*32
4*43*3*112322*1113*31113*
*32*34443***3322*3342103*
*2113****444*4*312***324*
22002**6*31*3**30246*3**2
*2101224*42224*312**32332
4*200002*4*213*43*4*323*1
**42221113*44*5**2212**21
4**4**10012****4432113320
*4*4*3211013555*4**222*21
1212223*2001**3**33*3*33*
12234*4*321222222223*33*2
*3****32*4*3100001*213*31
13**42112***1000011102*20
CASE #84: 
**21*3*1
**212*32
442012*1
**200122
3*20001*
11100011
00000000
00000000
CASE #85: 
1102*21**3*2*12**4*3100
*212*323*324434*5***321
3*124*32322***4*5344**1
*223**4*3*35*44**33*532
221**6*3*3*4*32***3*3*2
*334**344435*422334343*
**4*422***2***3234**3*3
**5*412342236*6****5*3*
*44**23*2001****5*4*221
2*223*4*411233322121211
3332324**22*101221112*1
**4**33*33*3101**21*321
4*6***3222*21234*333*10
2**6543*22333**33*2*210
24***4*22*2**45*3121111
*224**31112223**422101*
11013*31000002**3**1011
001244*1111012322233210
012***321*322*21213**20
01*333*223**323*2*5**20
13232323*4322*4443**321
*2*3**13**3233***22322*
1213*312*4**2*332101*21
CASE #86: 
01****2*112*221102********101**3223*2112*10
013*422122*4*3*213*44*45*520123**3**32*2110
002220001*4*6*54*4333322**100124*323*444210
112*2101334*****5**2**21222111*433123****21
2*54*112**32445**4324*41213*224**3*24**43*1
3***212*5*311*223*113*3*3*3*32**5*33**42111
3**4335*53*123311222*444*3223*33*3*344*2111
2*44*****5321**112*22**3*202*532234*5*5*22*
12*3*55****112211*3334322212***21*5****3*21
011213*5**42111123*4**112*1136*424**6*33331
000013*44*21*23*22*4*322*2101**4*5*7*311**1
00112*3*321223**3234443*32113555*4***202342
111*3233*101*3323*4****23*21****33343201*3*
*112*12*31012*114**5*6334*3235*32*11*1012*2
1113322*32222112**44*3*3**31*32222211100122
012**112*2**1113*32*333*6*3112*22*10000012*
01*33222222212*31112*24*5*21122*322121212*3
23222*3*221224*323222*4*4222*233*33*3*3*34*
**22*3*3*2*2**32***112*3*12*5*2*4**23*312**
45*2121212234*2235432222234**3334*31234335*
**221111102*4222*2**4*202**432*4*4202****3*
*643*23*312**21*2223**313*4*112***213*53332
****33***335*4323111334*31212235*6*12*201*2
4*43*2233**5**3*3*212*3*31113**5**21223133*
*311111124*5*44*424*3122*22*3***33223*4*2*3
*411001*12*434*44*5*41023*3345*643*2***222*
*3*211222223**3**4***312*43**4****235*42121
1334*11*34*4443234*5**22**3335*64322**42*10
01**3223***3**112*334*3134*11***11*34**3321
13544*23*6443322*5*23*411*321232123*224*5*2
1***3*33*4**12*32**33**112*1111112*4312***3
1232212*3*3334*21344*32212111*11*33**213*6*
001221112223**3101**3223*421111223*5*3024**
001**20013*4**4112443*2****31102*324*213***
0024*3112**54*4*21**424455*3*324*54*421**53
012*22*23**3*23*334*4*3**3233**4*****1235*3
23*43323*4321224*5*33*324*21*34*4333223*5**
**3**2*33*1001*3***211102*32112*200012**5*4
44322212*32102232321011112*2101121101*433*3
**32110123*223*2112111*1124*31001*1012*112*
4**3*2002*5*2**33*3*11111*3**10022200111011
*533*2114**22222**312221112221013*201121100
**11111*3*31000122101**100000001**201*2*100
CASE #87: 
0112*11***22*3*32212*4*32111*21002*3213*
02*31236*42*4*4**3*33***2*123*1002**2*3*
14*302***433*24**312*5*42222*21112222232
*4*203*64**2112*321213*311*33311*10112*2
*31113**3221013333*2013*3233**223422*23*
11002*5*200001**4**3112*4*3*6*21***4333*
11102*3222221245**32*233*34**21236*6**32
1*101123*5**12**43234*3*33*33223*5***5*2
3332322****434**32*4**312*211*2**4*54*3*
**2***436*64**5*34**432011101123343*3221
2234**4*5***5*434**54*2222121102*5*6*311
112*534**444*3*2**5**23**3*2*225*****3*2
*24**24*42*44423344*533**42424***643233*
2*5*54**223***21*4*6**4433*4*5*6**2101*2
23**4**521*45*322****4**12*4**3*33*11221
2*43*5**223*33*225*743221124433221111*10
2*322*5*32*5*223*4***200001**21*10001110
12*2223*23**432*23*6*3000013*21110111011
0112*11223***2*22223*20011222111223*211*
00133201*23*54323*2122113*3*322*2**3*221
002**1012333**2*3*312*11**54**3122233*32
002*43211**34331323*32214*5***300123*3**
01334**2233*3*322*433*102*5***2002**2222
13**4*43*112*3**33**211013*6*54224*41111
*4*5*33*42011234*223210014**4***3**213*2
3*33*22**100124*3101*2111***43*33*323**2
2*21111221001***201234*324**42111112**42
2210000112233333211*2**4*34**2101112*33*
*2122113*3***212*23233*54*223*101*11113*
*31**11**54533*33*2*223**21011112210013*
*32332124**3*312*4434*5431000001*10123*3
3*32*2113*44*4113**2****100111122212**3*
3*3*22*13*54**202*335*633122*11*33*34442
*33111112***4*423222**4*2*3*3223**3*3**2
3*201110245322**3*12**4123*43*12*433*4*3
3*312*112**20123*3213*2014*4*22222*2123*
2*33*312*5*311124*3234433**4221*1222003*
12*4*303*523*11*3**2*****333*11112*2002*
1224*312*3*3223343322444222*320003*42132
*11*3*11122*11**2*1001*101*3*10002**2*2*
CASE #88: 
*2*3*31111212*2*323*21111222232212*10113**22*3332
1213*4*21*2*2233**4*33*32**5***3*31223*3*32*3****
122435*4212223*33*435**5*5***645*201**33233343432
*3***3**2111*3*3323****6*425*5**43113*21*3**3*210
24*533345*21122*3*35***4*202**45**21322114*5*3*10
*422*33***421023*3*4*422110134*3*33*4*2113*434221
**123**5*4**311*333*420111113*33222*5*33*312**21*
2334*66*324**322*12**213*33*5*43*212*3*5*3124*222
01******314***232324*22**4**4*4**411122**22*4222*
123*45*43*4*54*3*4*3223*45*6434***100012323**11*2
*32224*44*42*213*4*32*445****2*3444221113*3332111
*3*11***5*443212223*44****4322111***2*11**22*2111
233346***4***22*113*3**5*3100000123332123424*43*3
1*2****64*3322*211*33334220111122212*102*4*5**4**
234334**44310233112*34*4*212*22**3*33423*4**445*4
2**10134***101**1012****23*424*6*524***42323*3**2
3*41002*653101233322244324*5*3*4*3*3*5*3*21113*31
2*31002***212233***112*23***2212121213343*3322110
23*21112323*3***33211*3*3*421000000001**22***4321
1*44*210124*44*42001222122322110000001222235****1
13**4*101**22*3*2101*21223**2*21123221213*22*5*31
13*6*32245421133*33322*2**3333*22***3*3*3*3233321
1*3**32****3112*4***23233333*323*5*44*32334*4*3*1
22223*3355**21*34*65*3*22*5**43*3*33*212*3***3*21
*210113*5*5*2113*4**33*45***6**322*22213*65543321
3*31013***323213*54*433***6*6**202221*23****3*2*1
4**101*56422**12**32**22323*4*3101*2234*4344*2211
**31012***13*6435*423320113242211334*2**302*31111
221000235323****3**12*311*2*2*11*2**335*413*312*1
0000002*3*13**5444323**111323222123*21**5*312*321
1212223*4344*44**4*22*31012*11*32111124*4*2124*31
*3*3**333***34***4*3322001*2123**20002*33332*3*3*
2*4*55*3*4*33**4222*3*10011101*4*20002*21**323132
223*3**423112*321234*32222100123221101122322*101*
*2212223*2112233*2**23*3**32322*23*20013*31122122
2*321124*21*11**222223*56*4***422**2013***213*33*
34**22**2111123321112*4***436**1233101**523*5*3**
**322*32211001*11*11*3*5543*3*311*10136*314**334*
221123322*2102233432122**2*3323232201***33**43*31
0001*2**34*202*4***31135432*22**2*112444*3**22*20
11111224*6*413**56**32***223*3334333*4*4343312220
1*100113***3*334**5**4444*12*32*3**3**4**2*101*32
344212*55*3334*3334***3*322223*4*53446*53423123**
****13***432**23*33*5*433*22*434*4*3***4*2*2*34**
233223**6**45422*4*344*3*43*4**54*24*65*33233**54
00001*4*4*4***223*22**44*4*23****335**3*21*24*6**
111122212245644*31224*4*4*21235432***4322222**5*4
3*32*10113****4*201*434*43311*3*333334*32*11345*3
***21101*3**5*311012**212**112*3**101**3*2101**3*
CASE #89: 
112*11122*113**11*2*100
1*4321*2*212**532132200
23**23231102*5**312*100
1*33*4*2111114**4*21211
11113**44*3113*4*2101*2
11102*6****22*32110124*
1*1134***7*32*421012*3*
1122**4*4**212**223*432
111*444222210134*3**4*2
*2213**20001233*23*5*4*
2*323**30001***43213*42
12**45*52101233**2233*1
013*3****311122333**432
0133324***22*2*23*6**3*
13**2123544*222*4*5*5*3
*4*4*11*2**221225*524*3
2*34443222222*22***12*2
222****21112*33*3433221
*223544*22*212*322*2*10
*32*3*32*2110112*213331
2*323*21110111022201**1
23*122311001*101*323331
*2111*2*100111012**2*10
CASE #90: 
0112*11**112210000123**23*2
12*32123312**210002**44*3*3
*22*212*102*4*10002*4*3234*
33323*2232223211111244*11**
**2*2111**22*101*212**42133
22322112234*31012*13***202*
002*21*112**31123224*7*413*
112*21111*34*21**32**4*4*32
*23332111113*314**23332*33*
2*3**2*10125*424*423*223*32
34*3222333***3**34*5*31*22*
**42101***3433344**4*321122
3*3*1013*311*11**4332*1112*
112110133201111222*11223*53
2211233**3100011123311*5***
**12***4**21013*22**333***4
2212**3334*101**32*4**35*6*
11123211*322024*433333*3*5*
*11*210235*312*4**3*234434*
1112*112****24*54*323***2*2
1222111*4444*5*4*332*5*4211
1**111212*13*6*53*4*33*2000
24321*102233*4**22**2234210
*4*111212*3*3222113321***10
**21001*334*2011224*2234332
44322124*4*3213*3***32*11**
**2**11***3*11**32322*21122
CASE #91: 
******4*3
***7*5***
234**4243
014**412*
01****34*
01245*3**
0001*334*
122324*42
1**2*3*3*
CASE #92: 
2*2121101*2*10
*33*3*32334332
12*3*4**4**4**
022425*6****6*
02*4*3**4433**
02**3334*11243
2333*11*323*4*
**2221112*3**3
223*21111245*2
223*32*101**32
**213*542224*3
22113****113**
0012*444334*42
001*22*11***20
CASE #93: 
11101**1013*21*
1*10234322**443
11113*4**333***
1123**5*5*11243
2*2**33*532112*
*3323233**11*21
2*101*2*3222321
33212333211*2*1
**32*3*3*233322
3*3*35*522**12*
2233*3**234423*
*11*34443**3*32
1123*3**333*34*
123*34*5*213*5*
1**3*213*202*4*
CASE #94: 
111001*21124*313*4322***33322*102*4*
1*21013*33***4*4****2234****22212*4*
23*2213**4*6*54*33322112***532*22221
1*3*3*234*5*5**432112*11345**313*421
2333*211*4**6**4**21*2213*4**302***2
*2*211012*4**33*5*33222*4*56*4224*4*
2321011111234333*4*2*23*44****3*4232
2*2012*33211**3*4*433*44*3*5444**11*
2*201*4***3223*34*3*22**3212*2*43122
221012*35**1012*2121113*2112233*211*
*21111223*4311222122212111*11*22*343
*42*212*23*4*32*22**3*11121222112***
**223*3212*4**312*4*4211*212*2002342
3432*3*102344*201233*1134*12*3212*21
1**4342212**322001*2111**2112*2*212*
123**3*43*433*3333211122211233321122
002444***33*44****201*10001**4*323*2
122**34*4*22**4*5*31322001233**4**3*
*3*433*432112333322*2*2111*113*33331
3*5*34*3*21112*3*122312*232201111*21
3**5**223*21*22*321*1012*3*2012333*2
3*5**3102*211234*111100113*313***33*
*34*4210112234**321121111223*5**4*32
12*33*21101****4*23*3*34*21*3**5312*
1212*23*2123332212**55***42234**1011
*202333*21*100001355***6*5*21*322221
*323**44322221101***56*43**433201**1
24**44***12*5*312234**5*55*3**211332
*4*4*224333***3*1002**6***4333*101*1
*3132212*3*4533232224**34*3*22110111
2334*32*3*4*2*33**3*23443222*2110000
3****4*222*234**54*323***11222*10000
*****42211111****333*4*5321*12221110
24***31*210023445*3*5*43*11111*22*21
124**423*2223*22**43**4*3200023*323*
1*23*3*22*2**22*33*223*3*10001*3*12*
CASE #95: 
02**4**2002**3213**2110000112*2*333***3**1000
02**5**4103***3*3*43*100013*4233***66*4443222
01224***202*43*2212*222211***11*5****4*2**2**
22102*6*20111234211122**22244334*544*3123333*
**1124*5310012***2111*44*101**2***2211123*122
4421*5***2113*4433*2223*3101223355*4212**321*
**123**6*21*4*42*224*34*4110001*2****23*5*432
2211*33*21113*3*211***3*3*210012344533*23***2
12232111111111323134543234*31123*2*2*212235*3
*3**210002*2001*4*3**4*22***11**22233211*23*2
3*44*10124*32222**43*4*33**31122113*4*1124*31
*22*2101**32**225*422213*543223322***2102**31
122332225*32333*4*4*2123*4**2****43333323*4*1
12*3**4*4*31*34*32*33*2*24*42346**223***33332
2*5*5**23*212**2113*312223*202*4*43**333*3*3*
3**3*32122212444334*3111*21102*433*5420224*42
*43432002*21*3*****33*221111235*5*4**211*33*1
*44**2114*422*34443*33*2112*4*****424*212*432
2****32*6**11222*223*33*12*5**6*8*302*2013**2
3556*32***4201*224*312*433*5*34***31222213*5*
***3*21233*212221**4222**33*223*434*32*2*33*2
*5342311124*21*2224**3224*4212*323**3*3323*43
24*4*5*32*4*323*323***102**212*22**333*22*3**
1**4***4*23*21*4**23*432223*11113*411*33*2222
2333466*3111112*554333**224331102*31223*32211
1*11****20000123****4*532***2*10234*11*22*2*1
22324*53222101*2234*6**2223221224**3112221211
1*3*33*12**101110012**4*1111001****2012*32100
24*5*2223*3101110001344211*21013**4113*5**100
1***211*443101*222212**3122*10025*423***53200
23421123***10123**3*33*4*3211013**3**34*4*100
2*2001*23*43111*433*2224**33211**3223222*2100
3*31222112*2*124*21122*224***21221001*1233111
*23*3*210223111**3112*2225*7*41212112222**11*
123*33*422*221334*23*433***5*4*3*2*22*23*5332
12*212***22*4*4*333**4**5**32*3*3424*54*3**2*
2*4202342234***4*3*423*5*5422234*3*4***332221
3**222*222**454*35*41125**3*12*4*32*333*21000
2*5*3*5*4*44*4*43***212***4233*423332123*1000
223*33***4*33**4*44*21*5*33*4*32*2**33*332111
*32324***534*534*423344*334*4*223433**4*4*22*
*4*3*4*54**4**34*4*2***33**54211**224*65**43*
*314*42*234*33**3*233422*5***10246*33*****5*4
2214*42333*321223344*2012*343212***4*7**43***
*11**3*2**3*10001****2001111*11*3323***3113*3
CASE #96: 
*111213*22*32323*310002****22**1012*1
222*2*3*22*4***4**43223*6533*54222*21
2*313354444*3334*****4*5**12**2*2*320
2*201******3211*3346*5*5*311223232*10
343113554323*211102**43*2222223*22210
***112**1002*201123*4*2112**3**33*111
*7422*5320022201*4*3334223*45*43*543*
***24*6*3122*2224**42***4*33**22****3
233*5***6*5*5*3*5**5*5*4**33*31124**3
2344********5*42***5*413343*33322234*
****5**55*434*324*55*202*3*23***4*23*
*66*534*3211*33*22**2102*3113*6*4*33*
*3**4*22*10235*32233211232102*31223*2
3555*3232202***32*12*33*4*31211124*31
****44*3*313*544*312**4*5*3*1112***31
3*54**23*3*33*3**3013*32*22122*23443*
112*3333233*33*5*421111222113*322*2*3
122211**12*5*54*4**20001*22*4*31*234*
*4*2012323*5***4*6*5222322*35*32232**
*6*30001*323*434*6***3**444*3*32*3*42
*4*432112*22322*3***4*4****3434*45*31
233***21233*2*2122322133434*3**5**22*
2*236*31*2*332101221012*113*44*5*5343
*212**532212*1012**311*212*6*313*4***
1213****10022201*5**111102***2124*432
01*345*53113*31125*410123345421*3*211
023*3*3**12***212**3112***3**3334322*
12*3*333323*422*4443*12*534*5**3**13*
2*2323*23*322224**3*31124*44*5*54312*
*222*322**32*3*4*43*3111***4*43**1122
222*4*11233*3*35*3123*344434*22*433*2
1*33*21113*322*4*301*4***21*22333**3*
112*4434*5*31236*4112*5**53222**33321
1224******4*43****1023*4***33*422*100
*2*4**7*645***3343212*334**4**3112321
122*34**5**432212*11*45*324*54*101**2
001112**4**2001*21112***202**211013*2
CASE #97: 
01***22*1113*32*211***1001*3*4211**3**22*1
123323*422*5*3*4*22232100114***334*4323*53
2*4212**13**223*5*2001121102****2*3*102***
4***333212*3103*6*4111*2*1124*422132313342
***4**112333213*7*4*2222122*2233323*4*2*10
23223321**3**33***544*2213*322****5**23220
23211*1135*7**3444***3*3*3*33*44*5**421*10
***123312****4*3*445445*322*4*3335*6*33231
35432**12**63313*4**4***3012*22**6*5**4*3*
2**4*53113*4*20236**4*5*31111113***324**42
*33***211114*522***432334*201122444212*32*
1112333*1114***2355*11*3**213*3*3*4*232333
001222*212*4*5311**4322*4322**414**6*4*2**
111**44312*44*31235**3233*12**323*****2222
*2233***433*3**11*4**3*3*21135*3*5*6532000
24*4345***533343324*443*32101**635**3*3110
*4***4*45***12**2*33*3*33*2224***4*34*4*10
14*64**22**633*4434*5*4*34*4*33**4323*3221
02**432124***313**5*4*312**6*3124*3*2222*1
123**1113*45*302***32110123**2113*3122*322
*112333*5*43*2125**212221113332*32112*23*3
11113**5***3212*4*422**2*211*2*3*334*312**
112*4*5**43*102*422*33222*3322122****20122
1*213*3332234223*212*21123**4321235*322210
11112211*23***23*32223*22*5****12*4222**32
0001*32223**545*4*3*33*44*34**423*4*13*6**
00013**22*333***314**44**322**22*5*312**5*
11002*43*212*432114*5**33*333323*4*2025*63
*10012*44434*20112**334322**22*2121112****
2200023*****3333*33311**22454*2100013*55**
*10001*46*522***44*2024*22***4200002**3*4*
22111212**30135**5*322*212*6**221102*33242
1*12*2013*3111*5**3*2*322223*6*4*212221*2*
2212*310223*333*3221212*2*223***3*22*22121
*1024*312*22**2110011111213*33*544*32*2111
1212**5*422122222223*210124*212**5*223*11*
01*24*6*4*11222**3**4*113**31014**421*2122
12123**3*323**45*334*323***30113***111101*
*212*53223*4*6**323*43*5*6*201*33421001121
2*13**323*3*3**44*4*4*3**3111222*101112*42
1113**3**2213332**32*33332101*233312*34***
0002*32221001*11221112*11*1012*2**12**3**3
CASE #98: 
1*211111*112210012**11111****3334*3*3*323222*222
23*22*11222**2012*3212*2124*5*****313*3***2*33**
1*4*53201*24*302*31013*32233*443432022323234*543
235***224444*323*3112*43**2*3*112*322*33212****2
2**4422*****3*2*33*12**222212112*4**33***12*543*
*44*11235*644333*211133201232103*5322*554345*222
2*3211*23*3**2*3321112*212***212**1012**3****42*
34*21112*332333*3*21*212*2244*12331012334*66**21
**4*21012*112*335*3333111212*333*2223*22*5**4431
*4*4*1013321*33**4*4**2123*434**33**4*44*5*43**2
123*3113**2344*324*6**32**3**4*42*334*3**412*55*
002*323**43***2113*4*4*3333344*32322*333*3133**3
0023*3**4*34*3101*442335*21*3*33*2*33*2212*4*6*2
112*4*6543*3331023**22***212*3*3223*43*2112***32
2*424****322**101*543*554212343*213*5*5*2023422*
2*3*34**5*11332012**34**2*22**32*13*5*4*322*2121
11223*33*2101*210245*3*3212*5*42234*4354*2*23*31
1112*311110135*324**332100113**23**22***32112*3*
1*23*3100002***3***42*1000012445**31246*42113342
13*33*200113*4335**322211101*2***5333**4**11**3*
02*44*3233*2111*4**32*12*2012335*5***45*53335*42
023**33***3321124*5*5433*2013*34**3433**3*3**3*1
02*533*4545**312*34****32212**5**421*443225*5443
13*3*34*3****6*54*33333*11*346**6*212**102**4***
*2122*3*5555*****4*322232323****4*42222114*54*5*
11001245***345444*4**3*2*4*3233223**32111***4232
122212***522**23*5*5*5232**2012212***3*2235**22*
2**4*45**201223***44*4*3333101**21344*3*22*44*21
*5*5**4*4321002*5*4*44**2*10024*313*42334*3*2221
*313*5*54**21112323*4*44332112*34*6**21**44211*1
231213***554*211*123*3*3*2*22*33*****2124**22232
*3*212233***5*33222*222*222*334*555432113*4*3*5*
2*23*421136**4**32*221211124*3**3**23*32*3313***
2223***212**34**3*222*1001*3*322223*5**33*31235*
1*12*544*33323*43323*321111211011124***22**34*31
112222**3*11*334*4*4*33*21111111*33**433445***31
002*3222222212**4**43*4*53*22*123**5322***3*65*1
002**20012*2123*5543*45***33*211*4**22*45432**32
0136*4122*44*235***34**4322*21011234*433**12332*
02***3*3*4**43***54*3**200112233211*3**33334*211
02**3214*44**44422*2233311001****111234*23***200
01333113*32*5**1122112*3*1001344321012*5*4*42100
001*2*24*4214*522*101*4*310124*22*322*3**4111110
2332213***102*4*2110113*3112***44**2*223*3102*20
***2113*643233*2100011212*13*65**53211012*223*31
3*4*12*6**2**21100012*101224**3***10000012*2*34*
123212***32221012222*43102*6*5323211121212233*4*
01*1012321000001**2*3**102****100001*2*2*11*213*
CASE #99: 
2222*101*10113****3
**2*21011101*4*****
2221111101122*334**
122112*101*11110133
2**11*221322122101*
*3211111*2*22**3132
22000001122*24*4*2*
*2000001112223*5231
*2111112*11*23*4*20
222*22*33434*423*42
2*23*434***4**223**
*212*4**5**323*12**
22112*335*52122114*
2*201112***12*4213*
4*412223**423***23*
**4*4**2222*2234*42
333*5*4210112112*3*
*112*23*20002*21232
1101112*20002*201*1
CASE #100: 
12**3*2*32
2*44*345**
*6*313***5
***323****
455*3*5*42
**4*55*531
4*44*****3
*3*3*55***
122322*332
001*111100
