CASE #1: 0 3 4 3 4 5 1 5 6 4 0 6 1 7 8 0 3 5 7 1 5 4 8 3 0 2 3 8 8 2 4 6 1 4 3 2 2 6 4 7 7 6 4 1 2 2 2 4 7 6 8 4 3 2 5 0 6 1 6 6 2 7 1 2 7 0 7 2 0 1 7 2 0 2 1 5 7 1 1 5 5 7 8 5 4 5 
CASE #2: 4 0 1 0 1 5 7 2 1 0 1 1 6 5 2 2 5 1 4 6 1 3 0 0 7 3 4 0 2 6 1 8 6 4 3 3 5 5 6 6 8 7 4 4 4 8 7 5 4 5 2 6 5 
CASE #3: 3 8 2 6 4 6 6 7 8 0 6 3 5 1 6 4 4 7 6 0 1 7 2 4 2 7 0 6 2 5 8 3 2 3 0 8 0 4 5 4 3 3 4 6 
CASE #4: 2 3 4 7 1 7 0 5 0 2 4 6 7 7 7 6 7 5 1 8 2 0 2 7 0 0 8 7 7 3 4 4 3 5 5 8 8 8 7 2 0 
CASE #5: 
CASE #6: 0 8 8 4 4 3 2 4 4 4 6 4 2 2 1 6 3 2 4 4 6 5 7 3 4 6 4 4 3 0 4 5 8 1 6 2 0 2 1 8 5 3 0 2 5 5 3 4 5 4 0 5 8 7 8 1 1 0 0 0 1 4 7 1 6 0 7 0 5 3 2 2 6 5 1 5 0 7 6 1 4 2 2 6 4 
CASE #7: 4 5 3 5 0 4 1 5 0 2 3 1 1 2 3 2 7 3 3 1 7 7 5 4 8 5 8 4 4 3 5 7 7 1 2 3 3 6 3 8 4 1 6 5 7 0 0 4 5 4 7 4 4 1 7 5 4 7 6 6 7 3 6 8 3 8 1 7 0 1 4 3 4 7 6 6 0 3 8 4 8 1 
CASE #8: 0 1 8 8 5 0 5 6 6 1 4 1 5 6 7 8 0 2 4 6 0 6 6 0 5 6 3 6 7 1 8 2 5 8 4 1 5 4 2 8 5 8 3 2 2 1 
CASE #9: 0 8 0 6 5 2 0 3 1 4 4 7 3 4 7 3 3 6 5 5 7 6 7 7 5 7 1 2 4 4 0 8 0 8 7 4 7 1 8 8 5 6 3 1 5 0 2 4 6 5 
CASE #10: 5 8 8 4 7 5 4 7 8 6 0 6 1 1 8 2 1 7 5 4 3 0 4 3 8 3 2 2 3 7 0 8 5 5 8 5 1 4 0 0 5 6 2 2 2 5 7 6 4 8 4 3 4 1 0 0 1 7 4 3 4 8 0 5 7 7 3 4 7 1 1 6 3 4 0 6 4 8 2 3 0 3 4 2 7 7 6 1 8 5 0 6 1 6 0 8 
CASE #11: 5 7 1 3 3 0 1 5 0 1 8 6 6 0 
CASE #12: 5 3 0 7 7 2 3 7 4 4 2 4 6 2 3 6 0 2 3 4 7 3 7 5 2 5 2 3 4 6 8 8 5 2 4 4 5 7 1 7 7 0 8 1 5 4 1 2 1 3 3 0 4 7 2 7 8 2 0 7 3 0 2 8 8 6 0 6 4 7 6 4 1 1 0 5 5 2 7 0 8 7 7 5 2 3 6 0 6 8 
CASE #13: 4 1 1 6 8 6 1 5 3 5 5 3 8 4 6 1 8 1 1 0 7 8 3 7 2 8 0 0 6 6 5 3 7 4 2 4 
CASE #14: 7 7 5 4 2 5 7 4 3 6 7 8 2 0 7 5 1 7 8 4 1 8 7 6 2 3 7 5 8 3 1 5 8 5 7 8 5 0 4 1 3 1 2 2 0 5 2 4 7 2 3 5 1 4 
CASE #15: 7 4 3 6 0 0 8 8 8 0 2 8 3 1 6 2 8 7 7 5 0 7 6 4 0 4 4 0 3 6 8 1 0 7 7 3 1 2 2 4 5 7 2 5 8 5 2 4 2 
CASE #16: 3 3 4 4 2 8 4 0 6 3 1 6 7 3 4 7 6 1 7 2 0 4 1 2 5 1 7 6 7 5 8 5 5 8 3 3 0 2 8 4 4 4 6 7 1 0 6 1 1 0 6 6 5 2 1 4 1 3 0 2 8 1 7 8 8 6 6 4 5 6 5 6 5 2 5 8 8 4 6 3 6 6 8 4 
CASE #17: 6 1 3 0 5 4 0 8 0 2 8 5 5 
CASE #18: 8 0 1 8 5 5 4 2 2 5 1 5 3 8 5 1 7 4 8 6 0 6 2 1 1 7 7 8 0 4 0 5 0 4 4 3 5 2 5 
CASE #19: 5 4 7 8 4 8 8 1 3 6 1 8 7 3 0 2 6 2 7 4 4 2 8 6 7 7 6 0 7 0 1 8 
CASE #20: 8 7 6 5 7 4 4 2 7 6 8 7 
CASE #21: 2 1 2 3 5 4 8 1 8 1 4 2 4 1 2 1 2 7 0 1 5 6 5 7 0 7 7 6 5 1 5 6 7 3 5 0 0 5 5 1 8 4 1 0 8 2 6 3 3 6 7 2 1 6 0 2 4 1 6 6 3 2 
CASE #22: 2 2 7 7 0 5 3 1 1 4 1 3 4 5 5 1 1 5 6 4 6 6 8 0 1 8 1 1 4 4 5 1 6 2 4 7 2 1 4 6 2 4 4 4 1 5 8 0 1 8 2 7 
CASE #23: 5 5 7 6 5 8 4 2 7 2 5 7 2 3 3 1 3 8 6 8 7 7 7 0 4 5 1 0 3 0 0 7 2 4 3 2 0 2 1 6 1 6 8 7 4 0 1 6 0 0 1 2 3 8 7 1 5 3 0 1 4 7 1 1 4 8 
CASE #24: 3 0 7 8 5 5 0 3 2 5 4 4 0 2 2 2 5 5 4 2 8 3 3 7 5 6 8 5 1 4 8 5 6 7 8 2 3 4 5 5 7 7 7 6 3 5 8 7 3 4 2 3 3 4 3 5 6 4 3 8 2 6 6 1 3 8 2 1 3 2 0 6 2 6 6 0 4 1 1 1 
CASE #25: 0 5 
CASE #26: 3 7 5 5 8 4 7 4 0 6 2 3 2 5 6 3 1 0 4 2 2 2 0 2 6 1 2 1 0 0 1 1 5 4 7 4 1 1 8 4 2 0 6 0 6 7 2 5 3 8 4 3 2 
CASE #27: 3 1 7 0 6 0 2 7 7 1 6 8 6 1 3 4 5 2 3 0 1 6 4 4 0 1 1 4 1 8 2 6 3 0 4 6 1 4 1 0 2 0 2 6 4 8 5 8 7 6 3 0 1 8 5 6 3 6 4 3 8 7 1 7 6 8 3 0 1 7 0 0 3 2 5 2 0 1 6 1 4 2 3 2 4 
CASE #28: 0 3 1 6 1 1 2 0 3 6 4 0 1 3 1 8 8 7 2 3 5 1 1 0 4 8 2 2 5 0 3 8 0 1 4 3 3 2 1 2 6 7 6 0 2 
CASE #29: 8 4 2 2 2 4 
CASE #30: 2 1 6 4 1 5 1 4 2 7 1 8 8 7 3 1 1 2 7 4 8 0 6 8 2 8 7 3 2 7 7 1 6 8 4 1 0 3 1 6 4 8 5 0 3 3 5 1 7 8 2 3 4 2 7 4 8 0 0 8 2 0 5 6 8 8 1 8 3 2 
CASE #31: 4 6 0 1 6 7 4 8 7 6 7 4 2 4 1 6 2 4 8 1 8 5 7 2 0 4 0 4 0 0 5 2 3 8 3 4 7 3 8 0 6 4 1 0 1 5 1 2 3 7 1 5 7 2 5 0 8 5 7 5 1 7 4 7 5 5 4 2 7 1 6 4 1 7 3 1 8 3 1 8 1 4 0 2 6 4 4 4 0 5 6 
CASE #32: 7 2 0 4 3 4 7 2 2 4 6 8 6 1 7 1 4 1 8 5 3 5 1 0 0 
CASE #33: 2 8 7 5 7 4 6 6 4 4 8 0 1 5 8 8 6 3 8 6 0 4 6 8 2 5 5 2 5 8 1 0 7 7 1 5 2 4 3 0 4 0 4 5 0 7 0 0 7 8 6 2 2 6 1 4 3 0 7 2 2 6 4 5 3 7 4 3 0 4 0 3 4 0 0 8 2 3 5 3 6 1 4 2 3 6 8 7 6 0 3 7 5 8 3 2 8 3 7 
CASE #34: 1 5 5 5 0 2 0 0 6 8 7 1 5 5 3 4 7 0 4 2 2 2 7 3 5 2 4 1 1 5 3 0 2 1 3 6 5 0 6 8 7 3 0 4 4 5 8 5 4 7 0 8 6 7 7 3 7 6 8 4 6 5 0 5 4 4 2 0 2 1 7 4 0 3 6 2 7 3 5 7 7 2 8 
CASE #35: 8 1 8 6 0 7 0 2 2 1 6 5 4 4 5 1 1 5 3 7 6 0 2 0 8 3 8 6 3 6 6 3 4 0 5 8 2 3 2 0 2 7 6 2 6 4 6 5 5 1 2 0 0 5 7 4 7 6 8 1 2 1 0 6 5 8 3 4 4 0 5 4 4 0 
CASE #36: 6 4 0 2 8 0 0 8 1 1 
CASE #37: 6 6 8 0 8 8 8 6 3 3 6 0 1 6 4 6 6 4 3 2 8 3 4 6 8 7 0 8 5 8 1 1 6 5 8 0 7 2 6 3 3 2 2 3 3 3 6 1 4 3 5 1 0 6 1 2 2 5 7 6 6 0 8 7 4 0 
CASE #38: 3 1 6 7 2 8 4 4 0 0 
CASE #39: 6 2 8 6 1 2 6 3 4 1 7 4 2 1 3 6 7 0 8 4 8 0 1 5 3 8 8 3 1 0 4 0 2 7 6 6 6 8 8 0 4 4 1 6 3 8 0 0 8 7 2 2 3 4 4 2 5 8 2 0 5 8 8 0 2 8 1 1 4 5 0 5 2 3 4 5 2 6 6 7 8 4 3 1 7 4 7 8 6 5 1 8 1 7 3 7 
CASE #40: 0 1 1 2 0 5 7 2 3 6 7 2 3 2 0 1 6 8 3 6 4 6 2 6 3 6 2 4 5 4 3 4 3 4 4 8 2 1 2 2 3 5 3 8 8 8 0 2 1 8 1 3 3 1 8 2 8 4 6 8 6 8 5 4 5 6 2 8 3 0 5 6 8 5 6 5 5 5 8 0 0 7 4 8 
CASE #41: 0 3 8 0 4 5 2 2 7 
CASE #42: 3 4 3 6 0 0 2 5 7 1 8 2 5 0 8 2 0 3 5 8 5 0 2 8 1 6 8 4 7 4 4 1 6 8 8 6 4 8 6 2 7 8 3 8 2 5 4 4 2 5 7 6 1 3 3 7 2 8 1 5 2 0 6 4 7 2 8 5 3 8 6 6 0 2 0 0 1 0 8 2 7 6 8 2 7 6 7 7 2 5 4 0 5 4 2 0 
CASE #43: 0 7 2 4 7 8 6 8 4 5 3 3 3 8 4 8 5 0 2 5 1 8 7 7 2 2 2 6 0 6 4 6 5 3 7 3 6 1 3 5 2 3 1 2 2 6 2 7 3 0 4 1 0 4 2 2 5 6 8 3 1 8 3 7 2 8 4 8 3 8 1 3 8 7 5 0 2 
CASE #44: 7 2 0 7 0 6 5 5 7 5 8 3 2 6 6 4 3 6 3 6 7 4 8 8 6 8 1 1 1 7 7 8 4 3 1 0 2 5 6 6 4 1 7 3 3 0 4 1 2 2 1 3 0 4 8 3 8 7 1 2 0 5 1 4 4 0 0 7 8 1 0 2 5 5 8 1 4 3 0 6 5 7 7 5 3 6 
CASE #45: 8 8 6 3 5 8 7 3 5 2 0 5 0 5 5 0 8 5 5 2 2 5 1 1 1 6 6 7 5 1 4 7 7 6 7 5 8 6 2 3 4 8 6 2 6 7 3 8 7 0 8 8 5 3 4 7 7 8 7 5 7 6 8 2 7 7 1 3 7 3 8 4 4 4 5 0 6 6 4 4 0 
CASE #46: 5 1 3 1 2 2 8 7 7 1 6 2 0 5 5 2 5 4 1 7 7 3 5 2 8 3 3 7 7 3 2 5 2 0 0 2 7 7 8 1 5 2 7 7 7 2 5 8 2 8 1 8 2 4 2 0 1 0 5 0 6 5 7 4 2 6 2 3 2 8 7 0 3 
CASE #47: 7 3 2 7 3 5 5 0 0 4 6 5 6 8 4 3 7 2 0 3 0 6 2 1 8 4 1 5 1 6 1 8 8 0 7 4 4 6 3 1 1 5 6 2 7 3 4 8 3 3 5 6 8 8 2 4 6 5 8 8 3 3 6 8 5 5 4 4 5 1 3 0 8 7 5 
CASE #48: 7 3 2 6 2 8 1 3 1 6 5 6 3 4 5 6 0 1 2 3 1 7 6 6 5 8 3 5 1 2 8 2 6 7 5 5 4 4 4 2 5 7 0 7 3 6 0 1 1 3 5 2 2 7 1 5 2 3 8 4 1 2 7 6 3 0 5 1 2 0 2 6 5 2 5 1 2 4 0 3 4 3 
CASE #49: 2 2 8 2 7 0 1 8 3 0 2 0 2 1 1 8 7 1 1 3 0 5 4 6 3 4 3 3 7 8 4 6 2 0 0 7 2 0 2 7 2 1 0 2 3 1 8 0 7 4 3 6 1 0 0 0 5 7 5 8 2 7 2 3 8 4 6 3 3 3 1 4 8 7 3 0 7 6 
CASE #50: 3 0 8 2 6 2 0 8 2 5 2 4 1 3 0 2 0 4 7 8 4 2 8 1 2 6 1 8 5 7 1 6 2 3 8 3 3 8 8 7 5 5 7 1 5 
CASE #51: 0 1 8 8 6 3 0 3 7 4 3 8 4 5 4 4 2 4 8 5 7 
CASE #52: 7 3 7 5 0 0 1 3 5 1 4 
CASE #53: 5 6 3 1 2 6 8 0 3 2 4 3 4 5 3 3 4 4 0 8 8 8 0 0 3 2 3 
CASE #54: 8 2 2 2 7 6 0 0 3 5 5 6 5 4 5 3 5 0 4 4 2 0 6 2 0 4 7 4 1 4 3 6 4 6 2 0 3 3 8 4 2 8 6 8 7 3 6 7 1 6 1 3 3 8 1 7 8 4 1 6 5 
CASE #55: 2 6 2 7 3 4 0 7 4 2 0 6 0 6 8 8 6 0 0 1 6 0 1 5 0 7 4 0 1 8 7 7 5 0 3 3 0 0 6 5 6 8 4 5 1 7 0 6 3 4 1 0 
CASE #56: 4 7 4 3 3 0 2 3 1 3 0 6 1 0 3 4 8 6 5 8 0 3 8 4 7 6 7 2 3 0 0 6 0 7 6 8 2 7 8 7 3 7 
CASE #57: 2 1 1 0 0 7 2 5 4 2 5 5 5 0 4 5 6 5 2 0 6 8 6 
CASE #58: 6 6 6 3 8 6 1 1 4 1 7 3 1 8 1 0 6 2 5 7 6 0 1 6 4 7 0 7 1 2 1 7 7 8 5 6 3 4 
CASE #59: 4 4 1 4 4 7 3 1 6 2 2 8 7 8 6 3 2 2 1 6 7 6 2 4 4 6 3 3 8 4 6 6 5 3 2 3 5 2 0 8 7 8 1 6 0 8 5 4 0 3 7 5 8 3 5 5 5 4 2 8 4 2 0 5 0 2 0 2 1 8 8 6 6 8 4 8 3 7 3 3 1 1 8 8 3 1 5 
CASE #60: 8 4 7 2 6 8 6 0 1 1 3 4 1 1 0 4 5 0 6 7 5 1 2 2 4 7 0 3 4 7 5 5 8 7 3 0 2 4 5 
CASE #61: 2 2 2 4 7 1 3 1 1 0 6 8 0 2 4 8 1 7 7 1 4 4 5 3 6 8 2 0 6 3 0 0 2 0 5 1 1 7 0 1 8 8 3 5 7 3 7 1 6 3 8 0 4 1 5 5 7 1 1 4 4 1 7 1 1 2 7 8 3 7 7 1 0 1 6 5 2 0 0 1 8 2 3 5 5 
CASE #62: 0 8 7 7 0 3 6 0 0 6 0 0 8 5 8 8 1 2 3 8 0 3 6 5 1 8 0 2 3 3 3 3 3 3 1 5 8 4 7 4 1 5 4 3 3 7 1 4 3 7 7 0 7 5 1 8 2 4 7 7 0 1 1 8 3 4 6 5 
CASE #63: 3 3 6 6 1 2 6 7 5 8 3 8 4 6 8 5 4 6 1 3 8 1 0 8 2 7 1 4 6 1 4 5 3 1 1 6 7 8 3 7 2 7 7 7 6 7 2 8 5 5 8 3 5 3 7 6 5 8 6 6 4 1 0 2 5 8 4 1 5 4 2 6 1 0 6 1 
CASE #64: 5 2 5 5 5 2 4 2 1 1 3 7 3 7 1 1 6 0 1 8 5 6 7 8 
CASE #65: 2 2 8 5 8 8 2 6 4 4 3 4 4 8 6 4 6 7 1 1 0 6 5 7 7 5 8 
CASE #66: 8 2 6 0 2 
CASE #67: 3 0 
CASE #68: 4 7 6 3 8 2 7 5 2 8 2 8 7 1 8 4 8 8 7 2 5 5 2 2 3 7 6 6 0 2 3 5 3 7 1 8 2 2 0 2 1 1 8 8 5 5 0 7 6 5 4 1 4 8 0 2 5 4 5 6 7 3 5 6 2 5 7 7 2 2 4 7 0 3 0 
CASE #69: 5 0 6 5 4 8 6 2 1 0 8 0 7 0 7 0 2 3 2 0 0 3 1 5 1 4 8 4 6 7 1 5 6 3 2 1 7 0 8 6 3 7 8 4 8 8 6 3 5 6 1 5 4 7 4 8 6 5 0 1 0 3 0 7 6 3 6 2 2 8 7 4 6 4 4 
CASE #70: 2 3 4 2 2 5 4 7 2 1 1 5 6 1 6 1 0 1 4 4 3 3 2 1 1 3 8 8 7 2 2 4 0 8 3 5 6 2 5 3 6 7 6 5 8 0 2 6 8 7 7 3 8 4 0 8 3 4 1 3 2 7 4 0 5 0 8 1 3 7 2 0 1 6 1 3 0 8 4 7 8 0 4 1 2 7 0 4 7 5 3 5 8 5 3 6 5 
CASE #71: 3 7 2 5 2 0 5 3 2 3 3 3 0 3 3 1 7 0 2 6 5 0 1 4 7 
CASE #72: 5 0 5 5 2 4 6 8 4 0 1 8 
CASE #73: 0 5 0 0 1 0 4 1 8 6 4 6 7 2 6 3 3 4 2 3 7 3 2 3 0 6 4 1 0 1 2 8 7 0 8 0 8 4 7 4 2 1 7 2 2 2 0 4 7 5 4 5 6 2 0 8 1 3 0 6 5 2 2 5 2 7 
CASE #74: 7 3 5 2 6 6 
CASE #75: 2 4 3 5 0 7 3 1 7 6 
CASE #76: 4 6 4 7 8 4 8 2 1 2 6 1 
CASE #77: 6 7 2 7 2 2 4 0 2 7 1 1 4 4 8 0 4 4 8 
CASE #78: 3 2 7 4 4 6 0 7 5 0 1 2 3 0 1 4 7 2 7 1 6 3 7 2 6 1 4 7 6 0 8 3 3 3 4 8 6 8 1 5 2 1 8 8 6 6 6 2 7 4 1 7 2 0 7 
CASE #79: 8 3 8 5 1 3 3 2 1 4 8 0 3 2 4 8 2 
CASE #80: 7 0 3 4 8 1 8 8 4 7 0 0 3 1 6 1 6 8 8 3 3 3 2 0 0 8 4 4 
CASE #81: 5 
CASE #82: 4 5 0 6 0 8 2 4 7 8 3 7 3 7 7 8 5 4 6 2 1 7 8 5 0 3 5 1 6 7 2 1 5 6 2 4 8 6 0 0 6 5 0 4 4 6 6 1 0 3 3 0 3 0 5 4 2 7 8 5 0 6 6 5 7 7 0 4 1 0 1 0 6 
CASE #83: 5 0 5 3 0 2 6 3 4 4 6 7 0 8 6 3 7 8 0 3 7 1 1 7 4 1 2 5 0 8 4 0 2 1 1 2 7 5 6 1 1 2 4 0 3 4 8 2 4 5 6 4 4 8 5 5 5 5 6 0 7 8 2 1 0 4 1 4 6 1 8 4 5 2 8 6 5 7 5 7 1 4 8 
CASE #84: 5 8 3 5 8 1 
CASE #85: 6 0 6 8 7 1 5 6 8 7 0 5 1 3 8 2 3 7 5 8 0 5 3 2 8 5 4 6 3 3 0 6 6 0 7 0 3 5 1 6 4 7 1 8 5 0 6 5 5 6 8 6 2 7 
CASE #86: 6 3 3 0 3 4 3 2 8 7 4 8 5 6 2 6 
CASE #87: 8 0 8 7 0 5 3 7 1 1 3 2 8 3 5 4 4 5 8 3 1 3 0 8 3 8 0 7 0 8 5 7 3 4 1 1 3 4 3 7 6 0 4 2 6 5 5 6 5 6 2 3 0 7 2 6 3 0 5 4 6 3 1 1 7 0 8 8 0 4 7 1 6 8 0 4 5 7 2 2 3 6 5 8 6 1 1 2 7 6 8 0 1 
CASE #88: 2 5 6 1 4 2 7 3 4 5 5 8 
CASE #89: 7 6 8 4 1 7 5 6 4 8 5 3 3 4 7 5 0 3 6 1 2 6 5 2 2 6 8 8 3 
CASE #90: 3 3 4 7 6 7 7 7 4 1 1 2 1 2 3 7 
CASE #91: 4 0 2 0 2 5 6 0 3 1 2 1 7 8 7 0 1 3 3 8 5 4 2 8 3 6 6 6 5 3 8 0 1 5 7 0 1 8 2 2 0 5 6 1 3 3 0 7 8 0 0 0 6 6 2 7 1 2 5 5 8 6 4 4 1 0 2 2 7 7 2 7 5 8 4 0 6 7 5 2 1 1 3 3 3 2 3 5 3 4 0 7 
CASE #92: 2 5 5 8 6 2 1 0 5 4 8 1 0 5 3 6 1 7 6 5 6 7 7 8 4 1 7 3 2 3 6 4 1 5 7 6 0 6 0 8 8 6 6 2 7 1 2 0 6 7 7 3 8 6 5 5 2 8 4 4 7 7 2 4 3 4 1 8 2 1 
CASE #93: 3 7 4 6 3 5 3 1 5 1 2 5 8 2 1 8 6 8 5 2 8 8 6 6 3 6 3 5 0 4 
CASE #94: 6 4 5 7 7 3 5 0 1 3 2 0 8 8 8 4 5 0 7 0 7 0 5 7 7 2 
CASE #95: 7 1 8 8 0 8 4 0 2 2 8 8 4 0 2 4 0 7 1 0 1 3 5 5 6 2 0 0 5 0 8 4 5 5 3 7 5 3 2 0 1 4 7 2 1 5 8 8 5 8 6 8 8 5 6 2 8 5 0 7 3 
CASE #96: 5 4 4 8 0 3 2 8 5 4 6 0 5 1 1 6 0 3 5 8 2 8 2 2 1 0 0 7 2 0 4 7 8 4 0 6 1 6 1 4 1 7 8 1 4 8 7 8 5 5 5 6 8 2 0 8 3 3 5 4 6 2 1 7 3 4 2 3 0 1 1 7 8 4 4 4 1 4 0 3 5 2 2 5 0 7 2 1 6 0 
CASE #97: 6 6 0 8 2 5 7 7 8 6 0 5 1 0 8 2 3 8 6 1 5 4 8 2 1 1 4 8 0 2 7 5 2 8 0 0 5 3 1 1 5 6 0 1 8 4 6 0 7 5 6 8 4 3 5 
CASE #98: 1 7 7 6 2 0 0 6 0 7 7 2 3 1 1 3 8 7 3 0 1 2 6 8 3 8 5 2 2 8 0 8 1 3 0 1 0 0 4 8 7 6 8 3 0 8 6 1 5 2 1 8 1 3 1 5 4 1 4 3 3 6 8 1 5 3 5 2 3 
CASE #99: 8 7 2 4 5 2 8 8 4 1 6 6 8 6 2 1 4 7 2 1 0 0 1 8 6 1 3 6 4 6 6 8 3 3 0 2 3 2 1 6 3 7 2 6 7 7 0 3 2 1 2 3 1 3 1 6 3 3 8 1 0 0 6 8 0 2 8 0 0 6 4 2 3 2 5 3 3 2 6 8 4 7 0 2 3 6 0 2 4 3 3 3 4 3 6 7 4 6 2 
CASE #100: 5 3 3 1 4 8 5 8 1 4 1 8 1 3 5 4 3 8 8 5 1 6 7 6 7 8 4 2 0 6 4 2 5 3 3 2 
